[2024-12-13 18:26:55,909] [INFO] [real_accelerator.py:219:get_accelerator] Setting ds_accelerator to cuda (auto detect)
[2024-12-13 18:26:55,919] [INFO] [real_accelerator.py:219:get_accelerator] Setting ds_accelerator to cuda (auto detect)
[2024-12-13 18:26:55,919] [INFO] [real_accelerator.py:219:get_accelerator] Setting ds_accelerator to cuda (auto detect)
[2024-12-13 18:26:55,920] [INFO] [real_accelerator.py:219:get_accelerator] Setting ds_accelerator to cuda (auto detect)
[2024-12-13 18:26:55,914] [INFO] [real_accelerator.py:219:get_accelerator] Setting ds_accelerator to cuda (auto detect)
[2024-12-13 18:26:55,915] [INFO] [real_accelerator.py:219:get_accelerator] Setting ds_accelerator to cuda (auto detect)
[2024-12-13 18:26:55,977] [INFO] [real_accelerator.py:219:get_accelerator] Setting ds_accelerator to cuda (auto detect)
Warning: The cache directory for DeepSpeed Triton autotune, /home/s0/shpc125/.triton/autotune, appears to be on an NFS system. While this is generally acceptable, if you experience slowdowns or hanging when DeepSpeed exits, it is recommended to set the TRITON_CACHE_DIR environment variable to a non-NFS path.
Warning: The cache directory for DeepSpeed Triton autotune, /home/s0/shpc125/.triton/autotune, appears to be on an NFS system. While this is generally acceptable, if you experience slowdowns or hanging when DeepSpeed exits, it is recommended to set the TRITON_CACHE_DIR environment variable to a non-NFS path.Warning: The cache directory for DeepSpeed Triton autotune, /home/s0/shpc125/.triton/autotune, appears to be on an NFS system. While this is generally acceptable, if you experience slowdowns or hanging when DeepSpeed exits, it is recommended to set the TRITON_CACHE_DIR environment variable to a non-NFS path.

Warning: The cache directory for DeepSpeed Triton autotune, /home/s0/shpc125/.triton/autotune, appears to be on an NFS system. While this is generally acceptable, if you experience slowdowns or hanging when DeepSpeed exits, it is recommended to set the TRITON_CACHE_DIR environment variable to a non-NFS path.
Warning: The cache directory for DeepSpeed Triton autotune, /home/s0/shpc125/.triton/autotune, appears to be on an NFS system. While this is generally acceptable, if you experience slowdowns or hanging when DeepSpeed exits, it is recommended to set the TRITON_CACHE_DIR environment variable to a non-NFS path.
Warning: The cache directory for DeepSpeed Triton autotune, /home/s0/shpc125/.triton/autotune, appears to be on an NFS system. While this is generally acceptable, if you experience slowdowns or hanging when DeepSpeed exits, it is recommended to set the TRITON_CACHE_DIR environment variable to a non-NFS path.
Warning: The cache directory for DeepSpeed Triton autotune, /home/s0/shpc125/.triton/autotune, appears to be on an NFS system. While this is generally acceptable, if you experience slowdowns or hanging when DeepSpeed exits, it is recommended to set the TRITON_CACHE_DIR environment variable to a non-NFS path.
[2024-12-13 18:26:56,104] [INFO] [real_accelerator.py:219:get_accelerator] Setting ds_accelerator to cuda (auto detect)
Warning: The cache directory for DeepSpeed Triton autotune, /home/s0/shpc125/.triton/autotune, appears to be on an NFS system. While this is generally acceptable, if you experience slowdowns or hanging when DeepSpeed exits, it is recommended to set the TRITON_CACHE_DIR environment variable to a non-NFS path.
[2024-12-13 18:27:33,278] [INFO] [comm.py:652:init_distributed] cdb=None
[2024-12-13 18:27:33,279] [INFO] [comm.py:683:init_distributed] Initializing TorchBackend in DeepSpeed with backend nccl
[2024-12-13 18:27:33,281] [INFO] [comm.py:652:init_distributed] cdb=None
[2024-12-13 18:27:33,283] [INFO] [logging.py:128:log_dist] [Rank 0] DeepSpeed info: version=0.16.0, git-hash=unknown, git-branch=unknown
[2024-12-13 18:27:33,283] [INFO] [config.py:733:__init__] Config mesh_device None world_size = 8
[2024-12-13 18:27:33,288] [INFO] [config.py:733:__init__] Config mesh_device None world_size = 8
[2024-12-13 18:27:33,299] [INFO] [comm.py:652:init_distributed] cdb=None
[2024-12-13 18:27:33,320] [INFO] [comm.py:652:init_distributed] cdb=None
[2024-12-13 18:27:33,331] [INFO] [config.py:733:__init__] Config mesh_device None world_size = 8
[2024-12-13 18:27:33,342] [INFO] [config.py:733:__init__] Config mesh_device None world_size = 8
[2024-12-13 18:27:42,393] [INFO] [comm.py:652:init_distributed] cdb=None
[2024-12-13 18:27:42,404] [INFO] [config.py:733:__init__] Config mesh_device None world_size = 8
[2024-12-13 18:27:42,613] [INFO] [comm.py:652:init_distributed] cdb=None
[2024-12-13 18:27:42,617] [INFO] [config.py:733:__init__] Config mesh_device None world_size = 8
[2024-12-13 18:27:42,617] [INFO] [comm.py:652:init_distributed] cdb=None
[2024-12-13 18:27:42,624] [INFO] [config.py:733:__init__] Config mesh_device None world_size = 8
[2024-12-13 18:27:43,348] [INFO] [comm.py:652:init_distributed] cdb=None
[2024-12-13 18:27:43,377] [INFO] [config.py:733:__init__] Config mesh_device None world_size = 8
Using /home/s0/shpc125/.cache/torch_extensions/py38_cu118 as PyTorch extensions root...Using /home/s0/shpc125/.cache/torch_extensions/py38_cu118 as PyTorch extensions root...

Using /home/s0/shpc125/.cache/torch_extensions/py38_cu118 as PyTorch extensions root...
Using /home/s0/shpc125/.cache/torch_extensions/py38_cu118 as PyTorch extensions root...
[2024-12-13 18:27:52,781] [INFO] [logging.py:128:log_dist] [Rank 0] DeepSpeed Flops Profiler Enabled: False
Using /home/s0/shpc125/.cache/torch_extensions/py38_cu118 as PyTorch extensions root...Using /home/s0/shpc125/.cache/torch_extensions/py38_cu118 as PyTorch extensions root...

Using /home/s0/shpc125/.cache/torch_extensions/py38_cu118 as PyTorch extensions root...
Using /home/s0/shpc125/.cache/torch_extensions/py38_cu118 as PyTorch extensions root...
Detected CUDA files, patching ldflags
Emitting ninja build file /home/s0/shpc125/.cache/torch_extensions/py38_cu118/fused_adam/build.ninja...
/usr/local/lib/python3.8/dist-packages/torch/utils/cpp_extension.py:1965: UserWarning: TORCH_CUDA_ARCH_LIST is not set, all archs for visible cards are included for compilation. 
If this is not desired, please set os.environ['TORCH_CUDA_ARCH_LIST'].
  warnings.warn(
Building extension module fused_adam...
Allowing ninja to set a default number of workers... (overridable by setting the environment variable MAX_JOBS=N)
ninja: no work to do.
Loading extension module fused_adam...
Time to load fused_adam op: 0.840522050857544 seconds
Loading extension module fused_adam...Loading extension module fused_adam...Loading extension module fused_adam...


Time to load fused_adam op: 0.8947422504425049 secondsTime to load fused_adam op: 0.8891875743865967 secondsTime to load fused_adam op: 0.8681297302246094 seconds


[2024-12-13 18:27:53,733] [INFO] [config.py:733:__init__] Config mesh_device None world_size = 8
[2024-12-13 18:27:53,734] [INFO] [config.py:733:__init__] Config mesh_device None world_size = 8
[2024-12-13 18:27:53,734] [INFO] [config.py:733:__init__] Config mesh_device None world_size = 8
[2024-12-13 18:27:53,737] [INFO] [config.py:733:__init__] Config mesh_device None world_size = 8
Loading extension module fused_adam...Loading extension module fused_adam...Loading extension module fused_adam...


Time to load fused_adam op: 3.1480541229248047 seconds
Time to load fused_adam op: 3.1456851959228516 secondsTime to load fused_adam op: 3.2023086547851562 seconds

Loading extension module fused_adam...
Time to load fused_adam op: 3.2326502799987793 seconds
[2024-12-13 18:27:56,030] [INFO] [logging.py:128:log_dist] [Rank 0] Using DeepSpeed Optimizer param name adam as basic optimizer
[2024-12-13 18:27:56,030] [INFO] [logging.py:128:log_dist] [Rank 0] Removing param_group that has no 'params' in the basic Optimizer
[2024-12-13 18:27:56,058] [INFO] [config.py:733:__init__] Config mesh_device None world_size = 8
[2024-12-13 18:27:56,078] [INFO] [logging.py:128:log_dist] [Rank 0] DeepSpeed Basic Optimizer = FusedAdam
[2024-12-13 18:27:56,078] [INFO] [utils.py:59:is_zero_supported_optimizer] Checking ZeRO support for optimizer=FusedAdam type=<class 'deepspeed.ops.adam.fused_adam.FusedAdam'>
[2024-12-13 18:27:56,078] [INFO] [logging.py:128:log_dist] [Rank 0] Creating fp16 ZeRO stage 3 optimizer, MiCS is enabled False, Hierarchical params gather False
[2024-12-13 18:27:56,078] [INFO] [logging.py:128:log_dist] [Rank 0] Creating torch.float16 ZeRO stage 3 optimizer
[2024-12-13 18:27:56,080] [INFO] [config.py:733:__init__] Config mesh_device None world_size = 8
[2024-12-13 18:27:56,080] [INFO] [config.py:733:__init__] Config mesh_device None world_size = 8
[2024-12-13 18:27:56,252] [INFO] [utils.py:781:see_memory_usage] Stage 3 initialize beginning
[2024-12-13 18:27:56,253] [INFO] [utils.py:782:see_memory_usage] MA 1.48 GB         Max_MA 1.48 GB         CA 1.61 GB         Max_CA 2 GB 
[2024-12-13 18:27:56,253] [INFO] [utils.py:789:see_memory_usage] CPU Virtual Memory:  used = 17.0 GB, percent = 3.6%
[2024-12-13 18:27:56,254] [INFO] [stage3.py:167:__init__] Reduce bucket size 500000000
[2024-12-13 18:27:56,254] [INFO] [stage3.py:168:__init__] Prefetch bucket size 50000000
[2024-12-13 18:27:56,382] [INFO] [utils.py:781:see_memory_usage] DeepSpeedZeRoOffload initialize [begin]
[2024-12-13 18:27:56,383] [INFO] [utils.py:782:see_memory_usage] MA 1.48 GB         Max_MA 1.48 GB         CA 1.61 GB         Max_CA 2 GB 
[2024-12-13 18:27:56,383] [INFO] [utils.py:789:see_memory_usage] CPU Virtual Memory:  used = 17.0 GB, percent = 3.6%
[2024-12-13 18:27:56,387] [INFO] [config.py:733:__init__] Config mesh_device None world_size = 8
Parameter Offload: Total persistent parameters: 601600 in 290 params
[2024-12-13 18:27:58,102] [INFO] [utils.py:781:see_memory_usage] DeepSpeedZeRoOffload initialize [end]
[2024-12-13 18:27:58,104] [INFO] [utils.py:782:see_memory_usage] MA 0.22 GB         Max_MA 1.49 GB         CA 1.64 GB         Max_CA 2 GB 
[2024-12-13 18:27:58,104] [INFO] [utils.py:789:see_memory_usage] CPU Virtual Memory:  used = 17.38 GB, percent = 3.7%
[2024-12-13 18:27:58,357] [INFO] [utils.py:781:see_memory_usage] Before creating fp16 partitions
[2024-12-13 18:27:58,358] [INFO] [utils.py:782:see_memory_usage] MA 0.22 GB         Max_MA 0.22 GB         CA 1.64 GB         Max_CA 2 GB 
[2024-12-13 18:27:58,358] [INFO] [utils.py:789:see_memory_usage] CPU Virtual Memory:  used = 17.38 GB, percent = 3.7%
[2024-12-13 18:27:59,180] [INFO] [utils.py:781:see_memory_usage] After creating fp16 partitions: 1
[2024-12-13 18:27:59,181] [INFO] [utils.py:782:see_memory_usage] MA 0.22 GB         Max_MA 0.22 GB         CA 0.22 GB         Max_CA 2 GB 
[2024-12-13 18:27:59,181] [INFO] [utils.py:789:see_memory_usage] CPU Virtual Memory:  used = 17.39 GB, percent = 3.7%
[2024-12-13 18:27:59,351] [INFO] [utils.py:781:see_memory_usage] Before creating fp32 partitions
[2024-12-13 18:27:59,352] [INFO] [utils.py:782:see_memory_usage] MA 0.22 GB         Max_MA 0.22 GB         CA 0.22 GB         Max_CA 0 GB 
[2024-12-13 18:27:59,352] [INFO] [utils.py:789:see_memory_usage] CPU Virtual Memory:  used = 17.39 GB, percent = 3.7%
[2024-12-13 18:27:59,523] [INFO] [utils.py:781:see_memory_usage] After creating fp32 partitions
[2024-12-13 18:27:59,524] [INFO] [utils.py:782:see_memory_usage] MA 0.58 GB         Max_MA 0.76 GB         CA 0.76 GB         Max_CA 1 GB 
[2024-12-13 18:27:59,524] [INFO] [utils.py:789:see_memory_usage] CPU Virtual Memory:  used = 17.39 GB, percent = 3.7%
[2024-12-13 18:27:59,692] [INFO] [utils.py:781:see_memory_usage] Before initializing optimizer states
[2024-12-13 18:27:59,694] [INFO] [utils.py:782:see_memory_usage] MA 0.58 GB         Max_MA 0.58 GB         CA 0.76 GB         Max_CA 1 GB 
[2024-12-13 18:27:59,694] [INFO] [utils.py:789:see_memory_usage] CPU Virtual Memory:  used = 17.39 GB, percent = 3.7%
[2024-12-13 18:27:59,863] [INFO] [utils.py:781:see_memory_usage] After initializing optimizer states
[2024-12-13 18:27:59,864] [INFO] [utils.py:782:see_memory_usage] MA 0.58 GB         Max_MA 0.94 GB         CA 1.12 GB         Max_CA 1 GB 
[2024-12-13 18:27:59,864] [INFO] [utils.py:789:see_memory_usage] CPU Virtual Memory:  used = 17.39 GB, percent = 3.7%
[2024-12-13 18:27:59,865] [INFO] [stage3.py:525:_setup_for_real_optimizer] optimizer state initialized
[2024-12-13 18:28:01,355] [INFO] [utils.py:781:see_memory_usage] After initializing ZeRO optimizer
[2024-12-13 18:28:01,356] [INFO] [utils.py:782:see_memory_usage] MA 1.69 GB         Max_MA 1.93 GB         CA 2.05 GB         Max_CA 2 GB 
[2024-12-13 18:28:01,356] [INFO] [utils.py:789:see_memory_usage] CPU Virtual Memory:  used = 17.39 GB, percent = 3.7%
[2024-12-13 18:28:01,356] [INFO] [logging.py:128:log_dist] [Rank 0] DeepSpeed Final Optimizer = DeepSpeedZeroOptimizer_Stage3
[2024-12-13 18:28:01,357] [INFO] [logging.py:128:log_dist] [Rank 0] DeepSpeed using configured LR scheduler = None
[2024-12-13 18:28:01,357] [INFO] [logging.py:128:log_dist] [Rank 0] DeepSpeed LR Scheduler = None
[2024-12-13 18:28:01,357] [INFO] [logging.py:128:log_dist] [Rank 0] step=0, skipped=0, lr=[0.0001], mom=[(0.9, 0.999)]
[2024-12-13 18:28:01,360] [INFO] [config.py:999:print] DeepSpeedEngine configuration:
[2024-12-13 18:28:01,360] [INFO] [config.py:1003:print]   activation_checkpointing_config  {
    "partition_activations": false, 
    "contiguous_memory_optimization": false, 
    "cpu_checkpointing": false, 
    "number_checkpoints": null, 
    "synchronize_checkpoint_boundary": false, 
    "profile": false
}
[2024-12-13 18:28:01,360] [INFO] [config.py:1003:print]   aio_config ................... {'block_size': 1048576, 'queue_depth': 8, 'thread_count': 1, 'single_submit': False, 'overlap_events': True, 'use_gds': False}
[2024-12-13 18:28:01,360] [INFO] [config.py:1003:print]   amp_enabled .................. False
[2024-12-13 18:28:01,360] [INFO] [config.py:1003:print]   amp_params ................... False
[2024-12-13 18:28:01,361] [INFO] [config.py:1003:print]   autotuning_config ............ {
    "enabled": false, 
    "start_step": null, 
    "end_step": null, 
    "metric_path": null, 
    "arg_mappings": null, 
    "metric": "throughput", 
    "model_info": null, 
    "results_dir": "autotuning_results", 
    "exps_dir": "autotuning_exps", 
    "overwrite": true, 
    "fast": true, 
    "start_profile_step": 3, 
    "end_profile_step": 5, 
    "tuner_type": "gridsearch", 
    "tuner_early_stopping": 5, 
    "tuner_num_trials": 50, 
    "model_info_path": null, 
    "mp_size": 1, 
    "max_train_batch_size": null, 
    "min_train_batch_size": 1, 
    "max_train_micro_batch_size_per_gpu": 1.024000e+03, 
    "min_train_micro_batch_size_per_gpu": 1, 
    "num_tuning_micro_batch_sizes": 3
}
[2024-12-13 18:28:01,361] [INFO] [config.py:1003:print]   bfloat16_enabled ............. False
[2024-12-13 18:28:01,361] [INFO] [config.py:1003:print]   bfloat16_immediate_grad_update  False
[2024-12-13 18:28:01,361] [INFO] [config.py:1003:print]   checkpoint_parallel_write_pipeline  False
[2024-12-13 18:28:01,361] [INFO] [config.py:1003:print]   checkpoint_tag_validation_enabled  True
[2024-12-13 18:28:01,361] [INFO] [config.py:1003:print]   checkpoint_tag_validation_fail  False
[2024-12-13 18:28:01,361] [INFO] [config.py:1003:print]   comms_config ................. <deepspeed.comm.config.DeepSpeedCommsConfig object at 0x7fbc6f7385b0>
[2024-12-13 18:28:01,362] [INFO] [config.py:1003:print]   communication_data_type ...... None
[2024-12-13 18:28:01,362] [INFO] [config.py:1003:print]   compression_config ........... {'weight_quantization': {'shared_parameters': {'enabled': False, 'quantizer_kernel': False, 'schedule_offset': 0, 'quantize_groups': 1, 'quantize_verbose': False, 'quantization_type': 'symmetric', 'quantize_weight_in_forward': False, 'rounding': 'nearest', 'fp16_mixed_quantize': False, 'quantize_change_ratio': 0.001}, 'different_groups': {}}, 'activation_quantization': {'shared_parameters': {'enabled': False, 'quantization_type': 'symmetric', 'range_calibration': 'dynamic', 'schedule_offset': 1000}, 'different_groups': {}}, 'sparse_pruning': {'shared_parameters': {'enabled': False, 'method': 'l1', 'schedule_offset': 1000}, 'different_groups': {}}, 'row_pruning': {'shared_parameters': {'enabled': False, 'method': 'l1', 'schedule_offset': 1000}, 'different_groups': {}}, 'head_pruning': {'shared_parameters': {'enabled': False, 'method': 'topk', 'schedule_offset': 1000}, 'different_groups': {}}, 'channel_pruning': {'shared_parameters': {'enabled': False, 'method': 'l1', 'schedule_offset': 1000}, 'different_groups': {}}, 'layer_reduction': {'enabled': False}}
[2024-12-13 18:28:01,362] [INFO] [config.py:1003:print]   curriculum_enabled_legacy .... False
[2024-12-13 18:28:01,362] [INFO] [config.py:1003:print]   curriculum_params_legacy ..... False
[2024-12-13 18:28:01,362] [INFO] [config.py:1003:print]   data_efficiency_config ....... {'enabled': False, 'seed': 1234, 'data_sampling': {'enabled': False, 'num_epochs': 1000, 'num_workers': 0, 'curriculum_learning': {'enabled': False}}, 'data_routing': {'enabled': False, 'random_ltd': {'enabled': False, 'layer_token_lr_schedule': {'enabled': False}}}}
[2024-12-13 18:28:01,362] [INFO] [config.py:1003:print]   data_efficiency_enabled ...... False
[2024-12-13 18:28:01,362] [INFO] [config.py:1003:print]   dataloader_drop_last ......... False
[2024-12-13 18:28:01,362] [INFO] [config.py:1003:print]   disable_allgather ............ False
[2024-12-13 18:28:01,362] [INFO] [config.py:1003:print]   dump_state ................... False
[2024-12-13 18:28:01,362] [INFO] [config.py:1003:print]   dynamic_loss_scale_args ...... {'init_scale': 65536, 'scale_window': 1000, 'delayed_shift': 2, 'consecutive_hysteresis': False, 'min_scale': 1}
[2024-12-13 18:28:01,362] [INFO] [config.py:1003:print]   eigenvalue_enabled ........... False
[2024-12-13 18:28:01,362] [INFO] [config.py:1003:print]   eigenvalue_gas_boundary_resolution  1
[2024-12-13 18:28:01,363] [INFO] [config.py:1003:print]   eigenvalue_layer_name ........ bert.encoder.layer
[2024-12-13 18:28:01,363] [INFO] [config.py:1003:print]   eigenvalue_layer_num ......... 0
[2024-12-13 18:28:01,363] [INFO] [config.py:1003:print]   eigenvalue_max_iter .......... 100
[2024-12-13 18:28:01,363] [INFO] [config.py:1003:print]   eigenvalue_stability ......... 1e-06
[2024-12-13 18:28:01,363] [INFO] [config.py:1003:print]   eigenvalue_tol ............... 0.01
[2024-12-13 18:28:01,363] [INFO] [config.py:1003:print]   eigenvalue_verbose ........... False
[2024-12-13 18:28:01,363] [INFO] [config.py:1003:print]   elasticity_enabled ........... False
[2024-12-13 18:28:01,363] [INFO] [config.py:1003:print]   flops_profiler_config ........ {
    "enabled": false, 
    "recompute_fwd_factor": 0.0, 
    "profile_step": 1, 
    "module_depth": -1, 
    "top_modules": 1, 
    "detailed": true, 
    "output_file": null
}
[2024-12-13 18:28:01,363] [INFO] [config.py:1003:print]   fp16_auto_cast ............... False
[2024-12-13 18:28:01,363] [INFO] [config.py:1003:print]   fp16_enabled ................. True
[2024-12-13 18:28:01,363] [INFO] [config.py:1003:print]   fp16_master_weights_and_gradients  False
[2024-12-13 18:28:01,363] [INFO] [config.py:1003:print]   global_rank .................. 0
[2024-12-13 18:28:01,363] [INFO] [config.py:1003:print]   grad_accum_dtype ............. None
[2024-12-13 18:28:01,364] [INFO] [config.py:1003:print]   gradient_accumulation_steps .. 1
[2024-12-13 18:28:01,364] [INFO] [config.py:1003:print]   gradient_clipping ............ 0.0
[2024-12-13 18:28:01,364] [INFO] [config.py:1003:print]   gradient_predivide_factor .... 1.0
[2024-12-13 18:28:01,364] [INFO] [config.py:1003:print]   graph_harvesting ............. False
[2024-12-13 18:28:01,364] [INFO] [config.py:1003:print]   hybrid_engine ................ enabled=False max_out_tokens=512 inference_tp_size=1 release_inference_cache=False pin_parameters=True tp_gather_partition_size=8
[2024-12-13 18:28:01,364] [INFO] [config.py:1003:print]   initial_dynamic_scale ........ 65536
[2024-12-13 18:28:01,364] [INFO] [config.py:1003:print]   load_universal_checkpoint .... False
[2024-12-13 18:28:01,364] [INFO] [config.py:1003:print]   loss_scale ................... 0
[2024-12-13 18:28:01,364] [INFO] [config.py:1003:print]   memory_breakdown ............. False
[2024-12-13 18:28:01,364] [INFO] [config.py:1003:print]   mics_hierarchial_params_gather  False
[2024-12-13 18:28:01,364] [INFO] [config.py:1003:print]   mics_shard_size .............. -1
[2024-12-13 18:28:01,364] [INFO] [config.py:1003:print]   monitor_config ............... tensorboard=TensorBoardConfig(enabled=False, output_path='', job_name='DeepSpeedJobName') comet=CometConfig(enabled=False, samples_log_interval=100, project=None, workspace=None, api_key=None, experiment_name=None, experiment_key=None, online=None, mode=None) wandb=WandbConfig(enabled=False, group=None, team=None, project='deepspeed') csv_monitor=CSVConfig(enabled=False, output_path='', job_name='DeepSpeedJobName')
[2024-12-13 18:28:01,365] [INFO] [config.py:1003:print]   nebula_config ................ {
    "enabled": false, 
    "persistent_storage_path": null, 
    "persistent_time_interval": 100, 
    "num_of_version_in_retention": 2, 
    "enable_nebula_load": true, 
    "load_path": null
}
[2024-12-13 18:28:01,365] [INFO] [config.py:1003:print]   optimizer_legacy_fusion ...... False
[2024-12-13 18:28:01,365] [INFO] [config.py:1003:print]   optimizer_name ............... adam
[2024-12-13 18:28:01,365] [INFO] [config.py:1003:print]   optimizer_params ............. {'lr': 0.0001}
[2024-12-13 18:28:01,365] [INFO] [config.py:1003:print]   pipeline ..................... {'stages': 'auto', 'partition': 'best', 'seed_layers': False, 'activation_checkpoint_interval': 0, 'pipe_partitioned': True, 'grad_partitioned': True}
[2024-12-13 18:28:01,365] [INFO] [config.py:1003:print]   pld_enabled .................. False
[2024-12-13 18:28:01,365] [INFO] [config.py:1003:print]   pld_params ................... False
[2024-12-13 18:28:01,365] [INFO] [config.py:1003:print]   prescale_gradients ........... False
[2024-12-13 18:28:01,365] [INFO] [config.py:1003:print]   scheduler_name ............... None
[2024-12-13 18:28:01,365] [INFO] [config.py:1003:print]   scheduler_params ............. None
[2024-12-13 18:28:01,366] [INFO] [config.py:1003:print]   seq_parallel_communication_data_type  torch.float32
[2024-12-13 18:28:01,366] [INFO] [config.py:1003:print]   sparse_attention ............. None
[2024-12-13 18:28:01,366] [INFO] [config.py:1003:print]   sparse_gradients_enabled ..... False
[2024-12-13 18:28:01,366] [INFO] [config.py:1003:print]   steps_per_print .............. None
[2024-12-13 18:28:01,366] [INFO] [config.py:1003:print]   timers_config ................ enabled=True synchronized=True
[2024-12-13 18:28:01,366] [INFO] [config.py:1003:print]   train_batch_size ............. 64
[2024-12-13 18:28:01,366] [INFO] [config.py:1003:print]   train_micro_batch_size_per_gpu  8
[2024-12-13 18:28:01,366] [INFO] [config.py:1003:print]   use_data_before_expert_parallel_  False
[2024-12-13 18:28:01,366] [INFO] [config.py:1003:print]   use_node_local_storage ....... False
[2024-12-13 18:28:01,366] [INFO] [config.py:1003:print]   wall_clock_breakdown ......... False
[2024-12-13 18:28:01,366] [INFO] [config.py:1003:print]   weight_quantization_config ... None
[2024-12-13 18:28:01,366] [INFO] [config.py:1003:print]   world_size ................... 8
[2024-12-13 18:28:01,366] [INFO] [config.py:1003:print]   zero_allow_untested_optimizer  False
[2024-12-13 18:28:01,366] [INFO] [config.py:1003:print]   zero_config .................. stage=3 contiguous_gradients=True reduce_scatter=True reduce_bucket_size=500000000 use_multi_rank_bucket_allreduce=True allgather_partitions=True allgather_bucket_size=500000000 overlap_comm=True load_from_fp32_weights=True elastic_checkpoint=False offload_param=None offload_optimizer=None sub_group_size=1000000000 cpu_offload_param=None cpu_offload_use_pin_memory=None cpu_offload=None prefetch_bucket_size=50000000 param_persistence_threshold=100000 model_persistence_threshold=9223372036854775807 max_live_parameters=1000000000 max_reuse_distance=1000000000 gather_16bit_weights_on_model_save=False module_granularity_threshold=0 use_all_reduce_for_fetch_params=False stage3_gather_fp16_weights_on_model_save=False ignore_unused_parameters=True legacy_stage1=False round_robin_gradients=False zero_hpz_partition_size=1 zero_quantized_weights=False zero_quantized_nontrainable_weights=False zero_quantized_gradients=False mics_shard_size=-1 mics_hierarchical_params_gather=False memory_efficient_linear=True pipeline_loading_checkpoint=False override_module_apply=True
[2024-12-13 18:28:01,366] [INFO] [config.py:1003:print]   zero_enabled ................. True
[2024-12-13 18:28:01,366] [INFO] [config.py:1003:print]   zero_force_ds_cpu_optimizer .. True
[2024-12-13 18:28:01,366] [INFO] [config.py:1003:print]   zero_optimization_stage ...... 3
[2024-12-13 18:28:01,367] [INFO] [config.py:989:print_user_config]   json = {
    "train_batch_size": 64, 
    "zero_optimization": {
        "stage": 3, 
        "contiguous_gradients": true, 
        "reduce_bucket_size": 5.000000e+08, 
        "sub_group_size": 1.000000e+09
    }, 
    "optimizer": {
        "type": "Adam", 
        "params": {
            "lr": 0.0001
        }
    }, 
    "fp16": {
        "enabled": true, 
        "loss_scale": 0, 
        "loss_scale_window": 1000, 
        "hysteresis": 2, 
        "min_loss_scale": 1
    }
}
1 1813131776
1 1813131776
11 1813131776
1 1813131776
 1813131776
1 1813131776
1 1813131776
1 1813131776
2 7872385024
2 7872385024
2 7872385024
22 7872385024
 7872385024
22 7872385024
2 7872385024
 7872385024
3 2745069568
3 2745069568
3 2745069568
3 2745069568
3 2745069568
33 2745069568
 2745069568
3 2745069568
[2024-12-13 18:28:09,666] [INFO] [loss_scaler.py:190:update_scale] [deepspeed] OVERFLOW! Rank 0 Skipping step. Attempted loss scale: 65536, but hysteresis is 2. Reducing hysteresis to 1
4 2613789696
44 2613789696
 2613789696
4 2613789696
Epoch 1, Step 0, Loss: 11.5390625
44 2613789696
4 2613789696
4 2613789696
 2613789696
11 2613789696
 2613789696
1 2613789696
1 2613789696
1 2613789696
1 2613789696
1 2613789696
1 2613789696
2 9387076608
2 9387076608
2 9387994112
2 9387994112
2 9387994112
2 9387994112
2 9388911616
2 9388911616
3 2749418496
33 2749418496
 2749418496
3 2749418496
3 2749418496
33 2749418496
 2749418496
3 2749418496
[2024-12-13 18:28:17,296] [INFO] [loss_scaler.py:183:update_scale] [deepspeed] OVERFLOW! Rank 0 Skipping step. Attempted loss scale: 65536, reducing to 32768
44 2616935424
 26169354244 2616935424

4 26169354244 
4 2616935424
2616935424
4 2616935424
4 2616935424
1 2616935424
1 2616935424
1 2616935424
1 2616935424
1 2616935424
1 2616935424
1 2616935424
1 2616935424
2 9386290176
2 9386290176
2 9386290176
2 9386290176
2 9388125184
2 9389042688
2 9389042688
2 9389042688
3 2750467072
3 2750467072
3 2750467072
33 2750467072
3  2750467072
2750467072
3 2750467072
3 2750467072
[2024-12-13 18:28:20,537] [INFO] [loss_scaler.py:183:update_scale] [deepspeed] OVERFLOW! Rank 0 Skipping step. Attempted loss scale: 32768, reducing to 16384
4 4 2617984000
4 2617984000
2617984000
4 2617984000
44 2617984000
 4 2617984000
2617984000
4 2617984000
1 2617984000
1 2617984000
1 2617984000
1 2617984000
1 2617984000
1 2617984000
1 2617984000
1 2617984000
2 9385241600
2 9385241600
2 9385241600
2 9385241600
22 9387994112
2 9387994112
 9387994112
2 9388911616
3 2749418496
3 2749418496
3 2749418496
3 2749418496
3 2749418496
3 2749418496
3 2749418496
3 2749418496
44 3394085376
 339408537644
 3394085376
4 3394085376
 3394085376
44 3394085376
4 3394085376
 3394085376
1 3394085376
1 3394085376
1 3394085376
1 3394085376
1 3394085376
1 3394085376
1 3394085376
1 3394085376
2 10162236928
2 10162236928
2 10162236928
2 10162236928
2 10164989440
2 10164989440
2 10164989440
2 10164989440
3 3526413824
3 3526413824
3 3526413824
3 3526413824
3 3526413824
3 3526413824
3 3526413824
3 3526413824
4 3395133952
4 3395133952
4 3395133952
4 3395133952
4 3395133952
4 3395133952
4 3395133952
4 3395133952
1 3395133952
1 3395133952
1 3395133952
1 3395133952
1 3395133952
1 3395133952
1 3395133952
1 3395133952
2 10161188352
2 10161188352
2 10161188352
2 10161188352
2 10163940864
2 10163940864
2 10163940864
2 10164858368
3 3525365248
3 3525365248
3 3525365248
3 3 3525365248
3525365248
3 3525365248
3 3525365248
3 3525365248
4 3394085376
4 3394085376
44 3394085376
 33940853764
 3394085376
4 3394085376
4 3394085376
4 3394085376
1 3394085376
1 3394085376
1 3394085376
1 3394085376
1 3394085376
1 3394085376
1 3394085376
1 3394085376
2 10162236928
2 10162236928
2 10162236928
2 10162236928
2 10164989440
2 10164989440
2 10164989440
2 10164989440
3 3526413824
3 3526413824
33  35264138243526413824

3 3526413824
33 3526413824
 3526413824
3 3526413824
44 43395133952 
3395133952
 3395133952
4 3395133952
44 3395133952
4 3395133952
 3395133952
4 3395133952
1 3395133952
1 3395133952
1 3395133952
1 3395133952
1 3395133952
1 3395133952
1 3395133952
1 3395133952
2 10161188352
2 10161188352
2 10161188352
2 10161188352
22 10164858368
2 10163940864
2 10163940864
 10163940864
3 3525365248
3 3525365248
3 3525365248
3 3525365248
3 3525365248
3 3525365248
3 3525365248
3 3525365248
44 43394085376 
3394085376
4 3394085376
 3394085376
44 3394085376
4 3394085376
4 3394085376
 3394085376
1 3394085376
1 3394085376
1 3394085376
1 3394085376
1 3394085376
1 3394085376
1 3394085376
1 3394085376
2 10162236928
2 10162236928
2 10162236928
2 10162236928
2 10164989440
2 10164989440
2 10164989440
2 10164989440
3 3526413824
3 3526413824
3 3526413824
3 3526413824
3 3526413824
3 3526413824
3 3526413824
3 3526413824
4 3395133952
4 3395133952
44 3395133952
4 3395133952
 3395133952
4 3395133952
4 3395133952
4 3395133952
1 3395133952
1 3395133952
1 3395133952
1 3395133952
1 3395133952
1 3395133952
1 3395133952
1 3395133952
2 10161188352
2 10161188352
2 10161188352
2 10161188352
2 10163023360
2 10163940864
2 10163023360
2 10163940864
3 3525365248
3 3525365248
3 3525365248
3 3525365248
3 3525365248
3 3525365248
3 3525365248
3 3525365248
4 3394085376
4 3394085376
4 3394085376
4 339408537644
 3394085376
4 3394085376
 3394085376
4 3394085376
1 3394085376
1 3394085376
1 3394085376
1 3394085376
1 3394085376
1 3394085376
1 3394085376
1 3394085376
2 10162236928
2 10162236928
2 10162236928
2 10162236928
2 10164989440
2 10164989440
2 10164989440
2 10164989440
3 3526413824
3 3526413824
3 3526413824
3 3526413824
3 3526413824
3 3526413824
3 3526413824
3 3526413824
44 3395133952
4 3395133952
Epoch 1, Step 10, Loss: 0.459228515625 3395133952
44 3395133952
4 3395133952

 3395133952
44 3395133952
 3395133952
1 3395133952
1 3395133952
1 3395133952
1 3395133952
1 3395133952
1 3395133952
1 3395133952
1 3395133952
2 10161188352
2 10161188352
2 10161188352
2 10161188352
2 10163940864
2 10163940864
2 10163940864
2 10164858368
3 3525365248
3 3525365248
3 3525365248
3 3525365248
3 3525365248
3 3525365248
3 3525365248
3 3525365248
44 3394085376
4 3394085376
4 3394085376
 3394085376
4 3394085376
4 3394085376
4 3394085376
4 3394085376
1 3394085376
1 3394085376
1 3394085376
1 3394085376
1 3394085376
1 3394085376
1 3394085376
1 3394085376
2 10162236928
2 10162236928
2 10162236928
2 10162236928
2 10164989440
2 10164989440
2 10164989440
2 10164989440
33 3526413824
3 3526413824
 3526413824
3 3526413824
3 3526413824
33  35264138243526413824

3 3526413824
4 3395133952
4 3395133952
44 3395133952
4 3395133952
 3395133952
4 3395133952
4 3395133952
4 3395133952
1 3395133952
1 3395133952
1 3395133952
1 3395133952
1 3395133952
1 3395133952
1 3395133952
1 3395133952
2 10161188352
2 10161188352
2 10161188352
2 10161188352
2 10163023360
2 10163940864
2 10163940864
2 10163940864
3 3525365248
3 3525365248
33 3525365248
 3525365248
33 3525365248
 3525365248
3 3525365248
3 3525365248
4 3394085376
44  33940853763394085376

4 3394085376
4 3394085376
4 3394085376
4 3394085376
4 3394085376
1 3394085376
1 3394085376
1 3394085376
1 3394085376
1 3394085376
1 3394085376
1 3394085376
1 3394085376
2 10162236928
2 10162236928
2 10162236928
2 10162236928
2 10164071936
2 10164071936
2 10164071936
2 10164071936
33 3526413824
33 3526413824
3 3526413824
3 3526413824
3 3526413824
 3526413824
 3526413824
3 3526413824
4 433951339524
 3395133952
 3395133952
44 3395133952
4 3395133952
4 3395133952
4 3395133952
 3395133952
1 3395133952
1 3395133952
1 3395133952
1 3395133952
1 3395133952
1 3395133952
1 3395133952
1 3395133952
2 10161188352
2 10161188352
2 10161188352
2 10161188352
2 10163940864
2 10163940864
2 10164858368
2 10163940864
3 3525365248
3 3525365248
3 3525365248
3 3525365248
3 3525365248
3 3525365248
3 3525365248
3 3525365248
44 3394085376
4 3394085376
4 3394085376
 3394085376
444 3394085376 
3394085376
4 3394085376
 3394085376
1 3394085376
1 3394085376
1 3394085376
1 3394085376
1 3394085376
1 3394085376
1 3394085376
1 3394085376
2 10162236928
2 10162236928
2 10162236928
2 10162236928
2 10164989440
2 10164989440
2 10164989440
2 10164989440
3 3526413824
3 3526413824
3 3526413824
3 3526413824
3 3526413824
3 3526413824
3 3526413824
3 3526413824
44 3395133952
44 3395133952 
3395133952
 3395133952
44 3395133952
44  33951339523395133952

 3395133952
1 3395133952
1 3395133952
1 3395133952
1 3395133952
1 3395133952
1 3395133952
1 3395133952
1 3395133952
2 10161188352
2 10161188352
2 10161188352
2 10161188352
2 10163940864
2 10163940864
2 10163940864
2 10164858368
3 3525365248
3 3525365248
3 3525365248
3 3525365248
3 3525365248
3 3525365248
3 3525365248
3 3525365248
44 3394085376
4 3394085376
4 3394085376
4 4 3394085376
 3394085376
3394085376
4 3394085376
4 3394085376
1 3394085376
1 3394085376
1 3394085376
1 3394085376
1 3394085376
1 3394085376
1 3394085376
1 3394085376
2 10162236928
22 10162236928
 10162236928
2 10162236928
2 10164989440
2 10164989440
2 10164989440
2 10165906944
3 3526413824
3 3526413824
3 3526413824
3 3526413824
3 3526413824
33 3526413824
 3526413824
3 3526413824
4 3395133952
4 3395133952
44 3395133952
 3395133952
4 3395133952
4 3395133952
44 3395133952
 3395133952
1 3395133952
1 3395133952
1 3395133952
1 3395133952
1 3395133952
1 3395133952
1 3395133952
1 3395133952
2 10161188352
2 10161188352
2 10161188352
2 10161188352
2 10163940864
2 10163940864
2 10163940864
2 10163940864
33 3525365248
3  3525365248
3525365248
3 3525365248
3 3525365248
3 3525365248
3 3525365248
3 3525365248
44 3394085376
 3394085376
444 3394085376 3394085376

44 3394085376
 3394085376
 3394085376
4 3394085376
1 3394085376
1 3394085376
1 3394085376
1 3394085376
1 3394085376
1 3394085376
1 3394085376
1 3394085376
2 10162236928
2 10162236928
2 10162236928
2 10162236928
2 10164071936
2 10164071936
2 10164071936
2 10164071936
3 3526413824
3 3526413824
3 3526413824
3 3526413824
3 3526413824
3 3526413824
3 3526413824
3 3526413824
4 3395133952
444 3395133952 
3395133952
 3395133952
4 3395133952
Epoch 1, Step 20, Loss: 2.90234375
4 3395133952
4 3395133952
4 3395133952
1 3395133952
1 3395133952
1 3395133952
1 3395133952
1 3395133952
1 3395133952
1 3395133952
1 3395133952
2 10161188352
2 10161188352
2 10161188352
2 10161188352
2 10163940864
2 10163940864
2 10163940864
2 10163940864
33 3525365248
3 3525365248
3 3525365248
3 3525365248
3 3525365248
3 3525365248
 3525365248
3 3525365248
4 3394085376
44 3394085376
4 3394085376
 3394085376
44 3394085376
 3394085376
4 3394085376
4 3394085376
1 3394085376
1 3394085376
1 3394085376
1 3394085376
1 3394085376
1 3394085376
1 3394085376
1 3394085376
2 10162236928
2 10162236928
2 10162236928
2 10162236928
2 10164071936
2 10164989440
2 10164989440
2 10164989440
3 3526413824
3 3526413824
3 3526413824
3 3526413824
3 3526413824
3 3526413824
3 3526413824
3 3526413824
44 3395133952
4 3395133952
44 3395133952
 3395133952
4 3395133952
4 3395133952
 3395133952
4 3395133952
1 3395133952
1 3395133952
1 3395133952
1 3395133952
1 3395133952
1 3395133952
1 3395133952
1 3395133952
2 10161188352
2 10161188352
2 10161188352
2 10161188352
2 10163023360
2 10163940864
2 10163940864
2 10163940864
3 3525365248
3 3525365248
33 3525365248
3 3525365248
 3525365248
3 3525365248
3 3525365248
3 3525365248
4 4 3394085376
4 3394085376
4 33940853763394085376

4 3394085376
4 3394085376
44 3394085376
 3394085376
1 3394085376
1 3394085376
1 3394085376
1 3394085376
1 3394085376
1 3394085376
1 3394085376
1 3394085376
2 10162236928
2 10162236928
2 10162236928
2 10162236928
2 10164071936
2 10164071936
2 10164071936
2 10164989440
3 3526413824
3 3526413824
3 3526413824
3 3526413824
33 3526413824
 3526413824
3 3526413824
3 3526413824
444  33951339523395133952

4 3395133952
 3395133952
4 3395133952
44 3395133952
 3395133952
4 3395133952
1 3395133952
1 3395133952
1 3395133952
1 3395133952
1 3395133952
1 3395133952
1 3395133952
1 3395133952
2 10161188352
2 10161188352
2 10161188352
2 10161188352
2 10163023360
2 10163023360
2 10163940864
2 10163940864
3 3525365248
3 3525365248
3 3525365248
3 3525365248
3 3525365248
3 3525365248
3 3525365248
3 3525365248
4 3394085376
44 3394085376
 3394085376
44 3394085376
 33940853764
 3394085376
4 3394085376
4 3394085376
1 3394085376
1 3394085376
1 3394085376
1 3394085376
1 3394085376
1 3394085376
1 3394085376
1 3394085376
2 10162236928
2 10162236928
2 10162236928
2 10162236928
2 10164989440
2 10164989440
2 10164989440
2 10164989440
3 3526413824
3 3526413824
3 3526413824
3 3526413824
3 3526413824
3 3526413824
3 3526413824
3 3526413824
44 3395133952
44 3395133952
 3395133952
 3395133952
4 3395133952
4 3395133952
4 3395133952
4 3395133952
1 3395133952
1 3395133952
1 3395133952
1 3395133952
1 3395133952
1 3395133952
1 3395133952
1 3395133952
2 10161188352
2 10161188352
2 10161188352
2 10161188352
2 10163940864
2 10163940864
2 10163940864
2 10163940864
3 3525365248
3 3525365248
3 3525365248
33 3525365248
 3525365248
3 3525365248
3 3525365248
3 3525365248
4 3394085376
4 3394085376
4 3394085376
4 3394085376
4 3394085376
4 3394085376
4 3394085376
4 3394085376
1 3394085376
1 3394085376
1 3394085376
1 3394085376
1 3394085376
1 3394085376
1 3394085376
1 3394085376
2 10162236928
2 10162236928
2 10162236928
2 10162236928
2 10164989440
2 10165906944
2 10165906944
2 10165906944
3 3526413824
3 3526413824
3 3526413824
3 3526413824
3 3526413824
3 3526413824
3 3526413824
3 3526413824
44 3395133952
44  33951339523395133952

44  33951339523395133952

 3395133952
4 3395133952
4 3395133952
1 3395133952
1 3395133952
1 3395133952
1 3395133952
1 3395133952
1 3395133952
1 3395133952
1 3395133952
2 10161188352
22 10161188352
 10161188352
2 10161188352
2 10163940864
2 10163940864
2 10164858368
2 10163940864
3 3525365248
3 3525365248
3 33525365248
 3525365248
33 3525365248
 3525365248
3 3525365248
3 3525365248
44 3394085376
 3394085376
4 433940853764
 3394085376
 3394085376
4 3394085376
44 3394085376
 3394085376
1 3394085376
1 3394085376
1 3394085376
1 3394085376
1 3394085376
1 3394085376
1 3394085376
1 3394085376
2 10162236928
2 10162236928
2 10162236928
2 10162236928
2 10164989440
2 10164989440
2 10165906944
2 10164989440
3 3526413824
3 3526413824
3 3526413824
3 3526413824
3 3526413824
3 3526413824
3 3526413824
3 3526413824
4 3395133952
4 3395133952
4 33951339524
 3395133952
4 3395133952
Epoch 1, Step 30, Loss: 0.17236328125
4 3395133952
44 3395133952
 3395133952
1 3395133952
1 3395133952
1 3395133952
1 3395133952
1 3395133952
1 3395133952
1 3395133952
1 3395133952
2 10161188352
2 10161188352
2 10161188352
2 10161188352
2 10163940864
2 10163940864
2 10163940864
2 10163940864
3 3525365248
3 3525365248
3 3525365248
3 3525365248
33 3525365248
 3525365248
3 3525365248
3 3525365248
4 3394085376
44 3394085376
4 3394085376
4 3394085376
4 3394085376
 3394085376
4 3394085376
4 3394085376
1 3394085376
1 3394085376
1 3394085376
1 3394085376
1 3394085376
1 3394085376
1 3394085376
1 3394085376
2 10162236928
2 10162236928
2 10162236928
2 10162236928
2 10164989440
2 10164989440
2 10164989440
2 10165906944
3 3526413824
3 3526413824
3 3 3526413824
3526413824
3 3526413824
3 3526413824
33 3526413824
 3526413824
44 3395133952
 3395133952
4 3395133952
44 3395133952
 3395133952
44 3395133952
4 3395133952
 3395133952
1 3395133952
1 3395133952
1 3395133952
1 3395133952
1 3395133952
1 3395133952
1 3395133952
1 3395133952
2 10161188352
2 10161188352
2 10161188352
2 10161188352
2 10163940864
2 10163940864
2 10163940864
2 10164858368
3 3525365248
3 3525365248
3 3525365248
3 3525365248
3 3525365248
3 3525365248
3 3525365248
3 3525365248
4 3394085376
44 3394085376
4 3394085376
4 3394085376
4 3394085376
 3394085376
4 3394085376
4 3394085376
1 3394085376
1 3394085376
1 3394085376
1 3394085376
1 3394085376
1 3394085376
1 3394085376
1 3394085376
2 10162236928
2 10162236928
2 10162236928
2 10162236928
2 10164989440
2 10164989440
2 10164989440
2 10164989440
33 3526413824
3 3526413824
3 3526413824
3 3526413824
3 3526413824
3 3526413824
 3526413824
3 3526413824
444  33951339523395133952

4 3395133952
 3395133952
4 3395133952
4 3395133952
4 4 3395133952
3395133952
1 3395133952
1 3395133952
1 3395133952
1 3395133952
1 3395133952
1 3395133952
1 3395133952
1 3395133952
2 10161188352
2 10161188352
2 10161188352
2 10161188352
2 10163940864
2 10163940864
2 10163940864
2 10164858368
33 3525365248
 3525365248
3 3525365248
3 3525365248
3 3525365248
3 3525365248
3 3525365248
3 3525365248
4 3394085376
44 3394085376
 3394085376
4444   339408537633940853763394085376


 3394085376
4 3394085376
1 3394085376
1 3394085376
1 3394085376
1 3394085376
1 3394085376
1 3394085376
1 3394085376
1 3394085376
2 10162236928
2 10164989440
2 10162236928
2 10164989440
2 10162236928
2 10164989440
2 10162236928
2 10164989440
3 3526413824
3 3526413824
3 3526413824
3 3526413824
3 3526413824
3 3526413824
3 3526413824
3 3526413824
44 3395133952
44  33951339523395133952

 3395133952
44 3395133952
4 3395133952
4 3395133952
 3395133952
1 3395133952
1 3395133952
1 3395133952
1 3395133952
1 3395133952
1 3395133952
1 3395133952
1 3395133952
2 10161188352
2 10161188352
2 10161188352
2 10161188352
2 10163940864
2 10163940864
2 10163940864
2 10163940864
3 3525365248
33 3525365248
 33525365248
 3525365248
3 3525365248
3 33525365248
 3525365248
3 3525365248
44 43394085376
 3394085376
4 3394085376
 3394085376
44 3394085376
4 33940853764
 3394085376
 3394085376
1 3394085376
1 3394085376
1 3394085376
1 3394085376
1 3394085376
1 3394085376
1 3394085376
1 3394085376
2 10162236928
2 10162236928
2 10162236928
2 10162236928
2 10164989440
2 10164989440
2 10164989440
2 10164989440
3 3526413824
3 3526413824
3 3526413824
3 3 3526413824
3526413824
3 3526413824
3 3526413824
3 3526413824
4 33951339524
 3395133952
4 3395133952
4 3395133952
4 3395133952
4 3395133952
4 3395133952
4 3395133952
1 3395133952
1 3395133952
1 3395133952
1 3395133952
1 3395133952
1 3395133952
1 3395133952
1 3395133952
2 210161188352
 10161188352
2 10161188352
2 10161188352
2 10163940864
2 10163940864
2 10164858368
2 10163940864
3 3525365248
3 3525365248
3 3525365248
3 3525365248
3 3525365248
3 3525365248
3 3525365248
3 3525365248
4 43394085376
4 3394085376
4 3394085376
4 3394085376
 3394085376
4 3394085376
4 3394085376
4 3394085376
1 3394085376
1 3394085376
1 3394085376
1 3394085376
1 3394085376
1 3394085376
1 3394085376
1 3394085376
2 10162236928
2 10162236928
2 10162236928
2 10162236928
2 10164071936
2 10164989440
2 10164989440
2 10164989440
3 3526413824
3 3526413824
3 3526413824
3 3526413824
33 3526413824
 3526413824
3 3526413824
3 3526413824
4 3395133952
4 3395133952
4 4 3395133952
4 3395133952
Epoch 1, Step 40, Loss: 1.8388671875
4 3395133952
3395133952
4 3395133952
4 3395133952
1 3395133952
1 3395133952
1 3395133952
1 3395133952
1 3395133952
1 3395133952
1 3395133952
1 3395133952
srun: Job step aborted: Waiting up to 7 seconds for job step to finish.
slurmstepd: error: *** STEP 1122103.0 ON a04 CANCELLED AT 2024-12-13T18:30:29 ***
W1213 18:30:29.941057 140616051889984 torch/distributed/elastic/agent/server/api.py:688] Received Signals.SIGTERM death signal, shutting down workers
W1213 18:30:29.941704 140616051889984 torch/distributed/elastic/multiprocessing/api.py:858] Sending process 634067 closing signal SIGTERM
slurmstepd: error: *** JOB 1122103 ON a04 CANCELLED AT 2024-12-13T18:30:29 ***
W1213 18:30:29.948007 140399550879552 torch/distributed/elastic/agent/server/api.py:688] Received Signals.SIGTERM death signal, shutting down workers
W1213 18:30:29.941903 140616051889984 torch/distributed/elastic/multiprocessing/api.py:858] Sending process 634068 closing signal SIGTERM
W1213 18:30:29.942099 140616051889984 torch/distributed/elastic/multiprocessing/api.py:858] Sending process 634069 closing signal SIGTERM
W1213 18:30:29.942237 140616051889984 torch/distributed/elastic/multiprocessing/api.py:858] Sending process 634070 closing signal SIGTERM
W1213 18:30:29.948906 140399550879552 torch/distributed/elastic/multiprocessing/api.py:858] Sending process 674256 closing signal SIGTERM
W1213 18:30:29.949153 140399550879552 torch/distributed/elastic/multiprocessing/api.py:858] Sending process 674257 closing signal SIGTERM
W1213 18:30:29.949331 140399550879552 torch/distributed/elastic/multiprocessing/api.py:858] Sending process 674258 closing signal SIGTERM
W1213 18:30:29.949501 140399550879552 torch/distributed/elastic/multiprocessing/api.py:858] Sending process 674259 closing signal SIGTERM
