[2024-12-13 18:21:29,070] [INFO] [real_accelerator.py:219:get_accelerator] Setting ds_accelerator to cuda (auto detect)
[2024-12-13 18:21:29,078] [INFO] [real_accelerator.py:219:get_accelerator] Setting ds_accelerator to cuda (auto detect)
[2024-12-13 18:21:29,078] [INFO] [real_accelerator.py:219:get_accelerator] Setting ds_accelerator to cuda (auto detect)
[2024-12-13 18:21:29,079] [INFO] [real_accelerator.py:219:get_accelerator] Setting ds_accelerator to cuda (auto detect)
[2024-12-13 18:21:29,102] [INFO] [real_accelerator.py:219:get_accelerator] Setting ds_accelerator to cuda (auto detect)
[2024-12-13 18:21:29,110] [INFO] [real_accelerator.py:219:get_accelerator] Setting ds_accelerator to cuda (auto detect)
[2024-12-13 18:21:29,110] [INFO] [real_accelerator.py:219:get_accelerator] Setting ds_accelerator to cuda (auto detect)
[2024-12-13 18:21:29,112] [INFO] [real_accelerator.py:219:get_accelerator] Setting ds_accelerator to cuda (auto detect)
Warning: The cache directory for DeepSpeed Triton autotune, /home/s0/shpc125/.triton/autotune, appears to be on an NFS system. While this is generally acceptable, if you experience slowdowns or hanging when DeepSpeed exits, it is recommended to set the TRITON_CACHE_DIR environment variable to a non-NFS path.
Warning: The cache directory for DeepSpeed Triton autotune, /home/s0/shpc125/.triton/autotune, appears to be on an NFS system. While this is generally acceptable, if you experience slowdowns or hanging when DeepSpeed exits, it is recommended to set the TRITON_CACHE_DIR environment variable to a non-NFS path.
Warning: The cache directory for DeepSpeed Triton autotune, /home/s0/shpc125/.triton/autotune, appears to be on an NFS system. While this is generally acceptable, if you experience slowdowns or hanging when DeepSpeed exits, it is recommended to set the TRITON_CACHE_DIR environment variable to a non-NFS path.
Warning: The cache directory for DeepSpeed Triton autotune, /home/s0/shpc125/.triton/autotune, appears to be on an NFS system. While this is generally acceptable, if you experience slowdowns or hanging when DeepSpeed exits, it is recommended to set the TRITON_CACHE_DIR environment variable to a non-NFS path.
Warning: The cache directory for DeepSpeed Triton autotune, /home/s0/shpc125/.triton/autotune, appears to be on an NFS system. While this is generally acceptable, if you experience slowdowns or hanging when DeepSpeed exits, it is recommended to set the TRITON_CACHE_DIR environment variable to a non-NFS path.
Warning: The cache directory for DeepSpeed Triton autotune, /home/s0/shpc125/.triton/autotune, appears to be on an NFS system. While this is generally acceptable, if you experience slowdowns or hanging when DeepSpeed exits, it is recommended to set the TRITON_CACHE_DIR environment variable to a non-NFS path.
Warning: The cache directory for DeepSpeed Triton autotune, /home/s0/shpc125/.triton/autotune, appears to be on an NFS system. While this is generally acceptable, if you experience slowdowns or hanging when DeepSpeed exits, it is recommended to set the TRITON_CACHE_DIR environment variable to a non-NFS path.
Warning: The cache directory for DeepSpeed Triton autotune, /home/s0/shpc125/.triton/autotune, appears to be on an NFS system. While this is generally acceptable, if you experience slowdowns or hanging when DeepSpeed exits, it is recommended to set the TRITON_CACHE_DIR environment variable to a non-NFS path.
[2024-12-13 18:22:16,455] [INFO] [comm.py:652:init_distributed] cdb=None
[2024-12-13 18:22:16,455] [INFO] [comm.py:652:init_distributed] cdb=None
[2024-12-13 18:22:16,463] [INFO] [config.py:733:__init__] Config mesh_device None world_size = 8
[2024-12-13 18:22:16,464] [INFO] [config.py:733:__init__] Config mesh_device None world_size = 8
[2024-12-13 18:22:16,501] [INFO] [comm.py:652:init_distributed] cdb=None
[2024-12-13 18:22:16,507] [INFO] [config.py:733:__init__] Config mesh_device None world_size = 8
[2024-12-13 18:22:17,424] [INFO] [comm.py:652:init_distributed] cdb=None
[2024-12-13 18:22:17,434] [INFO] [config.py:733:__init__] Config mesh_device None world_size = 8
[2024-12-13 18:22:21,106] [INFO] [comm.py:652:init_distributed] cdb=None
[2024-12-13 18:22:21,106] [INFO] [comm.py:652:init_distributed] cdb=None
[2024-12-13 18:22:21,107] [INFO] [comm.py:652:init_distributed] cdb=None
[2024-12-13 18:22:21,107] [INFO] [comm.py:683:init_distributed] Initializing TorchBackend in DeepSpeed with backend nccl
[2024-12-13 18:22:21,109] [INFO] [config.py:733:__init__] Config mesh_device None world_size = 8
[2024-12-13 18:22:21,112] [INFO] [logging.py:128:log_dist] [Rank 0] DeepSpeed info: version=0.16.0, git-hash=unknown, git-branch=unknown
[2024-12-13 18:22:21,113] [INFO] [config.py:733:__init__] Config mesh_device None world_size = 8
[2024-12-13 18:22:21,114] [INFO] [config.py:733:__init__] Config mesh_device None world_size = 8
[2024-12-13 18:22:21,746] [INFO] [comm.py:652:init_distributed] cdb=None
[2024-12-13 18:22:21,751] [INFO] [config.py:733:__init__] Config mesh_device None world_size = 8
[2024-12-13 18:22:26,496] [INFO] [logging.py:128:log_dist] [Rank 0] DeepSpeed Flops Profiler Enabled: False
Using /home/s0/shpc125/.cache/torch_extensions/py38_cu118 as PyTorch extensions root...
Using /home/s0/shpc125/.cache/torch_extensions/py38_cu118 as PyTorch extensions root...Using /home/s0/shpc125/.cache/torch_extensions/py38_cu118 as PyTorch extensions root...
Using /home/s0/shpc125/.cache/torch_extensions/py38_cu118 as PyTorch extensions root...

Using /home/s0/shpc125/.cache/torch_extensions/py38_cu118 as PyTorch extensions root...
Using /home/s0/shpc125/.cache/torch_extensions/py38_cu118 as PyTorch extensions root...
Using /home/s0/shpc125/.cache/torch_extensions/py38_cu118 as PyTorch extensions root...
Using /home/s0/shpc125/.cache/torch_extensions/py38_cu118 as PyTorch extensions root...
Detected CUDA files, patching ldflags
Emitting ninja build file /home/s0/shpc125/.cache/torch_extensions/py38_cu118/fused_adam/build.ninja...
/usr/local/lib/python3.8/dist-packages/torch/utils/cpp_extension.py:1965: UserWarning: TORCH_CUDA_ARCH_LIST is not set, all archs for visible cards are included for compilation. 
If this is not desired, please set os.environ['TORCH_CUDA_ARCH_LIST'].
  warnings.warn(
Building extension module fused_adam...
Allowing ninja to set a default number of workers... (overridable by setting the environment variable MAX_JOBS=N)
ninja: no work to do.
Loading extension module fused_adam...
Loading extension module fused_adam...
Loading extension module fused_adam...Loading extension module fused_adam...

Time to load fused_adam op: 1.817453384399414 secondsTime to load fused_adam op: 1.8265657424926758 seconds

Time to load fused_adam op: 1.7737486362457275 secondsTime to load fused_adam op: 1.7707812786102295 seconds

Loading extension module fused_adam...Loading extension module fused_adam...Loading extension module fused_adam...

Loading extension module fused_adam...

Time to load fused_adam op: 3.7061800956726074 secondsTime to load fused_adam op: 3.706555128097534 secondsTime to load fused_adam op: 3.687178611755371 seconds

Time to load fused_adam op: 3.708059310913086 seconds

[2024-12-13 18:22:30,245] [INFO] [logging.py:128:log_dist] [Rank 0] Using DeepSpeed Optimizer param name adam as basic optimizer
[2024-12-13 18:22:30,246] [INFO] [logging.py:128:log_dist] [Rank 0] Removing param_group that has no 'params' in the basic Optimizer
[2024-12-13 18:22:30,351] [INFO] [logging.py:128:log_dist] [Rank 0] DeepSpeed Basic Optimizer = FusedAdam
[2024-12-13 18:22:30,351] [INFO] [utils.py:59:is_zero_supported_optimizer] Checking ZeRO support for optimizer=FusedAdam type=<class 'deepspeed.ops.adam.fused_adam.FusedAdam'>
[2024-12-13 18:22:30,352] [INFO] [logging.py:128:log_dist] [Rank 0] Creating torch.float32 ZeRO stage 2 optimizer
[2024-12-13 18:22:30,352] [INFO] [stage_1_and_2.py:149:__init__] Reduce bucket size 500000000
[2024-12-13 18:22:30,352] [INFO] [stage_1_and_2.py:150:__init__] Allgather bucket size 500000000
[2024-12-13 18:22:30,352] [INFO] [stage_1_and_2.py:151:__init__] CPU Offload: False
[2024-12-13 18:22:30,352] [INFO] [stage_1_and_2.py:152:__init__] Round robin gradient partitioning: False
1 3521893888
1 3521893888
2 15150913536
1 3521893888
1 3521893888
2 15150913536
2 15150913536
2 15150913536
1 3521893888
1 3521893888
1 3521893888
[2024-12-13 18:22:40,485] [INFO] [utils.py:781:see_memory_usage] Before initializing optimizer states
[2024-12-13 18:22:40,487] [INFO] [utils.py:782:see_memory_usage] MA 3.28 GB         Max_MA 3.28 GB         CA 3.29 GB         Max_CA 3 GB 
[2024-12-13 18:22:40,488] [INFO] [utils.py:789:see_memory_usage] CPU Virtual Memory:  used = 21.85 GB, percent = 4.3%
[2024-12-13 18:22:40,718] [INFO] [utils.py:781:see_memory_usage] After initializing optimizer states
[2024-12-13 18:22:40,719] [INFO] [utils.py:782:see_memory_usage] MA 3.28 GB         Max_MA 3.64 GB         CA 3.65 GB         Max_CA 4 GB 
[2024-12-13 18:22:40,720] [INFO] [utils.py:789:see_memory_usage] CPU Virtual Memory:  used = 21.85 GB, percent = 4.3%
[2024-12-13 18:22:40,720] [INFO] [stage_1_and_2.py:544:__init__] optimizer state initialized
[2024-12-13 18:22:40,950] [INFO] [utils.py:781:see_memory_usage] After initializing ZeRO optimizer
[2024-12-13 18:22:40,951] [INFO] [utils.py:782:see_memory_usage] MA 3.28 GB         Max_MA 3.28 GB         CA 3.65 GB         Max_CA 4 GB 
[2024-12-13 18:22:40,952] [INFO] [utils.py:789:see_memory_usage] CPU Virtual Memory:  used = 21.85 GB, percent = 4.3%
[2024-12-13 18:22:40,955] [INFO] [logging.py:128:log_dist] [Rank 0] DeepSpeed Final Optimizer = DeepSpeedZeroOptimizer
[2024-12-13 18:22:40,955] [INFO] [logging.py:128:log_dist] [Rank 0] DeepSpeed using configured LR scheduler = None
[2024-12-13 18:22:40,955] [INFO] [logging.py:128:log_dist] [Rank 0] DeepSpeed LR Scheduler = None
[2024-12-13 18:22:40,955] [INFO] [logging.py:128:log_dist] [Rank 0] step=0, skipped=0, lr=[0.0001], mom=[(0.9, 0.999)]
[2024-12-13 18:22:40,958] [INFO] [config.py:999:print] DeepSpeedEngine configuration:
[2024-12-13 18:22:40,958] [INFO] [config.py:1003:print]   activation_checkpointing_config  {
    "partition_activations": false, 
    "contiguous_memory_optimization": false, 
    "cpu_checkpointing": false, 
    "number_checkpoints": null, 
    "synchronize_checkpoint_boundary": false, 
    "profile": false
}
[2024-12-13 18:22:40,959] [INFO] [config.py:1003:print]   aio_config ................... {'block_size': 1048576, 'queue_depth': 8, 'thread_count': 1, 'single_submit': False, 'overlap_events': True, 'use_gds': False}
[2024-12-13 18:22:40,959] [INFO] [config.py:1003:print]   amp_enabled .................. False
[2024-12-13 18:22:40,959] [INFO] [config.py:1003:print]   amp_params ................... False
[2024-12-13 18:22:40,959] [INFO] [config.py:1003:print]   autotuning_config ............ {
    "enabled": false, 
    "start_step": null, 
    "end_step": null, 
    "metric_path": null, 
    "arg_mappings": null, 
    "metric": "throughput", 
    "model_info": null, 
    "results_dir": "autotuning_results", 
    "exps_dir": "autotuning_exps", 
    "overwrite": true, 
    "fast": true, 
    "start_profile_step": 3, 
    "end_profile_step": 5, 
    "tuner_type": "gridsearch", 
    "tuner_early_stopping": 5, 
    "tuner_num_trials": 50, 
    "model_info_path": null, 
    "mp_size": 1, 
    "max_train_batch_size": null, 
    "min_train_batch_size": 1, 
    "max_train_micro_batch_size_per_gpu": 1.024000e+03, 
    "min_train_micro_batch_size_per_gpu": 1, 
    "num_tuning_micro_batch_sizes": 3
}
[2024-12-13 18:22:40,959] [INFO] [config.py:1003:print]   bfloat16_enabled ............. False
[2024-12-13 18:22:40,959] [INFO] [config.py:1003:print]   bfloat16_immediate_grad_update  False
[2024-12-13 18:22:40,960] [INFO] [config.py:1003:print]   checkpoint_parallel_write_pipeline  False
[2024-12-13 18:22:40,960] [INFO] [config.py:1003:print]   checkpoint_tag_validation_enabled  True
[2024-12-13 18:22:40,960] [INFO] [config.py:1003:print]   checkpoint_tag_validation_fail  False
[2024-12-13 18:22:40,960] [INFO] [config.py:1003:print]   comms_config ................. <deepspeed.comm.config.DeepSpeedCommsConfig object at 0x7f19ff34f5e0>
[2024-12-13 18:22:40,960] [INFO] [config.py:1003:print]   communication_data_type ...... None
[2024-12-13 18:22:40,960] [INFO] [config.py:1003:print]   compression_config ........... {'weight_quantization': {'shared_parameters': {'enabled': False, 'quantizer_kernel': False, 'schedule_offset': 0, 'quantize_groups': 1, 'quantize_verbose': False, 'quantization_type': 'symmetric', 'quantize_weight_in_forward': False, 'rounding': 'nearest', 'fp16_mixed_quantize': False, 'quantize_change_ratio': 0.001}, 'different_groups': {}}, 'activation_quantization': {'shared_parameters': {'enabled': False, 'quantization_type': 'symmetric', 'range_calibration': 'dynamic', 'schedule_offset': 1000}, 'different_groups': {}}, 'sparse_pruning': {'shared_parameters': {'enabled': False, 'method': 'l1', 'schedule_offset': 1000}, 'different_groups': {}}, 'row_pruning': {'shared_parameters': {'enabled': False, 'method': 'l1', 'schedule_offset': 1000}, 'different_groups': {}}, 'head_pruning': {'shared_parameters': {'enabled': False, 'method': 'topk', 'schedule_offset': 1000}, 'different_groups': {}}, 'channel_pruning': {'shared_parameters': {'enabled': False, 'method': 'l1', 'schedule_offset': 1000}, 'different_groups': {}}, 'layer_reduction': {'enabled': False}}
[2024-12-13 18:22:40,960] [INFO] [config.py:1003:print]   curriculum_enabled_legacy .... False
[2024-12-13 18:22:40,960] [INFO] [config.py:1003:print]   curriculum_params_legacy ..... False
[2024-12-13 18:22:40,960] [INFO] [config.py:1003:print]   data_efficiency_config ....... {'enabled': False, 'seed': 1234, 'data_sampling': {'enabled': False, 'num_epochs': 1000, 'num_workers': 0, 'curriculum_learning': {'enabled': False}}, 'data_routing': {'enabled': False, 'random_ltd': {'enabled': False, 'layer_token_lr_schedule': {'enabled': False}}}}
[2024-12-13 18:22:40,960] [INFO] [config.py:1003:print]   data_efficiency_enabled ...... False
[2024-12-13 18:22:40,960] [INFO] [config.py:1003:print]   dataloader_drop_last ......... False
[2024-12-13 18:22:40,960] [INFO] [config.py:1003:print]   disable_allgather ............ False
[2024-12-13 18:22:40,961] [INFO] [config.py:1003:print]   dump_state ................... False
[2024-12-13 18:22:40,961] [INFO] [config.py:1003:print]   dynamic_loss_scale_args ...... None
[2024-12-13 18:22:40,961] [INFO] [config.py:1003:print]   eigenvalue_enabled ........... False
[2024-12-13 18:22:40,961] [INFO] [config.py:1003:print]   eigenvalue_gas_boundary_resolution  1
[2024-12-13 18:22:40,961] [INFO] [config.py:1003:print]   eigenvalue_layer_name ........ bert.encoder.layer
[2024-12-13 18:22:40,961] [INFO] [config.py:1003:print]   eigenvalue_layer_num ......... 0
[2024-12-13 18:22:40,961] [INFO] [config.py:1003:print]   eigenvalue_max_iter .......... 100
[2024-12-13 18:22:40,961] [INFO] [config.py:1003:print]   eigenvalue_stability ......... 1e-06
[2024-12-13 18:22:40,961] [INFO] [config.py:1003:print]   eigenvalue_tol ............... 0.01
[2024-12-13 18:22:40,961] [INFO] [config.py:1003:print]   eigenvalue_verbose ........... False
[2024-12-13 18:22:40,962] [INFO] [config.py:1003:print]   elasticity_enabled ........... False
[2024-12-13 18:22:40,962] [INFO] [config.py:1003:print]   flops_profiler_config ........ {
    "enabled": false, 
    "recompute_fwd_factor": 0.0, 
    "profile_step": 1, 
    "module_depth": -1, 
    "top_modules": 1, 
    "detailed": true, 
    "output_file": null
}
[2024-12-13 18:22:40,962] [INFO] [config.py:1003:print]   fp16_auto_cast ............... None
[2024-12-13 18:22:40,962] [INFO] [config.py:1003:print]   fp16_enabled ................. False
[2024-12-13 18:22:40,962] [INFO] [config.py:1003:print]   fp16_master_weights_and_gradients  False
[2024-12-13 18:22:40,962] [INFO] [config.py:1003:print]   global_rank .................. 0
[2024-12-13 18:22:40,962] [INFO] [config.py:1003:print]   grad_accum_dtype ............. None
[2024-12-13 18:22:40,962] [INFO] [config.py:1003:print]   gradient_accumulation_steps .. 32
[2024-12-13 18:22:40,962] [INFO] [config.py:1003:print]   gradient_clipping ............ 0.0
[2024-12-13 18:22:40,963] [INFO] [config.py:1003:print]   gradient_predivide_factor .... 1.0
[2024-12-13 18:22:40,963] [INFO] [config.py:1003:print]   graph_harvesting ............. False
[2024-12-13 18:22:40,963] [INFO] [config.py:1003:print]   hybrid_engine ................ enabled=False max_out_tokens=512 inference_tp_size=1 release_inference_cache=False pin_parameters=True tp_gather_partition_size=8
[2024-12-13 18:22:40,963] [INFO] [config.py:1003:print]   initial_dynamic_scale ........ 65536
[2024-12-13 18:22:40,963] [INFO] [config.py:1003:print]   load_universal_checkpoint .... False
[2024-12-13 18:22:40,963] [INFO] [config.py:1003:print]   loss_scale ................... 0
[2024-12-13 18:22:40,963] [INFO] [config.py:1003:print]   memory_breakdown ............. False
[2024-12-13 18:22:40,963] [INFO] [config.py:1003:print]   mics_hierarchial_params_gather  False
[2024-12-13 18:22:40,963] [INFO] [config.py:1003:print]   mics_shard_size .............. -1
[2024-12-13 18:22:40,963] [INFO] [config.py:1003:print]   monitor_config ............... tensorboard=TensorBoardConfig(enabled=False, output_path='', job_name='DeepSpeedJobName') comet=CometConfig(enabled=False, samples_log_interval=100, project=None, workspace=None, api_key=None, experiment_name=None, experiment_key=None, online=None, mode=None) wandb=WandbConfig(enabled=False, group=None, team=None, project='deepspeed') csv_monitor=CSVConfig(enabled=False, output_path='', job_name='DeepSpeedJobName')
[2024-12-13 18:22:40,964] [INFO] [config.py:1003:print]   nebula_config ................ {
    "enabled": false, 
    "persistent_storage_path": null, 
    "persistent_time_interval": 100, 
    "num_of_version_in_retention": 2, 
    "enable_nebula_load": true, 
    "load_path": null
}
[2024-12-13 18:22:40,964] [INFO] [config.py:1003:print]   optimizer_legacy_fusion ...... False
[2024-12-13 18:22:40,964] [INFO] [config.py:1003:print]   optimizer_name ............... adam
[2024-12-13 18:22:40,964] [INFO] [config.py:1003:print]   optimizer_params ............. {'lr': 0.0001}
[2024-12-13 18:22:40,964] [INFO] [config.py:1003:print]   pipeline ..................... {'stages': 'auto', 'partition': 'best', 'seed_layers': False, 'activation_checkpoint_interval': 0, 'pipe_partitioned': True, 'grad_partitioned': True}
[2024-12-13 18:22:40,964] [INFO] [config.py:1003:print]   pld_enabled .................. False
[2024-12-13 18:22:40,964] [INFO] [config.py:1003:print]   pld_params ................... False
[2024-12-13 18:22:40,964] [INFO] [config.py:1003:print]   prescale_gradients ........... False
[2024-12-13 18:22:40,964] [INFO] [config.py:1003:print]   scheduler_name ............... None
[2024-12-13 18:22:40,965] [INFO] [config.py:1003:print]   scheduler_params ............. None
[2024-12-13 18:22:40,965] [INFO] [config.py:1003:print]   seq_parallel_communication_data_type  torch.float32
[2024-12-13 18:22:40,965] [INFO] [config.py:1003:print]   sparse_attention ............. None
[2024-12-13 18:22:40,965] [INFO] [config.py:1003:print]   sparse_gradients_enabled ..... False
[2024-12-13 18:22:40,965] [INFO] [config.py:1003:print]   steps_per_print .............. None
[2024-12-13 18:22:40,965] [INFO] [config.py:1003:print]   timers_config ................ enabled=True synchronized=True
[2024-12-13 18:22:40,965] [INFO] [config.py:1003:print]   train_batch_size ............. 512
[2024-12-13 18:22:40,965] [INFO] [config.py:1003:print]   train_micro_batch_size_per_gpu  2
[2024-12-13 18:22:40,965] [INFO] [config.py:1003:print]   use_data_before_expert_parallel_  False
[2024-12-13 18:22:40,965] [INFO] [config.py:1003:print]   use_node_local_storage ....... False
[2024-12-13 18:22:40,965] [INFO] [config.py:1003:print]   wall_clock_breakdown ......... False
[2024-12-13 18:22:40,965] [INFO] [config.py:1003:print]   weight_quantization_config ... None
[2024-12-13 18:22:40,966] [INFO] [config.py:1003:print]   world_size ................... 8
[2024-12-13 18:22:40,966] [INFO] [config.py:1003:print]   zero_allow_untested_optimizer  False
[2024-12-13 18:22:40,966] [INFO] [config.py:1003:print]   zero_config .................. stage=2 contiguous_gradients=True reduce_scatter=True reduce_bucket_size=500000000 use_multi_rank_bucket_allreduce=True allgather_partitions=True allgather_bucket_size=500000000 overlap_comm=True load_from_fp32_weights=True elastic_checkpoint=False offload_param=None offload_optimizer=None sub_group_size=1000000000 cpu_offload_param=None cpu_offload_use_pin_memory=None cpu_offload=None prefetch_bucket_size=50000000 param_persistence_threshold=100000 model_persistence_threshold=9223372036854775807 max_live_parameters=1000000000 max_reuse_distance=1000000000 gather_16bit_weights_on_model_save=False module_granularity_threshold=0 use_all_reduce_for_fetch_params=False stage3_gather_fp16_weights_on_model_save=False ignore_unused_parameters=True legacy_stage1=False round_robin_gradients=False zero_hpz_partition_size=1 zero_quantized_weights=False zero_quantized_nontrainable_weights=False zero_quantized_gradients=False mics_shard_size=-1 mics_hierarchical_params_gather=False memory_efficient_linear=True pipeline_loading_checkpoint=False override_module_apply=True
[2024-12-13 18:22:40,966] [INFO] [config.py:1003:print]   zero_enabled ................. True
[2024-12-13 18:22:40,966] [INFO] [config.py:1003:print]   zero_force_ds_cpu_optimizer .. True
[2024-12-13 18:22:40,966] [INFO] [config.py:1003:print]   zero_optimization_stage ...... 2
[2024-12-13 18:22:40,966] [INFO] [config.py:989:print_user_config]   json = {
    "train_batch_size": 512, 
    "train_micro_batch_size_per_gpu": 2, 
    "zero_optimization": {
        "stage": 2, 
        "allgather_partitions": true, 
        "allgather_bucket_size": 5.000000e+08, 
        "reduce_scatter": true, 
        "overlap_comm": true
    }, 
    "optimizer": {
        "type": "Adam", 
        "params": {
            "lr": 0.0001
        }
    }
}
1 3521893888
2 15150913536
2 15150913536
2 15150913536
2 15150913536
3 5477366272
4 5477366272
3 5502864896
3 5477366272
3 5502864896
4 5477366272
4Epoch 1, Step 0, Loss: 9.78299331665039
 5502864896
4 5502864896
3 5477366272
4 5477366272
3 5496311296
3 5477366272
3 5496311296
4 5496311296
4 5477366272
4 5496311296
1 5502864896
1 5496311296
1 5477366272
1 5502864896
1 5477366272
1 5496311296
1 5477366272
1 5477366272
2 15572643328
2 15553698304
2 15553698304
2 15579196928
2 15579196928
2 15553698304
2 15553698304
2 15572643328
3 5477366272
4 5477366272
3 5477366272
4 5477366272
3 5477366272
3 5496311296
4 5496311296
4 5477366272
3 5496311296
4 5496311296
3 5477366272
3 5502864896
3 5502864896
4 5477366272
4 5502864896
4 5502864896
1 5477366272
1 5502864896
1 5502864896
1 5477366272
1 5477366272
1 5477366272
1 5496311296
1 5496311296
2 15553698304
2 15579196928
2 15579196928
2 15553698304
2 15553698304
2 15553698304
2 15572643328
2 15572643328
33 5496311296
 5477366272
34 5496311296
 54773662723 5496311296

4 5477366272
44 5477366272
 5496311296
3 5477366272
4 5477366272
3 5477366272
4 5477366272
3 5502864896
3 5502864896
4 5502864896
4 5502864896
1 5477366272
1 5477366272
1 5502864896
1 5502864896
1 5496311296
1 5477366272
1 5496311296
1 5477366272
2 15553698304
2 15553698304
2 15579196928
2 15579196928
2 15572643328
2 15572643328
22 15553698304
 15553698304
3 5477366272
4 5477366272
33 5477366272
 5502864896
4 5477366272
3 5477366272
4 5502864896
3 5496311296
3 5496311296
4 5477366272
4 5496311296
4 5496311296
3 5502864896
4 5502864896
3 5477366272
4 5477366272
1 5477366272
1 5502864896
1 5502864896
1 5477366272
1 5496311296
1 5496311296
1 5477366272
1 5477366272
2 15553698304
2 15553698304
2 15579196928
2 15579196928
2 15553698304
2 15572643328
2 15553698304
2 15572643328
3 5496311296
4 5496311296
3 5477366272
4 5477366272
3 5477366272
3 5502864896
4 5477366272
3 5502864896
4 5502864896
4 5502864896
3 5477366272
4 5477366272
3 5477366272
4 5477366272
3 5496311296
4 5496311296
1 5502864896
1 5502864896
1 5477366272
1 5477366272
1 5496311296
1 5477366272
1 5477366272
1 5496311296
2 15553698304
2 15553698304
2 15579196928
2 15579196928
2 15572643328
22 15572643328
 15553698304
2 15553698304
3 5477366272
4 5477366272
3 54963112963
3 5477366272
 5477366272
3 5496311296
4 5496311296
4 5477366272
4 5496311296
4 5477366272
3 5477366272
4 5477366272
3 5502864896
43 5502864896
 5502864896
4 5502864896
1 5477366272
1 5477366272
1 5502864896
1 5502864896
1 5477366272
1 5477366272
1 5496311296
1 5496311296
2 15553698304
2 15579196928
2 15572643328
2 15553698304
2 15579196928
2 15553698304
2 15572643328
2 15553698304
3 5496311296
3 5496311296
4 5496311296
34 5477366272
 5496311296
3 5477366272
4 5477366272
4 5477366272
3 5477366272
4 5477366272
3 5477366272
3 5502864896
4 5477366272
4 5502864896
3 5502864896
4 5502864896
1 5477366272
1 5502864896
1 5477366272
1 5502864896
1 5496311296
1 5496311296
1 5477366272
1 5477366272
2 15553698304
2 15553698304
2 15553698304
2 15579196928
2 15572643328
2 15579196928
2 15553698304
2 15572643328
3 5477366272
3 5477366272
4 5477366272
33 5477366272 5496311296

4 5477366272
44 5496311296
 5477366272
3 5502864896
3 5496311296
4 5502864896
4 5496311296
3 5477366272
4 5477366272
3 5502864896
4 5502864896
1 5477366272
1 5502864896
1 5477366272
1 5502864896
1 5496311296
1 5477366272
1 5477366272
1 5496311296
2 15579196928
2 15579196928
2 15553698304
2 15553698304
2 15572643328
2 15553698304
2 15572643328
2 15553698304
33 5502864896
4 5502864896
 5477366272
4 5477366272
3 5477366272
3 5477366272
4 5477366272
3 3 5496311296
5477366272
3 5496311296
4 5477366272
4 5496311296
4 5477366272
4 5496311296
3 5502864896
4 5502864896
1 5502864896
1 5502864896
1 5477366272
1 5496311296
1 5477366272
1 5477366272
1 5477366272
1 5496311296
2 15579196928
2 15579196928
2 15553698304
2 15572643328
2 15553698304
2 15553698304
2 15572643328
2 15553698304
3 5477366272
4 5477366272
33 5496311296
 5477366272
4 5496311296
4 5477366272
3 5496311296
4 5496311296
3 5477366272
4 5477366272
3 5502864896
3 5502864896
3 4 5502864896
5477366272
4 5502864896
4 5477366272
1 5477366272
1 5502864896
1 5502864896
1 5477366272
1 5477366272
1 5496311296
1 5496311296
1 5477366272
22 15579196928
 15553698304
22 15572643328
 15553698304
2 15572643328
2 15553698304
2 15579196928
2 15553698304
3 5477366272
34 5496311296
3 5477366272
 5477366272
4 5477366272
4 5496311296
3 5496311296
3 5477366272
3 5477366272
4 5496311296
3 5502864896
4 5477366272
3 5502864896
4 5502864896
4 5477366272
4 Epoch 1, Step 10, Loss: 9.98088550567627
5502864896
1 5496311296
1 5477366272
1 5502864896
1 5477366272
1 5502864896
1 5477366272
1 5477366272
1 5496311296
2 15579196928
2 15553698304
2 15553698304
2 15579196928
2 15572643328
2 15553698304
2 15553698304
2 15572643328
33 5477366272
4 5477366272
 5496311296
3 5477366272
3 5496311296
44  54773662725496311296

4 5496311296
3 5477366272
4 5477366272
3 3 5502864896
5502864896
4 5502864896
4 5502864896
3 5477366272
4 5477366272
1 5477366272
1 5477366272
1 5502864896
1 5502864896
1 5477366272
1 5496311296
1 5496311296
1 5477366272
2 15553698304
2 15579196928
2 15553698304
2 15572643328
2 15553698304
2 15579196928
2 15572643328
2 15553698304
3 5477366272
4 5477366272
3 5477366272
3 5477366272
3 5496311296
4 5477366272
4 5477366272
4 5496311296
3 5496311296
3 35477366272
4 5496311296
 5502864896
4 5477366272
4 5502864896
3 5502864896
4 5502864896
1 5477366272
1 5502864896
1 5477366272
1 5502864896
1 5496311296
1 5496311296
1 5477366272
1 5477366272
2 15553698304
2 15553698304
2 15553698304
2 15572643328
2 15553698304
2 15572643328
22 15579196928
 15579196928
3 5477366272
3 5477366272
3 5496311296
4 5477366272
4 5477366272
33 5477366272
 5496311296
4 5496311296
3 5502864896
44 5496311296
 5477366272
4 5502864896
3 5477366272
4 5477366272
3 5502864896
4 5502864896
1 5477366272
1 5477366272
1 5502864896
1 5502864896
1 5496311296
1 5496311296
1 5477366272
1 5477366272
2 15579196928
2 15553698304
2 15553698304
2 15579196928
2 15572643328
2 15553698304
2 15553698304
2 15572643328
3 5496311296
3 5477366272
4 5496311296
4 5477366272
33 5502864896
 5477366272
4 5502864896
4 5477366272
3 5502864896
4 5502864896
3 5477366272
4 5477366272
3 5477366272
3 5496311296
4 5477366272
4 5496311296
1 5502864896
1 5502864896
1 5477366272
1 5477366272
1 5477366272
1 5496311296
1 5477366272
1 5496311296
2 15579196928
2 15579196928
22 15572643328
 15572643328
2 15553698304
2 15553698304
22 15553698304
 15553698304
3 5477366272
4 5477366272
3 5477366272
4 5477366272
3 5496311296
4 5496311296
3 5477366272
4 5477366272
3 5477366272
3 5502864896
4 5477366272
4 5502864896
3 5502864896
4 5502864896
3 5496311296
4 5496311296
1 5502864896
1 5477366272
1 5477366272
1 5502864896
1 5477366272
1 5477366272
1 5496311296
1 5496311296
2 15553698304
2 15579196928
2 15553698304
2 15579196928
2 15572643328
2 15572643328
2 15553698304
2 15553698304
3 5477366272
3 5496311296
4 5477366272
4 5496311296
3 5477366272
3 5477366272
3 5502864896
4 5477366272
4 5477366272
4 5502864896
3 3 5477366272
5502864896
4 5477366272
4 5502864896
3 5496311296
4 5496311296
1 5502864896
1 5477366272
1 5477366272
1 5496311296
1 5477366272
1 5502864896
1 5477366272
1 5496311296
2 15553698304
2 15579196928
2 15572643328
2 15572643328
2 15553698304
2 15579196928
22 15553698304
 15553698304
3 5477366272
4 5477366272
3 5496311296
4 5496311296
3 5477366272
4 5477366272
3 5477366272
3 5477366272
3 5502864896
4 5477366272
34 5502864896
 5502864896
4 5477366272
4 5502864896
3 5496311296
4 5496311296
1 5496311296
1 5477366272
1 5477366272
1 5502864896
1 5502864896
1 5477366272
1 5477366272
1 5496311296
2 15579196928
2 15579196928
2 15553698304
2 15572643328
2 15553698304
2 15553698304
2 15572643328
2 15553698304
3 5496311296
3 5477366272
3 54773662723 
3 5477366272
5496311296
4 5496311296
4 5477366272
4 5496311296
4 5477366272
4 5477366272
3 5477366272
3 5502864896
4 5477366272
4 5502864896
3 5502864896
4 5502864896
1 5477366272
1 5477366272
1 5502864896
1 5502864896
1 5477366272
1 5496311296
1 5496311296
1 5477366272
2 15553698304
2 15553698304
2 15579196928
2 15579196928
2 15553698304
2 15572643328
2 15572643328
2 15553698304
3 5477366272
4 5477366272
33 5477366272
 5496311296
3 5477366272
4 5477366272
43 5496311296
 5496311296
4 5477366272
4 5496311296
3 5502864896
3 5502864896
3 54773662724 5502864896

4 5502864896
4 5477366272
1 5496311296
1 5477366272
1 5502864896
1 5477366272
1 5502864896
1 5477366272
1 5496311296
1 5477366272
2 15572643328
2 15579196928
2 15553698304
2 15553698304
2 15579196928
2 15553698304
2 15572643328
2 15553698304
3 5477366272
3 5496311296
3 454773662723
 5496311296
 5496311296
4 5477366272
44 5496311296
 5477366272
3 5477366272
4 5477366272
3 5477366272
33 5502864896
 5502864896
4 5477366272
4 5502864896
4 5502864896
Epoch 1, Step 20, Loss: 9.755545616149902
1 5477366272
1 5502864896
1 5477366272
1 5502864896
1 5477366272
1 5496311296
1 5477366272
1 5496311296
2 15553698304
2 15553698304
2 15579196928
2 15579196928
2 15572643328
2 15572643328
2 15553698304
2 15553698304
3 5502864896
4 5502864896
3 5477366272
4 5477366272
3 5477366272
33 5496311296
4 5477366272
 3 5496311296
5477366272
4 5496311296
34 45477366272 5477366272

 5496311296
4 5477366272
3 5502864896
4 5502864896
1 5502864896
1 5477366272
1 5502864896
1 5496311296
1 5496311296
1 5477366272
1 5477366272
2 15572643328
2 15579196928
2 15579196928
2 15553698304
2 15553698304
2 15572643328
1 5477366272
2 15553698304
2 15553698304
3 5496311296
4 5496311296
3 5477366272
3 5477366272
4 5477366272
4 5477366272
3 5477366272
4 5477366272
3 5477366272
3 5502864896
3 5496311296
4 54773662724 5502864896

4 5496311296
3 5502864896
4 5502864896
1 5477366272
1 5502864896
1 5477366272
1 5502864896
1 5496311296
1 5477366272
1 5496311296
1 5477366272
22 15579196928 
15553698304
2 15553698304
2 15579196928
2 15572643328
2 15572643328
2 15553698304
2 15553698304
3 5477366272
4 5477366272
33 5477366272
3 5477366272
 5496311296
44 5477366272
 5477366272
4 5496311296
3 5496311296
3 35477366272
 5502864896
4 5477366272
4 5502864896
4 5496311296
3 5502864896
4 5502864896
1 5477366272
1 5502864896
1 5502864896
1 5477366272
1 5477366272
1 5496311296
1 5477366272
1 5496311296
22 15553698304
2 15579196928
 15579196928
2 15553698304
2 15572643328
2 15553698304
2 15572643328
2 15553698304
3 5477366272
4 5477366272
3 5477366272
4 5477366272
3 5502864896
3 5496311296
3 5496311296
3 5502864896
3 5477366272
4 5502864896
4 5496311296
4 5496311296
4 5477366272
3 5477366272
4 5502864896
4 5477366272
1 5502864896
1 5477366272
1 5502864896
1 5477366272
1 5496311296
1 5477366272
1 5477366272
1 5496311296
2 15579196928
2 15553698304
2 15553698304
2 15579196928
2 15572643328
2 15572643328
2 15553698304
2 15553698304
3 5477366272
4 5477366272
3 5496311296
3 35477366272
 5496311296
3 5477366272
4 5496311296
3 5502864896
4 5477366272
44 5496311296
 5477366272
4 5502864896
3 5477366272
4 5477366272
3 5502864896
4 5502864896
1 5477366272
1 5502864896
1 5477366272
1 5502864896
1 5477366272
1 5496311296
1 5496311296
1 5477366272
2 15553698304
2 15579196928
2 15579196928
2 15553698304
2 15572643328
2 15553698304
2 15572643328
2 15553698304
3 5496311296
4 5496311296
3 5477366272
4 5477366272
3 5496311296
4 5496311296
3 5477366272
4 5477366272
3 5477366272
4 5477366272
3 5502864896
3 5477366272
4 5477366272
4 5502864896
3 5502864896
4 5502864896
1 5477366272
1 5502864896
1 5477366272
1 5502864896
1 5496311296
1 5477366272
1 5496311296
1 5477366272
2 15553698304
2 15579196928
2 15553698304
2 15579196928
2 15553698304
2 15553698304
2 15572643328
2 15572643328
3 5477366272
4 5477366272
3 5496311296
3 5477366272
3 45477366272 5477366272

4 5496311296
4 5477366272
3 5477366272
3 5502864896
4 5477366272
4 5502864896
3 5496311296
4 5496311296
3 5502864896
4 5502864896
1 5477366272
1 5502864896
1 5477366272
1 5502864896
1 5477366272
1 5496311296
1 5496311296
1 5477366272
2 15553698304
22 15579196928
 15579196928
2 15553698304
2 15553698304
2 15572643328
2 15553698304
2 15572643328
3 5477366272
4 5477366272
3 5496311296
4 5496311296
3 5477366272
4 5477366272
3 5502864896
3 5502864896
4 5502864896
4 5502864896
3 5477366272
4 5477366272
3 5477366272
3 5496311296
4 5477366272
4 5496311296
1 5477366272
1 5502864896
1 5477366272
1 5502864896
1 5496311296
1 5477366272
1 5496311296
1 5477366272
2 15553698304
2 215579196928 
15553698304
2 15553698304
2 15579196928
2 15572643328
2 15572643328
2 15553698304
3 5496311296
3 5477366272
3 5477366272
4 5496311296
4 5477366272
4 5477366272
3 5477366272
3 5496311296
4 5477366272
4 5496311296
3 5477366272
34 5477366272
 5502864896
3 5502864896
4 5502864896
4 5502864896
1 5477366272
1 5477366272
1 5502864896
1 5502864896
1 5496311296
1 5477366272
1 5496311296
1 5477366272
2 15553698304
2 15553698304
2 15579196928
2 15579196928
2 15553698304
22 15572643328
 15553698304
2 15572643328
3 5477366272
4 5477366272
3 5496311296
3 5477366272
3 5477366272
34 5496311296
 5477366272
44 5477366272
 5496311296
4 5496311296
3 5502864896
3 5477366272
4 5502864896
4 5477366272
3 5502864896
4 5502864896
Epoch 1, Step 30, Loss: 9.685136795043945
1 5477366272
1 5502864896
1 5477366272
1 5502864896
1 5496311296
1 5477366272
1 5496311296
1 5477366272
2 15553698304
2 15553698304
2 15579196928
2 15579196928
22 15553698304
 15572643328
22 15553698304
 15572643328
3 5477366272
3 5477366272
3 54963112963
 5496311296
3 5477366272
3 5477366272
3 5502864896
3 5502864896
4 5857132032
4 5857132032
4 5857132032
4 5857132032
4 5857132032
4 5857132032
44 5857132032
 5857132032
1 5857132032
1 5857132032
1 5857132032
1 5857132032
1 5857132032
1 5857132032
1 5857132032
1 5857132032
2 15934240768
2 15934240768
22 15934240768
 15934240768
22 15934240768
 15934240768
2 15934240768
2 15934240768
3 6251397120
4 6251397120
3 6276895744
3 6251397120
4 46276895744
 6251397120
3 6251397120
4 6251397120
3 6276895744
4 6276895744
3 6270342144
3 6251397120
3 6270342144
4 6270342144
4 6270342144
4 6251397120
1 6251397120
1 6251397120
1 6276895744
1 6251397120
1 6251397120
1 6276895744
1 6270342144
1 6270342144
2 16328505856
2 16328505856
2 16328505856
2 16347450880
2 16354004480
2 16347450880
2 2 16354004480
16328505856
3 6270342144
3 6251397120
4 6270342144
4 6251397120
3 6270342144
3 6251397120
4 6270342144
4 6251397120
3 6251397120
4 6251397120
3 6276895744
3 6251397120
4 6276895744
4 6251397120
3 6276895744
4 6276895744
1 6251397120
1 6276895744
1 6270342144
1 6270342144
1 6251397120
1 6251397120
1 6276895744
1 6251397120
2 16328505856
2 16354004480
2 16328505856
2 16347450880
2 16328505856
2 16347450880
2 16354004480
2 16328505856
3 6251397120
3 6270342144
3 4 6251397120
3 6251397120
6251397120
4 6270342144
3 6270342144
4 6251397120
4 6251397120
4 6270342144
3 6251397120
3 6276895744
4 6251397120
3 6276895744
4 6276895744
4 6276895744
1 6270342144
1 6251397120
1 6276895744
1 6251397120
1 6276895744
1 6251397120
1 6251397120
1 6270342144
2 16347450880
2 16328505856
2 16354004480
2 16328505856
2 16328505856
2 16354004480
2 16328505856
2 16347450880
3 6270342144
4 6270342144
3 6251397120
4 6251397120
3 6270342144
3 6251397120
4 6270342144
4 6251397120
3 6251397120
4 6251397120
3 3 6251397120
6276895744
4 6251397120
4 6276895744
3 6276895744
4 6276895744
1 6276895744
1 6251397120
1 6251397120
1 6270342144
1 6270342144
1 6251397120
1 6251397120
1 6276895744
2 16354528768
2 16329030144
2 16329030144
2 16354528768
2 16347975168
2 16347975168
2 16329030144
2 16329030144
3 6270342144
3 6251397120
4 6270342144
3 6251397120
4 6251397120
4 6251397120
3 6251397120
4 6251397120
3 3 6251397120
6276895744
4 6251397120
4 6276895744
3 6276895744
4 6276895744
3 6270342144
4 6270342144
1 6276895744
1 6251397120
1 6251397120
1 6270342144
1 6251397120
1 6251397120
1 6276895744
1 6270342144
2 16353227776
2 16327729152
2 16353227776
22 16327729152
 16346674176
2 16327729152
2 16327729152
2 16346674176
3 6270342144
4 62703421443 6251397120

4 6251397120
3 6270342144
3 6251397120
3 6251397120
4 6270342144
4 6251397120
4 6251397120
3 6251397120
3 6276895744
4 6251397120
3 6276895744
4 6276895744
4 6276895744
1 6251397120
1 6276895744
1 6270342144
1 6270342144
1 6251397120
1 6251397120
1 6251397120
1 6276895744
2 16327729152
2 16353227776
2 16346674176
2 16346674176
2 16327729152
2 16327729152
2 16327729152
2 16353227776
33  62703421446251397120

4 4 6270342144
6251397120
3 6270342144
4 6270342144
3 6251397120
4 6251397120
3 6251397120
4 6251397120
3 62768957443
 6276895744
3 6251397120
4 6276895744
4 6276895744
4 6251397120
1 6251397120
1 6276895744
1 6251397120
1 6270342144
1 6251397120
1 6270342144
1 6276895744
1 6251397120
2 16354004480
2 16328505856
2 16328505856
2 16347450880
2 16328505856
2 16347450880
2 16328505856
2 16354004480
3 6251397120
4 6251397120
3 6251397120
3 6270342144
4 6251397120
4 6270342144
3 6251397120
33 6276895744
 6276895744
3 6251397120
4 6276895744
4 6251397120
4 6276895744
4 6251397120
3 6270342144
4 6270342144
1 6276895744
1 6251397120
1 6251397120
1 6270342144
1 6251397120
1 6276895744
1 6251397120
1 6270342144
2 16328505856
2 16354004480
2 16328505856
2 16354004480
2 16347450880
2 16328505856
2 16328505856
2 16347450880
3 6270342144
3 6251397120
4 6270342144
4 6251397120
3 6251397120
3 6251397120
3 6270342144
3 6276895744
4 6251397120
4 6251397120
4 6270342144
3 6276895744
3 6251397120
4 6276895744
4 6251397120
4 6276895744
1 6251397120
Epoch 1, Step 40, Loss: 1.052253007888794
1 6270342144
1 6251397120
1 6270342144
1 6251397120
2 16347975168
1 6276895744
2 16329030144
1 6276895744
2 16347975168
2 16329030144
2 16354528768
2 16329030144
2 16354528768
1 6251397120
2 16329030144
33 6251397120
4 6251397120
3 6251397120
4 6251397120
 6276895744
4 6276895744
3 6251397120
3 6251397120
33 6270342144
 6270342144
4 6251397120
4 6251397120
4 6270342144
4 6270342144
3 6276895744
4 6276895744
1 6276895744
1 6251397120
1 6251397120
1 6251397120
1 6270342144
1 6251397120
1 6270342144
1 6276895744
2 16353480192
2 16327981568
2 16327981568
22 16353480192
 16327981568
2 16327981568
2 16346926592
2 16346926592
3 6270342144
3 6270342144
3 6251397120
34 6270342144
 6251397120
4 6270342144
4 6251397120
4 6251397120
3 6251397120
3 6276895744
4 6251397120
4 6276895744
3 6251397120
4 6251397120
3 6276895744
4 6276895744
1 6276895744
1 6251397120
1 6270342144
1 6251397120
1 6270342144
1 6251397120
1 6276895744
1 6251397120
2 16328505856
2 16354004480
2 16328505856
2 16354004480
2 16328505856
2 16347450880
2 16328505856
2 16347450880
3 6251397120
4 6251397120
3 6270342144
4 6270342144
3 6251397120
3 6251397120
4 6251397120
4 6251397120
3 6251397120
3 6270342144
34 6251397120
 6276895744
4 6270342144
3 6276895744
4 6276895744
4 6276895744
1 6276895744
1 6251397120
1 6270342144
1 6270342144
1 6276895744
1 6251397120
1 6251397120
1 6251397120
2 16354528768
2 16347975168
2 16329030144
2 16347975168
2 16329030144
2 16354528768
2 16329030144
2 16329030144
srun: Job step aborted: Waiting up to 7 seconds for job step to finish.
slurmstepd: error: *** JOB 1122099 ON a01 CANCELLED AT 2024-12-13T18:26:41 DUE TO TIME LIMIT ***
W1213 18:26:41.476363 140444638431040 torch/distributed/elastic/agent/server/api.py:688] Received Signals.SIGTERM death signal, shutting down workers
W1213 18:26:41.477029 140444638431040 torch/distributed/elastic/multiprocessing/api.py:858] Sending process 646265 closing signal SIGTERM
W1213 18:26:41.477230 140444638431040 torch/distributed/elastic/multiprocessing/api.py:858] Sending process 646266 closing signal SIGTERM
W1213 18:26:41.477391 140444638431040 torch/distributed/elastic/multiprocessing/api.py:858] Sending process 646267 closing signal SIGTERM
W1213 18:26:41.477532 140444638431040 torch/distributed/elastic/multiprocessing/api.py:858] Sending process 646268 closing signal SIGTERM
slurmstepd: error: *** STEP 1122099.0 ON a01 CANCELLED AT 2024-12-13T18:26:41 DUE TO TIME LIMIT ***
W1213 18:26:41.478387 140444638431040 torch/distributed/elastic/multiprocessing/api.py:858] Sending process 646265 closing signal SIGTERM
W1213 18:26:41.478549 140444638431040 torch/distributed/elastic/multiprocessing/api.py:858] Sending process 646266 closing signal SIGTERM
W1213 18:26:41.478657 140444638431040 torch/distributed/elastic/multiprocessing/api.py:858] Sending process 646267 closing signal SIGTERM
W1213 18:26:41.478744 140444638431040 torch/distributed/elastic/multiprocessing/api.py:858] Sending process 646268 closing signal SIGTERM
W1213 18:26:41.477655 139987299747648 torch/distributed/elastic/agent/server/api.py:688] Received Signals.SIGTERM death signal, shutting down workers
W1213 18:26:41.478628 139987299747648 torch/distributed/elastic/multiprocessing/api.py:858] Sending process 13589 closing signal SIGTERM
W1213 18:26:41.478846 139987299747648 torch/distributed/elastic/multiprocessing/api.py:858] Sending process 13590 closing signal SIGTERM
W1213 18:26:41.478994 139987299747648 torch/distributed/elastic/multiprocessing/api.py:858] Sending process 13591 closing signal SIGTERM
W1213 18:26:41.479133 139987299747648 torch/distributed/elastic/multiprocessing/api.py:858] Sending process 13592 closing signal SIGTERM
W1213 18:26:41.479881 139987299747648 torch/distributed/elastic/multiprocessing/api.py:858] Sending process 13589 closing signal SIGTERM
W1213 18:26:41.480097 139987299747648 torch/distributed/elastic/multiprocessing/api.py:858] Sending process 13590 closing signal SIGTERM
W1213 18:26:41.480218 139987299747648 torch/distributed/elastic/multiprocessing/api.py:858] Sending process 13591 closing signal SIGTERM
W1213 18:26:41.480305 139987299747648 torch/distributed/elastic/multiprocessing/api.py:858] Sending process 13592 closing signal SIGTERM
