[2024-12-13 18:21:25,843] [INFO] [real_accelerator.py:219:get_accelerator] Setting ds_accelerator to cuda (auto detect)
[2024-12-13 18:21:25,843] [INFO] [real_accelerator.py:219:get_accelerator] Setting ds_accelerator to cuda (auto detect)
[2024-12-13 18:21:25,885] [INFO] [real_accelerator.py:219:get_accelerator] Setting ds_accelerator to cuda (auto detect)
[2024-12-13 18:21:25,885] [INFO] [real_accelerator.py:219:get_accelerator] Setting ds_accelerator to cuda (auto detect)
Warning: The cache directory for DeepSpeed Triton autotune, /home/s0/shpc125/.triton/autotune, appears to be on an NFS system. While this is generally acceptable, if you experience slowdowns or hanging when DeepSpeed exits, it is recommended to set the TRITON_CACHE_DIR environment variable to a non-NFS path.
Warning: The cache directory for DeepSpeed Triton autotune, /home/s0/shpc125/.triton/autotune, appears to be on an NFS system. While this is generally acceptable, if you experience slowdowns or hanging when DeepSpeed exits, it is recommended to set the TRITON_CACHE_DIR environment variable to a non-NFS path.
Warning: The cache directory for DeepSpeed Triton autotune, /home/s0/shpc125/.triton/autotune, appears to be on an NFS system. While this is generally acceptable, if you experience slowdowns or hanging when DeepSpeed exits, it is recommended to set the TRITON_CACHE_DIR environment variable to a non-NFS path.
Warning: The cache directory for DeepSpeed Triton autotune, /home/s0/shpc125/.triton/autotune, appears to be on an NFS system. While this is generally acceptable, if you experience slowdowns or hanging when DeepSpeed exits, it is recommended to set the TRITON_CACHE_DIR environment variable to a non-NFS path.
[2024-12-13 18:21:26,100] [INFO] [real_accelerator.py:219:get_accelerator] Setting ds_accelerator to cuda (auto detect)
[2024-12-13 18:21:26,103] [INFO] [real_accelerator.py:219:get_accelerator] Setting ds_accelerator to cuda (auto detect)
[2024-12-13 18:21:26,103] [INFO] [real_accelerator.py:219:get_accelerator] Setting ds_accelerator to cuda (auto detect)
[2024-12-13 18:21:26,104] [INFO] [real_accelerator.py:219:get_accelerator] Setting ds_accelerator to cuda (auto detect)
Warning: The cache directory for DeepSpeed Triton autotune, /home/s0/shpc125/.triton/autotune, appears to be on an NFS system. While this is generally acceptable, if you experience slowdowns or hanging when DeepSpeed exits, it is recommended to set the TRITON_CACHE_DIR environment variable to a non-NFS path.
Warning: The cache directory for DeepSpeed Triton autotune, /home/s0/shpc125/.triton/autotune, appears to be on an NFS system. While this is generally acceptable, if you experience slowdowns or hanging when DeepSpeed exits, it is recommended to set the TRITON_CACHE_DIR environment variable to a non-NFS path.
Warning: The cache directory for DeepSpeed Triton autotune, /home/s0/shpc125/.triton/autotune, appears to be on an NFS system. While this is generally acceptable, if you experience slowdowns or hanging when DeepSpeed exits, it is recommended to set the TRITON_CACHE_DIR environment variable to a non-NFS path.
Warning: The cache directory for DeepSpeed Triton autotune, /home/s0/shpc125/.triton/autotune, appears to be on an NFS system. While this is generally acceptable, if you experience slowdowns or hanging when DeepSpeed exits, it is recommended to set the TRITON_CACHE_DIR environment variable to a non-NFS path.
[2024-12-13 18:22:04,423] [INFO] [comm.py:652:init_distributed] cdb=None
[2024-12-13 18:22:04,432] [INFO] [config.py:733:__init__] Config mesh_device None world_size = 8
[2024-12-13 18:22:04,582] [INFO] [comm.py:652:init_distributed] cdb=None
[2024-12-13 18:22:04,583] [INFO] [comm.py:683:init_distributed] Initializing TorchBackend in DeepSpeed with backend nccl
[2024-12-13 18:22:04,586] [INFO] [logging.py:128:log_dist] [Rank 0] DeepSpeed info: version=0.16.0, git-hash=unknown, git-branch=unknown
[2024-12-13 18:22:04,586] [INFO] [config.py:733:__init__] Config mesh_device None world_size = 8
[2024-12-13 18:22:04,756] [INFO] [comm.py:652:init_distributed] cdb=None
[2024-12-13 18:22:04,763] [INFO] [config.py:733:__init__] Config mesh_device None world_size = 8
[2024-12-13 18:22:05,444] [INFO] [comm.py:652:init_distributed] cdb=None
[2024-12-13 18:22:05,455] [INFO] [config.py:733:__init__] Config mesh_device None world_size = 8
[2024-12-13 18:22:13,198] [INFO] [comm.py:652:init_distributed] cdb=None
[2024-12-13 18:22:13,200] [INFO] [comm.py:652:init_distributed] cdb=None
[2024-12-13 18:22:13,206] [INFO] [config.py:733:__init__] Config mesh_device None world_size = 8
[2024-12-13 18:22:13,208] [INFO] [config.py:733:__init__] Config mesh_device None world_size = 8
[2024-12-13 18:22:13,279] [INFO] [comm.py:652:init_distributed] cdb=None
[2024-12-13 18:22:13,289] [INFO] [config.py:733:__init__] Config mesh_device None world_size = 8
[2024-12-13 18:22:13,520] [INFO] [comm.py:652:init_distributed] cdb=None
[2024-12-13 18:22:13,526] [INFO] [config.py:733:__init__] Config mesh_device None world_size = 8
Using /home/s0/shpc125/.cache/torch_extensions/py38_cu118 as PyTorch extensions root...
Using /home/s0/shpc125/.cache/torch_extensions/py38_cu118 as PyTorch extensions root...
Using /home/s0/shpc125/.cache/torch_extensions/py38_cu118 as PyTorch extensions root...
Using /home/s0/shpc125/.cache/torch_extensions/py38_cu118 as PyTorch extensions root...
Using /home/s0/shpc125/.cache/torch_extensions/py38_cu118 as PyTorch extensions root...
Using /home/s0/shpc125/.cache/torch_extensions/py38_cu118 as PyTorch extensions root...
Using /home/s0/shpc125/.cache/torch_extensions/py38_cu118 as PyTorch extensions root...
[2024-12-13 18:22:18,313] [INFO] [logging.py:128:log_dist] [Rank 0] DeepSpeed Flops Profiler Enabled: False
Using /home/s0/shpc125/.cache/torch_extensions/py38_cu118 as PyTorch extensions root...
Detected CUDA files, patching ldflags
Emitting ninja build file /home/s0/shpc125/.cache/torch_extensions/py38_cu118/fused_adam/build.ninja...
/usr/local/lib/python3.8/dist-packages/torch/utils/cpp_extension.py:1965: UserWarning: TORCH_CUDA_ARCH_LIST is not set, all archs for visible cards are included for compilation. 
If this is not desired, please set os.environ['TORCH_CUDA_ARCH_LIST'].
  warnings.warn(
Building extension module fused_adam...
Allowing ninja to set a default number of workers... (overridable by setting the environment variable MAX_JOBS=N)
ninja: no work to do.
Loading extension module fused_adam...
Time to load fused_adam op: 0.9472520351409912 seconds
Loading extension module fused_adam...Loading extension module fused_adam...Loading extension module fused_adam...


Time to load fused_adam op: 0.9361310005187988 secondsTime to load fused_adam op: 0.945610523223877 secondsTime to load fused_adam op: 0.9799356460571289 seconds


Loading extension module fused_adam...Loading extension module fused_adam...Loading extension module fused_adam...Loading extension module fused_adam...



Time to load fused_adam op: 3.4128024578094482 secondsTime to load fused_adam op: 3.4136383533477783 secondsTime to load fused_adam op: 3.368523120880127 secondsTime to load fused_adam op: 3.3883533477783203 seconds



[2024-12-13 18:22:21,702] [INFO] [logging.py:128:log_dist] [Rank 0] Using DeepSpeed Optimizer param name adam as basic optimizer
[2024-12-13 18:22:21,703] [INFO] [logging.py:128:log_dist] [Rank 0] Removing param_group that has no 'params' in the basic Optimizer
[2024-12-13 18:22:21,777] [INFO] [logging.py:128:log_dist] [Rank 0] DeepSpeed Basic Optimizer = FusedAdam
[2024-12-13 18:22:21,777] [INFO] [utils.py:59:is_zero_supported_optimizer] Checking ZeRO support for optimizer=FusedAdam type=<class 'deepspeed.ops.adam.fused_adam.FusedAdam'>
[2024-12-13 18:22:21,777] [INFO] [logging.py:128:log_dist] [Rank 0] Creating torch.float32 ZeRO stage 1 optimizer
[2024-12-13 18:22:21,778] [INFO] [stage_1_and_2.py:149:__init__] Reduce bucket size 500000000
[2024-12-13 18:22:21,778] [INFO] [stage_1_and_2.py:150:__init__] Allgather bucket size 500000000
[2024-12-13 18:22:21,778] [INFO] [stage_1_and_2.py:151:__init__] CPU Offload: False
[2024-12-13 18:22:21,778] [INFO] [stage_1_and_2.py:152:__init__] Round robin gradient partitioning: False
1 3521893888
2 15150913536
1 3521893888
3 10179905024
4 10179905024
2 15150913536
1 3521893888
1 3521893888
1 10179905024
2 20256237056
3 10179905024
4 10179905024
2 15150913536
2 15150913536
1 10179905024
2 20256237056
1 3521893888
3 10179905024
4 10179905024
3 10179905024
4 10179905024
3 10179905024
4 10179905024
3 10179905024
4 10179905024
1 10179905024
1 10179905024
2 20256237056
2 20256237056
1 10179905024
1 3521893888
1 10179905024
2 20256237056
2 15150913536
2 20256237056
1 3521893888
[2024-12-13 18:22:33,021] [INFO] [utils.py:781:see_memory_usage] Before initializing optimizer states
[2024-12-13 18:22:33,022] [INFO] [utils.py:782:see_memory_usage] MA 3.28 GB         Max_MA 3.28 GB         CA 3.29 GB         Max_CA 3 GB 
[2024-12-13 18:22:33,023] [INFO] [utils.py:789:see_memory_usage] CPU Virtual Memory:  used = 20.15 GB, percent = 4.3%
3 10179905024
4 10179905024
3 10179905024
4 10179905024
[2024-12-13 18:22:33,253] [INFO] [utils.py:781:see_memory_usage] After initializing optimizer states
[2024-12-13 18:22:33,254] [INFO] [utils.py:782:see_memory_usage] MA 3.28 GB         Max_MA 3.64 GB         CA 3.65 GB         Max_CA 4 GB 
[2024-12-13 18:22:33,254] [INFO] [utils.py:789:see_memory_usage] CPU Virtual Memory:  used = 20.15 GB, percent = 4.3%
[2024-12-13 18:22:33,254] [INFO] [stage_1_and_2.py:544:__init__] optimizer state initialized
2 15150913536
3 10179905024
4 10179905024
3 10179905024
4 10179905024
[2024-12-13 18:22:33,468] [INFO] [utils.py:781:see_memory_usage] After initializing ZeRO optimizer
[2024-12-13 18:22:33,470] [INFO] [utils.py:782:see_memory_usage] MA 3.28 GB         Max_MA 3.28 GB         CA 3.65 GB         Max_CA 4 GB 
[2024-12-13 18:22:33,470] [INFO] [utils.py:789:see_memory_usage] CPU Virtual Memory:  used = 20.16 GB, percent = 4.3%
[2024-12-13 18:22:33,473] [INFO] [logging.py:128:log_dist] [Rank 0] DeepSpeed Final Optimizer = DeepSpeedZeroOptimizer
[2024-12-13 18:22:33,473] [INFO] [logging.py:128:log_dist] [Rank 0] DeepSpeed using configured LR scheduler = None
[2024-12-13 18:22:33,473] [INFO] [logging.py:128:log_dist] [Rank 0] DeepSpeed LR Scheduler = None
[2024-12-13 18:22:33,473] [INFO] [logging.py:128:log_dist] [Rank 0] step=0, skipped=0, lr=[0.0001], mom=[(0.9, 0.999)]
[2024-12-13 18:22:33,476] [INFO] [config.py:999:print] DeepSpeedEngine configuration:
[2024-12-13 18:22:33,477] [INFO] [config.py:1003:print]   activation_checkpointing_config  {
    "partition_activations": false, 
    "contiguous_memory_optimization": false, 
    "cpu_checkpointing": false, 
    "number_checkpoints": null, 
    "synchronize_checkpoint_boundary": false, 
    "profile": false
}
[2024-12-13 18:22:33,477] [INFO] [config.py:1003:print]   aio_config ................... {'block_size': 1048576, 'queue_depth': 8, 'thread_count': 1, 'single_submit': False, 'overlap_events': True, 'use_gds': False}
[2024-12-13 18:22:33,477] [INFO] [config.py:1003:print]   amp_enabled .................. False
[2024-12-13 18:22:33,477] [INFO] [config.py:1003:print]   amp_params ................... False
[2024-12-13 18:22:33,478] [INFO] [config.py:1003:print]   autotuning_config ............ {
    "enabled": false, 
    "start_step": null, 
    "end_step": null, 
    "metric_path": null, 
    "arg_mappings": null, 
    "metric": "throughput", 
    "model_info": null, 
    "results_dir": "autotuning_results", 
    "exps_dir": "autotuning_exps", 
    "overwrite": true, 
    "fast": true, 
    "start_profile_step": 3, 
    "end_profile_step": 5, 
    "tuner_type": "gridsearch", 
    "tuner_early_stopping": 5, 
    "tuner_num_trials": 50, 
    "model_info_path": null, 
    "mp_size": 1, 
    "max_train_batch_size": null, 
    "min_train_batch_size": 1, 
    "max_train_micro_batch_size_per_gpu": 1.024000e+03, 
    "min_train_micro_batch_size_per_gpu": 1, 
    "num_tuning_micro_batch_sizes": 3
}
[2024-12-13 18:22:33,478] [INFO] [config.py:1003:print]   bfloat16_enabled ............. False
[2024-12-13 18:22:33,478] [INFO] [config.py:1003:print]   bfloat16_immediate_grad_update  False
[2024-12-13 18:22:33,478] [INFO] [config.py:1003:print]   checkpoint_parallel_write_pipeline  False
[2024-12-13 18:22:33,478] [INFO] [config.py:1003:print]   checkpoint_tag_validation_enabled  True
[2024-12-13 18:22:33,478] [INFO] [config.py:1003:print]   checkpoint_tag_validation_fail  False
[2024-12-13 18:22:33,478] [INFO] [config.py:1003:print]   comms_config ................. <deepspeed.comm.config.DeepSpeedCommsConfig object at 0x7fe5a24b1f70>
[2024-12-13 18:22:33,478] [INFO] [config.py:1003:print]   communication_data_type ...... None
[2024-12-13 18:22:33,478] [INFO] [config.py:1003:print]   compression_config ........... {'weight_quantization': {'shared_parameters': {'enabled': False, 'quantizer_kernel': False, 'schedule_offset': 0, 'quantize_groups': 1, 'quantize_verbose': False, 'quantization_type': 'symmetric', 'quantize_weight_in_forward': False, 'rounding': 'nearest', 'fp16_mixed_quantize': False, 'quantize_change_ratio': 0.001}, 'different_groups': {}}, 'activation_quantization': {'shared_parameters': {'enabled': False, 'quantization_type': 'symmetric', 'range_calibration': 'dynamic', 'schedule_offset': 1000}, 'different_groups': {}}, 'sparse_pruning': {'shared_parameters': {'enabled': False, 'method': 'l1', 'schedule_offset': 1000}, 'different_groups': {}}, 'row_pruning': {'shared_parameters': {'enabled': False, 'method': 'l1', 'schedule_offset': 1000}, 'different_groups': {}}, 'head_pruning': {'shared_parameters': {'enabled': False, 'method': 'topk', 'schedule_offset': 1000}, 'different_groups': {}}, 'channel_pruning': {'shared_parameters': {'enabled': False, 'method': 'l1', 'schedule_offset': 1000}, 'different_groups': {}}, 'layer_reduction': {'enabled': False}}
[2024-12-13 18:22:33,479] [INFO] [config.py:1003:print]   curriculum_enabled_legacy .... False
[2024-12-13 18:22:33,479] [INFO] [config.py:1003:print]   curriculum_params_legacy ..... False
[2024-12-13 18:22:33,479] [INFO] [config.py:1003:print]   data_efficiency_config ....... {'enabled': False, 'seed': 1234, 'data_sampling': {'enabled': False, 'num_epochs': 1000, 'num_workers': 0, 'curriculum_learning': {'enabled': False}}, 'data_routing': {'enabled': False, 'random_ltd': {'enabled': False, 'layer_token_lr_schedule': {'enabled': False}}}}
[2024-12-13 18:22:33,479] [INFO] [config.py:1003:print]   data_efficiency_enabled ...... False
[2024-12-13 18:22:33,479] [INFO] [config.py:1003:print]   dataloader_drop_last ......... False
[2024-12-13 18:22:33,479] [INFO] [config.py:1003:print]   disable_allgather ............ False
[2024-12-13 18:22:33,479] [INFO] [config.py:1003:print]   dump_state ................... False
[2024-12-13 18:22:33,479] [INFO] [config.py:1003:print]   dynamic_loss_scale_args ...... None
[2024-12-13 18:22:33,479] [INFO] [config.py:1003:print]   eigenvalue_enabled ........... False
[2024-12-13 18:22:33,479] [INFO] [config.py:1003:print]   eigenvalue_gas_boundary_resolution  1
[2024-12-13 18:22:33,480] [INFO] [config.py:1003:print]   eigenvalue_layer_name ........ bert.encoder.layer
[2024-12-13 18:22:33,480] [INFO] [config.py:1003:print]   eigenvalue_layer_num ......... 0
[2024-12-13 18:22:33,480] [INFO] [config.py:1003:print]   eigenvalue_max_iter .......... 100
[2024-12-13 18:22:33,480] [INFO] [config.py:1003:print]   eigenvalue_stability ......... 1e-06
[2024-12-13 18:22:33,480] [INFO] [config.py:1003:print]   eigenvalue_tol ............... 0.01
[2024-12-13 18:22:33,480] [INFO] [config.py:1003:print]   eigenvalue_verbose ........... False
[2024-12-13 18:22:33,480] [INFO] [config.py:1003:print]   elasticity_enabled ........... False
[2024-12-13 18:22:33,480] [INFO] [config.py:1003:print]   flops_profiler_config ........ {
    "enabled": false, 
    "recompute_fwd_factor": 0.0, 
    "profile_step": 1, 
    "module_depth": -1, 
    "top_modules": 1, 
    "detailed": true, 
    "output_file": null
}
[2024-12-13 18:22:33,480] [INFO] [config.py:1003:print]   fp16_auto_cast ............... None
[2024-12-13 18:22:33,481] [INFO] [config.py:1003:print]   fp16_enabled ................. False
[2024-12-13 18:22:33,481] [INFO] [config.py:1003:print]   fp16_master_weights_and_gradients  False
[2024-12-13 18:22:33,481] [INFO] [config.py:1003:print]   global_rank .................. 0
[2024-12-13 18:22:33,481] [INFO] [config.py:1003:print]   grad_accum_dtype ............. None
[2024-12-13 18:22:33,481] [INFO] [config.py:1003:print]   gradient_accumulation_steps .. 32
[2024-12-13 18:22:33,481] [INFO] [config.py:1003:print]   gradient_clipping ............ 0.0
[2024-12-13 18:22:33,481] [INFO] [config.py:1003:print]   gradient_predivide_factor .... 1.0
[2024-12-13 18:22:33,481] [INFO] [config.py:1003:print]   graph_harvesting ............. False
[2024-12-13 18:22:33,481] [INFO] [config.py:1003:print]   hybrid_engine ................ enabled=False max_out_tokens=512 inference_tp_size=1 release_inference_cache=False pin_parameters=True tp_gather_partition_size=8
[2024-12-13 18:22:33,481] [INFO] [config.py:1003:print]   initial_dynamic_scale ........ 65536
[2024-12-13 18:22:33,481] [INFO] [config.py:1003:print]   load_universal_checkpoint .... False
[2024-12-13 18:22:33,482] [INFO] [config.py:1003:print]   loss_scale ................... 0
[2024-12-13 18:22:33,482] [INFO] [config.py:1003:print]   memory_breakdown ............. False
[2024-12-13 18:22:33,482] [INFO] [config.py:1003:print]   mics_hierarchial_params_gather  False
[2024-12-13 18:22:33,482] [INFO] [config.py:1003:print]   mics_shard_size .............. -1
[2024-12-13 18:22:33,482] [INFO] [config.py:1003:print]   monitor_config ............... tensorboard=TensorBoardConfig(enabled=False, output_path='', job_name='DeepSpeedJobName') comet=CometConfig(enabled=False, samples_log_interval=100, project=None, workspace=None, api_key=None, experiment_name=None, experiment_key=None, online=None, mode=None) wandb=WandbConfig(enabled=False, group=None, team=None, project='deepspeed') csv_monitor=CSVConfig(enabled=False, output_path='', job_name='DeepSpeedJobName')
[2024-12-13 18:22:33,482] [INFO] [config.py:1003:print]   nebula_config ................ {
    "enabled": false, 
    "persistent_storage_path": null, 
    "persistent_time_interval": 100, 
    "num_of_version_in_retention": 2, 
    "enable_nebula_load": true, 
    "load_path": null
}
[2024-12-13 18:22:33,482] [INFO] [config.py:1003:print]   optimizer_legacy_fusion ...... False
[2024-12-13 18:22:33,483] [INFO] [config.py:1003:print]   optimizer_name ............... adam
[2024-12-13 18:22:33,483] [INFO] [config.py:1003:print]   optimizer_params ............. {'lr': 0.0001}
[2024-12-13 18:22:33,483] [INFO] [config.py:1003:print]   pipeline ..................... {'stages': 'auto', 'partition': 'best', 'seed_layers': False, 'activation_checkpoint_interval': 0, 'pipe_partitioned': True, 'grad_partitioned': True}
[2024-12-13 18:22:33,483] [INFO] [config.py:1003:print]   pld_enabled .................. False
[2024-12-13 18:22:33,483] [INFO] [config.py:1003:print]   pld_params ................... False
[2024-12-13 18:22:33,483] [INFO] [config.py:1003:print]   prescale_gradients ........... False
[2024-12-13 18:22:33,483] [INFO] [config.py:1003:print]   scheduler_name ............... None
[2024-12-13 18:22:33,483] [INFO] [config.py:1003:print]   scheduler_params ............. None
[2024-12-13 18:22:33,483] [INFO] [config.py:1003:print]   seq_parallel_communication_data_type  torch.float32
[2024-12-13 18:22:33,483] [INFO] [config.py:1003:print]   sparse_attention ............. None
[2024-12-13 18:22:33,484] [INFO] [config.py:1003:print]   sparse_gradients_enabled ..... False
[2024-12-13 18:22:33,484] [INFO] [config.py:1003:print]   steps_per_print .............. None
[2024-12-13 18:22:33,484] [INFO] [config.py:1003:print]   timers_config ................ enabled=True synchronized=True
[2024-12-13 18:22:33,484] [INFO] [config.py:1003:print]   train_batch_size ............. 512
[2024-12-13 18:22:33,484] [INFO] [config.py:1003:print]   train_micro_batch_size_per_gpu  2
[2024-12-13 18:22:33,484] [INFO] [config.py:1003:print]   use_data_before_expert_parallel_  False
[2024-12-13 18:22:33,484] [INFO] [config.py:1003:print]   use_node_local_storage ....... False
[2024-12-13 18:22:33,484] [INFO] [config.py:1003:print]   wall_clock_breakdown ......... False
[2024-12-13 18:22:33,484] [INFO] [config.py:1003:print]   weight_quantization_config ... None
[2024-12-13 18:22:33,484] [INFO] [config.py:1003:print]   world_size ................... 8
[2024-12-13 18:22:33,484] [INFO] [config.py:1003:print]   zero_allow_untested_optimizer  False
[2024-12-13 18:22:33,485] [INFO] [config.py:1003:print]   zero_config .................. stage=1 contiguous_gradients=True reduce_scatter=True reduce_bucket_size=500000000 use_multi_rank_bucket_allreduce=True allgather_partitions=True allgather_bucket_size=500000000 overlap_comm=False load_from_fp32_weights=True elastic_checkpoint=False offload_param=None offload_optimizer=None sub_group_size=1000000000 cpu_offload_param=None cpu_offload_use_pin_memory=None cpu_offload=None prefetch_bucket_size=50000000 param_persistence_threshold=100000 model_persistence_threshold=9223372036854775807 max_live_parameters=1000000000 max_reuse_distance=1000000000 gather_16bit_weights_on_model_save=False module_granularity_threshold=0 use_all_reduce_for_fetch_params=False stage3_gather_fp16_weights_on_model_save=False ignore_unused_parameters=True legacy_stage1=False round_robin_gradients=False zero_hpz_partition_size=1 zero_quantized_weights=False zero_quantized_nontrainable_weights=False zero_quantized_gradients=False mics_shard_size=-1 mics_hierarchical_params_gather=False memory_efficient_linear=True pipeline_loading_checkpoint=False override_module_apply=True
[2024-12-13 18:22:33,485] [INFO] [config.py:1003:print]   zero_enabled ................. True
[2024-12-13 18:22:33,485] [INFO] [config.py:1003:print]   zero_force_ds_cpu_optimizer .. True
[2024-12-13 18:22:33,485] [INFO] [config.py:1003:print]   zero_optimization_stage ...... 1
[2024-12-13 18:22:33,485] [INFO] [config.py:989:print_user_config]   json = {
    "train_batch_size": 512, 
    "train_micro_batch_size_per_gpu": 2, 
    "zero_optimization": {
        "stage": 1, 
        "reduce_scatter": true, 
        "allgather_partitions": true
    }, 
    "optimizer": {
        "type": "Adam", 
        "params": {
            "lr": 0.0001
        }
    }
}
1 3521893888
3 10179905024
4 10179905024
1 10179905024
2 15150913536
2 20256237056
1 10179905024
3 10179905024
4 10179905024
2 20256237056
1 10179905024
2 20256237056
1 10179905024
3 10179905024
4 10179905024
2 15150913536
2 20256237056
3 10179905024
4 10179905024
1 10179905024
1 10179905024
2 20256237056
3 10179905024
4 10179905024
2 20256237056
3 10179905024
4 10179905024
1 10179905024
3 10179905024
4 10179905024
2 20256237056
1 10179905024
3 10179905024
4 10179905024
2 20256237056
1 10179905024
3 10179905024
4 10179905024
Epoch 1, Step 0, Loss: 10.302806854248047
1 10179905024
2 20256237056
1 10179905024
2 20256870912
3 10179905024
4 10179905024
2 20256237056
3 10179905024
4 10179905024
1 10179905024
1 10179905024
3 10179905024
4 10179905024
2 20256237056
3 10179905024
4 10179905024
2 20256237056
3 10179905024
4 10179905024
1 10179905024
3 10179905024
4 10179905024
2 20256237056
1 10179905024
2 20256870912
1 10179905024
3 10179905024
4 10179905024
1 10179905024
3 10179905024
4 10179905024
2 20256237056
1 10179905024
2 20256237056
1 10179905024
3 10179905024
4 10179905024
2 20256870912
2 20256237056
3 10179905024
4 10179905024
3 10179905024
4 10179905024
1 10179905024
3 10179905024
4 10179905024
1 10179905024
2 20256237056
1 10179905024
2 20256870912
2 20256237056
3 10179905024
4 10179905024
1 10179905024
2 20256237056
1 10179905024
1 10179905024
2 20256870912
2 20256870912
3 10179905024
4 10179905024
3 10179905024
4 10179905024
3 10179905024
4 10179905024
1 10179905024
3 10179905024
4 10179905024
2 20256237056
3 10179905024
4 10179905024
3 10179905024
4 10179905024
3 10179905024
4 10179905024
1 10179905024
1 10179905024
2 20256870912
2 20256870912
1 10179905024
1 10179905024
1 10179905024
3 10179905024
4 10179905024
1 10179905024
2 20256870912
2 20256237056
2 20256237056
2 20256237056
1 10179905024
2 20256237056
3 10179905024
4 10179905024
3 10179905024
4 10179905024
3 10179905024
4 10179905024
1 10179905024
2 20256870912
3 10179905024
4 10179905024
3 10179905024
4 10179905024
3 10179905024
4 10179905024
1 10179905024
2 20256237056
1 10179905024
1 10179905024
3 10179905024
4 10179905024
2 20256237056
2 20256237056
1 10179905024
3 10179905024
4 10179905024
2 20256870912
1 10179905024
1 10179905024
2 20256870912
2 20256870912
3 10179905024
4 10179905024
3 10179905024
4 10179905024
3 10179905024
4 10179905024
3 10179905024
4 10179905024
1 10179905024
1 10179905024
3 10179905024
4 10179905024
2 20256237056
2 20256870912
1 10179905024
3 10179905024
4 10179905024
2 20256870912
1 10179905024
2 20256870912
1 10179905024
1 10179905024
1 10179905024
2 20256870912
2 20256237056
2 20256237056
3 10179905024
4 10179905024
3 10179905024
4 10179905024
1 10179905024
3 10179905024
4 10179905024
2 20256237056
3 10179905024
4 10179905024
3 10179905024
4 10179905024
3 10179905024
4 10179905024
3 10179905024
4 10179905024
1 10179905024
1 10179905024
2 20256237056
1 10179905024
2 20256870912
2 20256237056
3 10179905024
4 10179905024
1 10179905024
1 10179905024
2 20256870912
1 10179905024
2 20256870912
3 10179905024
4 10179905024
2 20256237056
1 10179905024
3 10179905024
4 10179905024
3 10179905024
4 10179905024
2 20256237056
1 10179905024
3 10179905024
4 10179905024
2 20256870912
3 10179905024
4 10179905024
1 10179905024
2 20256870912
1 10179905024
3 10179905024
4 10179905024
1 10179905024
2 20256870912
1 10179905024
2 20256237056
1 10179905024
2 20256237056
2 20256237056
3 10179905024
4 10179905024
3 10179905024
4 10179905024
1 10179905024
3 10179905024
4 10179905024
3 10179905024
4 10179905024
2 20256870912
3 10179905024
4 10179905024
3 10179905024
4 10179905024
3 10179905024
4 10179905024
1 10179905024
1 10179905024
2 20256237056
1 10179905024
2 20256237056
2 20256237056
1 10179905024
3 10179905024
4 10179905024
1 10179905024
1 10179905024
2 20256870912
1 10179905024
2 20256870912
2 20256870912
3 10179905024
4 10179905024
2 20256870912
3 10179905024
4 10179905024
3 10179905024
4 10179905024
1 10179905024
3 10179905024
4 10179905024
3 10179905024
4 10179905024
2 20256237056
1 10179905024
3 10179905024
4 10179905024
2 20256870912
1 10179905024
2 20256870912
1 10179905024
1 10179905024
1 10179905024
2 20256870912
2 20256237056
2 20256237056
3 10179905024
4 10179905024
3 10179905024
4 10179905024
3 10179905024
4 10179905024
1 10179905024
2 20256237056
3 10179905024
4 10179905024
3 10179905024
4 10179905024
3 10179905024
4 10179905024
3 10179905024
4 10179905024
1 10179905024
1 10179905024
2 20256237056
1 10179905024
2 20256870912
2 20256237056
3 10179905024
4 10179905024
1 10179905024
1 10179905024
2 20256237056
1 10179905024
2 20256870912
2 20256870912
1 10179905024
3 10179905024
4 10179905024
2 20256237056
3 10179905024
4 10179905024
3 10179905024
4 10179905024
1 10179905024
2 20256870912
3 10179905024
4 10179905024
3 10179905024
4 10179905024
1 10179905024
2 20256870912
1 10179905024
3 10179905024
4 10179905024
2 20256870912
1 10179905024
1 10179905024
3 10179905024
4 10179905024
2 20256237056
1 10179905024
2 20256237056
3 10179905024
4 10179905024
2 20256237056
3 10179905024
4 10179905024
3 10179905024
4 10179905024
1 10179905024
Epoch 1, Step 10, Loss: 10.119654655456543
2 20256870912
3 10179905024
4 10179905024
3 10179905024
4 10179905024
1 10179905024
3 10179905024
4 10179905024
1 10179905024
2 20256237056
1 10179905024
2 20256237056
1 10179905024
2 20256870912
2 20256237056
1 10179905024
1 10179905024
3 10179905024
4 10179905024
2 20256870912
2 20256870912
1 10179905024
3 10179905024
4 10179905024
2 20256870912
3 10179905024
4 10179905024
3 10179905024
4 10179905024
3 10179905024
4 10179905024
1 10179905024
3 10179905024
4 10179905024
1 10179905024
2 20256237056
2 20256870912
1 10179905024
1 10179905024
3 10179905024
4 10179905024
3 10179905024
4 10179905024
2 20256870912
2 20256870912
1 10179905024
1 10179905024
2 20256237056
2 20256237056
3 10179905024
4 10179905024
3 10179905024
4 10179905024
3 10179905024
4 10179905024
1 10179905024
2 20256237056
3 10179905024
4 10179905024
3 10179905024
4 10179905024
1 10179905024
3 10179905024
4 10179905024
1 10179905024
2 20256237056
2 20256237056
1 10179905024
1 10179905024
2 20256237056
2 20256870912
1 10179905024
1 10179905024
1 10179905024
3 10179905024
4 10179905024
2 20256870912
2 20256237056
2 20256870912
3 10179905024
4 10179905024
3 10179905024
4 10179905024
3 10179905024
4 10179905024
3 10179905024
4 10179905024
1 10179905024
3 10179905024
4 10179905024
1 10179905024
3 10179905024
4 10179905024
3 10179905024
4 10179905024
2 20256870912
2 20256870912
1 10179905024
2 20256870912
1 10179905024
1 10179905024
1 10179905024
2 20256237056
2 20256237056
2 20256237056
3 10179905024
4 10179905024
1 10179905024
3 10179905024
4 10179905024
2 20256870912
3 10179905024
4 10179905024
1 10179905024
2 20256870912
3 10179905024
4 10179905024
3 10179905024
4 10179905024
1 10179905024
3 10179905024
4 10179905024
2 20256237056
1 10179905024
1 10179905024
2 20256237056
3 10179905024
4 10179905024
2 20256237056
1 10179905024
1 10179905024
2 20256870912
2 20256870912
3 10179905024
4 10179905024
1 10179905024
2 20256870912
3 10179905024
4 10179905024
1 10179905024
3 10179905024
4 10179905024
3 10179905024
4 10179905024
3 10179905024
4 10179905024
2 20256237056
3 10179905024
4 10179905024
1 10179905024
2 20256870912
1 10179905024
2 20256870912
3 10179905024
4 10179905024
1 10179905024
1 10179905024
2 20256237056
1 10179905024
2 20256237056
3 10179905024
4 10179905024
3 10179905024
4 10179905024
1 10179905024
2 20256870912
2 20256237056
3 10179905024
4 10179905024
1 10179905024
2 20256237056
3 10179905024
4 10179905024
3 10179905024
4 10179905024
1 10179905024
1 10179905024
2 20256237056
2 20256870912
3 10179905024
4 10179905024
1 10179905024
2 20256237056
1 10179905024
1 10179905024
3 10179905024
2 20256870912
4 10179905024
3 10179905024
2 20256870912
4 10179905024
3 10179905024
1 10179905024
4 10179905024
3 10179905024
3 10179905024
4 10179905024
4 10179905024
2 20256237056
3 10179905024
4 10179905024
3 10179905024
4 10179905024
1 10179905024
1 10179905024
2 20256870912
2 20256870912
1 10179905024
1 10179905024
2 20256870912
1 10179905024
2 20256237056
1 10179905024
3 10179905024
4 10179905024
1 10179905024
2 20256237056
2 20256870912
2 20256237056
3 10179905024
4 10179905024
3 10179905024
4 10179905024
3 10179905024
4 10179905024
1 10179905024
3 10179905024
4 10179905024
3 10179905024
4 10179905024
3 10179905024
4 10179905024
1 10179905024
2 20256870912
2 20256237056
1 10179905024
1 10179905024
2 20256237056
2 20256237056
1 10179905024
1 10179905024
2 20256870912
3 10179905024
4 10179905024
2 20256870912
1 10179905024
3 10179905024
4 10179905024
2 20256870912
3 10179905024
4 10179905024
3 10179905024
4 10179905024
3 10179905024
4 10179905024
3 10179905024
4 10179905024
1 10179905024
3 10179905024
4 10179905024
2 20256870912
1 10179905024
1 10179905024
1 10179905024
3 10179905024
4 10179905024
2 20256237056
2 20256237056
2 20256870912
1 10179905024
1 10179905024
1 10179905024
2 20256237056
3 10179905024
4 10179905024
2 20256237056
2 20256870912
1 10179905024
3 10179905024
4 10179905024
2 20256237056
3 10179905024
4 10179905024
3 10179905024
4 10179905024
1 10179905024
3 10179905024
4 10179905024
2 20256237056
3 10179905024
4 10179905024
1 10179905024
3 10179905024
4 10179905024
2 20256237056
1 10179905024
1 10179905024
3 10179905024
4 10179905024
1 10179905024
2 20256870912
2 20256870912
3 10179905024
4 10179905024
2 20256870912
1 10179905024
2 20256237056
3 10179905024
4 10179905024
3 10179905024
4 10179905024
1 10179905024
1 10179905024
1 10179905024
3 10179905024
4 10179905024
2 20256870912
3 10179905024
4 10179905024
2 20256870912
2 20256870912
1 10179905024
2 20256870912
3 10179905024
4 10179905024
1 10179905024
1 10179905024
2 20256237056
3 10179905024
4 10179905024
2 20256237056
1 10179905024
3 10179905024
4 10179905024
2 20256237056
3 10179905024
4 10179905024
1 10179905024
3 10179905024
4 10179905024
2 20256870912
1 10179905024
3 10179905024
4 10179905024
3 10179905024
4 10179905024
Epoch 1, Step 20, Loss: 10.141439437866211
2 20256237056
1 10179905024
1 10179905024
3 10179905024
4 10179905024
2 20256237056
2 20256237056
1 10179905024
1 10179905024
2 20256870912
3 10179905024
4 10179905024
3 10179905024
4 10179905024
2 20256870912
1 10179905024
3 10179905024
4 10179905024
2 20256237056
1 10179905024
2 20256870912
3 10179905024
4 10179905024
1 10179905024
3 10179905024
4 10179905024
3 10179905024
4 10179905024
2 20256870912
1 10179905024
2 20256237056
1 10179905024
2 20256870912
1 10179905024
1 10179905024
2 20256237056
1 10179905024
3 10179905024
4 10179905024
2 20256237056
3 10179905024
4 10179905024
2 20256870912
3 10179905024
4 10179905024
3 10179905024
4 10179905024
3 10179905024
4 10179905024
3 10179905024
4 10179905024
1 10179905024
3 10179905024
4 10179905024
2 20256237056
1 10179905024
2 20256237056
3 10179905024
4 10179905024
1 10179905024
1 10179905024
2 20256237056
1 10179905024
2 20256870912
1 10179905024
2 20256870912
1 10179905024
3 10179905024
4 10179905024
2 20256870912
2 20256870912
1 10179905024
3 10179905024
4 10179905024
3 10179905024
4 10179905024
2 20256237056
3 10179905024
4 10179905024
3 10179905024
4 10179905024
1 10179905024
3 10179905024
4 10179905024
2 20256870912
1 10179905024
2 20256870912
1 10179905024
1 10179905024
1 10179905024
2 20256870912
3 10179905024
4 10179905024
1 10179905024
2 20256237056
3 10179905024
4 10179905024
3 10179905024
4 10179905024
2 20256237056
2 20256237056
3 10179905024
4 10179905024
1 10179905024
3 10179905024
4 10179905024
2 20256237056
3 10179905024
4 10179905024
1 10179905024
2 20256870912
3 10179905024
4 10179905024
1 10179905024
1 10179905024
2 20256237056
1 10179905024
2 20256237056
2 20256870912
3 10179905024
4 10179905024
3 5477366272
1 10179905024
1 10179905024
2 20256237056
3 10179905024
4 10179905024
2 20256870912
1 10179905024
3 10179905024
4 10179905024
2 20256870912
3 5496311296
3 10179905024
4 10179905024
1 10179905024
3 10179905024
4 10179905024
3 10179905024
4 10179905024
1 10179905024
2 20256237056
3 10179905024
4 10179905024
2 20256237056
1 10179905024
2 20256870912
1 10179905024
1 10179905024
2 20256237056
3 10179905024
4 10179905024
2 20256237056
1 10179905024
2 20256870912
3 5502864896
3 10179905024
4 10179905024
1 10179905024
3 10179905024
4 10179905024
2 20256870912
3 5477366272
1 10179905024
1 10179905024
3 10179905024
4 10179905024
2 20256870912
2 20256237056
3 10179905024
4 10179905024
3 10179905024
4 10179905024
1 10179905024
3 10179905024
4 10179905024
2 20256237056
1 10179905024
2 20256237056
1 10179905024
1 10179905024
2 20256237056
3 10179905024
4 10179905024
2 20256870912
3 10179905024
4 10179905024
3 10179905024
4 10179905024
3 10179905024
4 10179905024
1 10179905024
2 20256870912
1 10179905024
1 10179905024
1 10179905024
2 20256237056
3 10179905024
4 10179905024
2 20256870912
2 20256870912
3 10179905024
4 10179905024
3 10179905024
4 10179905024
1 10179905024
2 20256237056
3 10179905024
4 10179905024
1 10179905024
1 10179905024
2 20256237056
2 20256870912
3 10179905024
4 10179905024
1 10179905024
3 10179905024
4 10179905024
2 20256237056
1 10179905024
2 20256870912
1 10179905024
3 5496311296
2 20256237056
3 10179905024
4 10179905024
3 10179905024
4 10179905024
Epoch 1, Step 30, Loss: 10.18435001373291
1 10179905024
2 20256237056
1 10179905024
2 20256870912
3 5502864896
3 10179905024
4 10179905024
3 5477366272
1 10179905024
2 20256237056
3 10179905024
4 10179905024
1 10179905024
2 20256870912
3 10179905024
4 10179905024
1 10179905024
2 20256237056
3 10179905024
4 10179905024
1 10179905024
2 20256870912
3 10179905024
4 10179905024
1 10179905024
2 20256237056
3 10179905024
4 10179905024
1 10179905024
2 20256870912
3 10179905024
4 10179905024
1 10179905024
2 20256237056
3 5477366272
4 5857132032
4 5857132032
4 5857132032
4 5857132032
4 5857132032
44 5857132032
4 5857132032
 5857132032
1 5857132032
1 5857132032
1 5857132032
1 5857132032
1 5857132032
1 5857132032
1 5857132032
1 5857132032
2 15934512640
2 15933878784
2 15934312448
2 15934512640
2 15934512640
2 15933878784
2 15934312448
2 15934512640
3 10954631680
4 10954631680
3 10954631680
4 10954631680
3 10954288640
4 10954288640
3 10954016768
4 10954016768
3 10954016768
4 10954016768
3 10954631680
4 10954631680
3 10954288640
4 10954288640
3 10954631680
4 10954631680
1 10954631680
1 10954288640
1 10954631680
1 10954016768
2 21031840768
2 21031750144
2 21031750144
2 21031983616
1 10954016768
1 10954288640
1 10954631680
2 21031840768
2 21031983616
2 21031750144
3 10954631680
4 10954631680
3 10954631680
4 10954631680
3 10954288640
4 10954288640
3 10954016768
4 10954016768
1 10954631680
3 10954288640
4 10954288640
2 21031750144
3 10954016768
4 10954016768
3 10954631680
4 10954631680
1 10954631680
1 10954631680
1 10954288640
1 10954016768
2 21031750144
2 21031750144
2 21031568896
2 21031840768
1 10954288640
1 10954631680
1 10954016768
2 21031840768
3 10954631680
4 10954631680
3 10954631680
4 10954631680
3 10954288640
4 10954288640
3 10954016768
4 10954016768
2 21031750144
2 21031568896
3 10954631680
4 10954631680
1 10954631680
1 10954631680
1 10954288640
1 10954016768
3 10954288640
4 10954288640
2 21031750144
2 21031750144
2 21031840768
2 21031568896
3 10954016768
4 10954016768
3 10954631680
4 10954631680
1 10954631680
3 10954631680
4 10954631680
3 10954631680
4 10954631680
2 21031750144
3 10954288640
4 10954288640
3 10954016768
4 10954016768
1 10954288640
2 21031840768
1 10954631680
1 10954016768
2 21031750144
2 21031568896
1 10954631680
1 10954631680
1 10954288640
1 10954016768
2 21031750144
2 21031750144
2 21031840768
2 21031568896
3 10954288640
4 10954288640
3 10954631680
4 10954631680
3 10954016768
4 10954016768
3 10954631680
4 10954631680
3 10954631680
4 10954631680
3 10954631680
4 10954631680
3 10954288640
4 10954288640
3 10954016768
1 10954288640
4 10954016768
2 21031840768
1 10954016768
1 10954288640
1 10954016768
2 21031840768
1 10954631680
2 21031568896
1 10954631680
1 10954631680
2 21031568896
1 10954631680
2 21031750144
2 21031750144
2 21031750144
2 21031750144
3 10954288640
4 10954288640
3 10954016768
4 10954016768
3 10954288640
4 10954288640
3 10954631680
4 10954631680
3 10954016768
4 10954016768
3 10954631680
4 10954631680
3 10954631680
4 10954631680
1 10954016768
1 10954288640
1 10954288640
2 21031568896
2 21031840768
2 21031840768
1 10954631680
3 10954631680
4 10954631680
1 10954631680
2 21031750144
2 21032012288
1 10954016768
1 10954631680
2 21031568896
2 21031750144
3 10954016768
4 10954016768
3 10954288640
4 10954288640
3 10954288640
4 10954288640
3 10954631680
4 10954631680
3 10954631680
4 10954631680
1 10954631680
2 21031750144
1 10954016768
1 10954288640
3 10954016768
4 10954016768
2 21031568896
2 21031840768
1 10954631680
3 10954631680
4 10954631680
1 10954631680
1 10954288640
2 21030963712
2 21031750144
2 21031840768
3 10954016768
4 10954016768
3 10954288640
4 10954288640
1 10954016768
1 10954631680
3 10954631680
4 10954631680
2 21031568896
3 10954631680
4 10954631680
2 21032012288
3 10954288640
4 10954288640
3 10954631680
4 10954631680
1 10954016768
1 10954288640
2 21031568896
2 21031840768
1 10954631680
1 10954631680
2 21031750144
2 21031750144
3 10954016768
4 10954016768
1 10954288640
3 10954631680
4 10954631680
2 21031840768
3 10954016768
4 10954016768
3 10954288640
4 10954288640
3 10954631680
4 10954631680
1 10954631680
3 10954631680
4 10954631680
2 21031750144
1 10954016768
1 10954016768
1 10954288640
1 10954631680
2 21031568896
3 10954288640
4 10954288640
2 21031840768
2 21031568896
2 21031750144
1 10954631680
1 10954631680
2 21031750144
2 21031750144
3 10954016768
4 10954016768
3 10954288640
4 10954288640
1 10954288640
3 10954016768
4 10954016768
3 10954631680
4 10954631680
2 21031840768
3 10954631680
4 10954631680
3 10954631680
4 10954631680
3 10954631680
4 10954631680
1 10954016768
1 10954288640
2 21031568896
2 21031840768
1 10954631680
1 10954631680
2 21031750144
3 10954288640
4 10954288640
1 10954016768
2 21032012288
1 10954631680
2 21031568896
2 21032012288
3 10954016768
4 10954016768
3 10954288640
4 10954288640
1 10954631680
3 10954631680
4 10954631680
2 21032012288
3 10954631680
4 10954631680
1 10954288640
2 21031840768
1 10954016768
1 10954288640
2 21031568896
3 10954016768
4 10954016768
2 21031840768
3 10954631680
4 10954631680
1 10954631680
1 10954631680
2 21031750144
2 21031750144
Epoch 1, Step 40, Loss: 1.465976595878601
3 10954288640
4 10954288640
3 10954016768
4 10954016768
3 10954288640
4 10954288640
1 10954631680
1 10954016768
3 10954631680
4 10954631680
2 21031750144
3 10954631680
4 10954631680
2 21031568896
3 10954631680
4 10954631680
1 10954016768
1 10954288640
1 10954288640
2 21031568896
2 21031840768
2 21031840768
1 10954631680
1 10954631680
2 21031750144
2 21031750144
3 10954016768
4 10954016768
3 10954631680
4 10954631680
1 10954631680
3 10954016768
4 10954016768
2 21031750144
3 10954288640
4 10954288640
3 10954288640
4 10954288640
3 10954631680
4 10954631680
3 10954631680
4 10954631680
1 10954288640
1 10954016768
1 10954016768
1 10954631680
2 21031840768
2 21031568896
2 21031568896
1 10954631680
2 21031750144
1 10954631680
1 10954288640
2 21031750144
2 21031750144
2 21031840768
3 10954631680
4 10954631680
3 10954288640
4 10954288640
3 10954016768
4 10954016768
3 10954631680
4 10954631680
3 10954016768
4 10954016768
3 10954631680
4 10954631680
3 10954631680
4 10954631680
3 10954288640
4 10954288640
1 10954631680
1 10954288640
1 10954016768
2 21031568896
2 21032012288
2 21031840768
1 10954631680
1 10954631680
2 21031750144
1 10954016768
2 21031750144
1 10954631680
1 10954288640
2 21031568896
2 21031750144
2 21031840768
3 10954016768
4 10954016768
3 10954288640
4 10954288640
3 10954631680
4 10954631680
3 10954631680
4 10954631680
3 10954631680
4 10954631680
1 10954288640
1 10954016768
2 21031568896
2 21031840768
3 10954288640
4 10954288640
3 10954016768
4 10954016768
3 10954631680
4 10954631680
1 10954631680
1 10954631680
2 21031750144
2 21031750144
1 10954631680
3 10954288640
4 10954288640
3 10954016768
4 10954016768
1 10954288640
2 21031750144
1 10954016768
2 21031840768
1 10954631680
3 10954631680
4 10954631680
2 21031568896
3 10954631680
4 10954631680
2 21032012288
1 10954288640
1 10954016768
2 21031840768
2 21031568896
1 10954631680
1 10954631680
2 21031750144
3 10954288640
4 10954288640
2 21031750144
3 10954631680
4 10954631680
3 10954631680
4 10954631680
3 10954016768
4 10954016768
3 10954288640
4 10954288640
3 10954016768
4 10954016768
3 10954631680
4 10954631680
3 10954631680
4 10954631680
1 10954288640
2 21031840768
1 10954288640
1 10954016768
2 21031840768
1 10954631680
2 21031568896
1 10954016768
1 10954631680
1 10954631680
2 21031750144
2 21031568896
1 10954631680
2 21031750144
2 21031750144
2 21031750144
3 10954288640
4 10954288640
3 10954288640
4 10954288640
3 10954016768
4 10954016768
3 10954631680
4 10954631680
3 10954631680
4 10954631680
3 10954631680
4 10954631680
3 10954016768
4 10954016768
1 10954288640
1 10954016768
1 10954288640
2 21031568896
2 21031840768
2 21031840768
1 10954631680
3 10954631680
4 10954631680
1 10954631680
2 21031750144
2 21032012288
1 10954631680
1 10954016768
3 10954288640
4 10954288640
3 10954016768
4 10954016768
2 21032012288
2 21031568896
3 10954288640
4 10954288640
3 10954631680
4 10954631680
3 10954631680
4 10954631680
1 10954631680
1 10954288640
1 10954016768
2 21031750144
2 21031568896
2 21031840768
1 10954631680
3 10954631680
4 10954631680
1 10954288640
1 10954631680
3 10954016768
4 10954016768
2 21031750144
2 21031750144
2 21031840768
3 10954016768
4 10954016768
3 10954288640
4 10954288640
3 10954631680
4 10954631680
1 10954631680
3 10954631680
4 10954631680
1 10954016768
3 10954288640
4 10954288640
2 21031750144
2 21031568896
1 10954288640
3 10954631680
4 10954631680
1 10954016768
2 21031840768
2 21031568896
1 10954631680
1 10954631680
2 21031750144
2 21031750144
1 10954288640
2 21031840768
3 10954288640
4 10954288640
3 10954016768
4 10954016768
3 10954631680
4 10954631680
3 10954016768
4 10954016768
1 10954631680
3 10954631680
4 10954631680
3 10954631680
4 10954631680
2 21032012288
1 10954288640
1 10954016768
2 21031840768
3 10954288640
4 10954288640
2 21031568896
1 10954631680
1 10954631680
1 10954016768
2 21031750144
1 10954631680
2 21031750144
2 21031568896
2 21031750144
3 10954288640
4 10954288640
3 10954016768
4 10954016768
1 10954288640
2 21031840768
3 10954631680
4 10954631680
3 10954631680
4 10954631680
3 10954631680
4 10954631680
3 10954631680
4 10954631680
1 10954288640
1 10954016768
2 21031840768
3 10954016768
4 10954016768
2 21031568896
1 10954631680
1 10954631680
3 10954288640
4 10954288640
2 21031750144
2 21030963712
1 10954631680
3 10954288640
4 10954288640
3 10954016768
4 10954016768
1 10954631680
2 21031750144
1 10954016768
2 21031750144
2 21031568896
3 10954631680
4 10954631680
1 10954288640
3 10954631680
4 10954631680
2 21031840768
1 10954288640
1 10954016768
2 21031840768
2 21031568896
1 10954631680
1 10954631680
2 21031750144
3 10954631680
4 10954631680
2 21031750144
3 10954016768
4 10954016768
3 10954288640
4 10954288640
3 10954288640
4 10954288640
3 10954016768
4 10954016768
3 10954631680
4 10954631680
3 10954631680
4 10954631680
3 10954631680
4 10954631680
1 10954631680
2 21031750144
1 10954288640
1 10954016768
1 10954288640
1 10954016768
2 21031840768
2 21031568896
2 21031840768
2 21031568896
1 10954631680
1 10954631680
2 21031750144
2 21031750144
1 10954631680
3 10954288640
4 10954288640
3 10954016768
4 10954016768
3 10954631680
4 10954631680
2 21032012288
3 10954288640
4 10954288640
3 10954631680
4 10954631680
3 10954016768
4 10954016768
3 10954631680
4 10954631680
1 10954288640
1 10954016768
Epoch 1, Step 50, Loss: 2.2927637100219727
2 21031840768
2 21031568896
1 10954631680
1 10954288640
1 10954631680
1 10954631680
2 21031750144
2 21031840768
2 21031750144
2 21031750144
1 10954016768
2 21031568896
3 10954288640
4 10954288640
3 10954631680
4 10954631680
3 10954016768
4 10954016768
3 10954631680
4 10954631680
3 10954631680
4 10954631680
3 10954288640
4 10954288640
1 10954288640
3 10954631680
4 10954631680
1 10954016768
2 21031840768
2 21031568896
1 10954631680
3 10954016768
4 10954016768
1 10954631680
1 10954631680
2 21031750144
2 21031750144
2 21032012288
1 10954288640
2 21031840768
3 10954288640
4 10954288640
3 10954016768
1 10954631680
4 10954016768
2 21031750144
3 10954631680
4 10954631680
1 10954016768
3 10954631680
4 10954631680
2 21031568896
1 10954288640
1 10954016768
2 21031840768
3 10954631680
4 10954631680
3 10954288640
4 10954288640
2 21031568896
1 10954631680
1 10954631680
2 21031750144
3 10954631680
4 10954631680
2 21031750144
3 10954288640
4 10954288640
3 10954016768
4 10954016768
1 10954288640
3 10954016768
4 10954016768
1 10954631680
2 21031840768
3 10954631680
4 10954631680
2 21031750144
3 10954631680
4 10954631680
1 10954631680
1 10954288640
1 10954016768
2 21031840768
2 21030963712
2 21031568896
1 10954631680
1 10954016768
3 10954288640
4 10954288640
1 10954631680
2 21031750144
2 21031568896
2 21031750144
3 10954288640
4 10954288640
3 10954016768
4 10954016768
3 10954631680
4 10954631680
3 10954631680
4 10954631680
3 10954631680
4 10954631680
1 10954288640
3 10954631680
4 10954631680
2 21031840768
1 10954288640
1 10954016768
3 10954016768
4 10954016768
2 21031840768
2 21031568896
1 10954631680
1 10954631680
1 10954631680
1 10954631680
2 21031750144
2 21031750144
2 21031750144
2 21031750144
3 10954288640
4 10954288640
3 10954288640
4 10954288640
3 10954016768
4 10954016768
1 10954016768
2 21031568896
3 10954631680
4 10954631680
3 10954631680
4 10954631680
1 10954288640
1 10954288640
1 10954016768
3 10954631680
4 10954631680
2 21031840768
2 21031840768
2 21031568896
3 10954631680
4 10954631680
1 10954631680
1 10954631680
2 21031750144
2 21031750144
3 10954016768
4 10954016768
3 10954288640
4 10954288640
3 10954016768
4 10954016768
3 10954288640
4 10954288640
1 10954631680
2 21030963712
1 10954631680
3 10954631680
4 10954631680
3 10954631680
4 10954631680
2 21031750144
1 10954288640
1 10954016768
1 10954016768
2 21031840768
2 21031568896
2 21031568896
1 10954288640
1 10954631680
2 21031840768
1 10954631680
2 21031750144
2 21031750144
3 10954631680
4 10954631680
3 10954631680
4 10954631680
3 10954016768
4 10954016768
3 10954288640
4 10954288640
1 10954631680
3 6270342144
3 6276895744
2 21031750144
3 6251397120
3 6251397120
1 10954631680
1 10954288640
1 10954016768
2 21031750144
2 21031840768
2 21031568896
3 10954631680
4 10954631680
3 10954288640
4 10954288640
3 10954016768
4 10954016768
3 10954631680
4 10954631680
1 10954631680
2 21030963712
1 10954288640
2 21031840768
1 10954016768
2 21031568896
1 10954631680
3 10954631680
4 10954631680
2 21031750144
3 10954288640
4 10954288640
3 10954016768
4 10954016768
1 10954288640
1 10954631680
2 21031840768
3 10954631680
4 10954631680
2 21031750144
1 10954016768
2 21031568896
3 10954288640
4 10954288640
3 10954631680
4 10954631680
1 10954631680
2 21030963712
1 10954288640
3 10954016768
4 10954016768
2 21031840768
1 10954631680
2 21031750144
3 10954631680
4 10954631680
3 10954288640
4 10954288640
1 10954016768
2 21031568896
3 10954631680
4 10954631680
1 10954288640
2 21031840768
1 10954631680
3 10954016768
4 10954016768
1 10954631680
2 21031750144
2 21031750144
1 10954016768
2 21031568896
3 10954631680
4 10954631680
3 6270342144
3 10954631680
4 10954631680
Epoch 1, Step 60, Loss: 1.2693774700164795
3 10954016768
4 10954016768
1 10954631680
2 21031750144
1 10954631680
2 21030963712
1 10954016768
2 21031568896
3 10954631680
4 10954631680
1 10954631680
3 10954016768
4 10954016768
2 21031750144
3 10954631680
4 10954631680
1 10954016768
2 21031568896
3 10954631680
4 10954631680
1 10954631680
2 21031750144
1 10954631680
3 10954016768
4 10954016768
2 21030963712
1 10954016768
3 10954631680
4 10954631680
2 21031568896
1 10954631680
3 6251397120
2 21030963712
3 10954631680
4 10954631680
3 6276895744
1 10954631680
2 21031750144
3 10954631680
4 10954631680
1 10954631680
2 21031750144
3 10954631680
4 10954631680
1 10954631680
2 21031750144
3 10954631680
4 10954631680
1 10954631680
2 21031750144
3 10954631680
4 10954631680
1 10954631680
2 21031750144
3 10954631680
4 10954631680
1 10954631680
2 21030963712
3 6251397120
4 5857132032
4 5857132032
4 5857132032
4 5857132032
4 5857132032
4 5857132032
44 5857132032
 5857132032
1 5857132032
1 5857132032
1 5857132032
1 5857132032
1 5857132032
1 5857132032
1 5857132032
1 5857132032
2 15934331392
2 15933878784
2 15934140928
2 15935361024
22  1593431244815933464064

2 15934331392
2 15933897728
3 10955418112
3 10955680256
3 10954431488
3 10954936832
3 10955246592
3 10953935872
3 10953935872
3 10955246592
4 10955680256
4 10955418112
4 10954431488
4 10954936832
1 10955418112
1 10955680256
1 10954431488
1 10954936832
4 10953935872
2 21033323008
2 21031983616
2 21032889344
4 10955246592
2 21032932352
4 10953935872
1 10953935872
1 10955246592
1 10953935872
2 21032365056
2 21032365056
2 21032355328
4 10955246592
3 10955680256
3 10955418112
3 10954431488
3 10954936832
1 10955246592
2 21032365056
4 10955680256
4 10955418112
4 10954431488
4 10954936832
3 10953935872
1 10955680256
1 10954431488
3 10955246592
1 10954936832
1 10955418112
2 21033323008
2 21031983616
2 21032932352
3 10953935872
2 21033151488
4 10953935872
4 10955246592
1 10953935872
4 10953935872
2 21032365056
3 10955680256
3 10954431488
3 10954936832
1 10955246592
3 10955418112
1 10953935872
2 21032365056
3 10955246592
2 21031831040
4 10955680256
4 10954431488
4 10954936832
4 10955418112
1 10955680256
1 10954936832
1 10955418112
1 10954431488
3 10953935872
2 21033323008
2 21032932352
2 21033566208
2 21031983616
4 10955246592
3 10955246592
1 10955246592
3 10953935872
4 10953935872
2 21032365056
3 10955680256
3 10954936832
3 10955418112
3 10954431488
1 10953935872
4 10955246592
2 21032365056
4 10953935872
4 10955680256
4 10954936832
4 10955418112
4 10954431488
1 10955246592
1 10953935872
1 10955680256
1 10954936832
1 10955418112
2 21032365056
1 10954431488
2 21032932352
2 21033566208
2 21031831040
2 21033323008
2 21031983616
3 10953935872
3 10955246592
3 10955680256
3 10954936832
3 10955418112
3 10954431488
3 10955246592
4 10953935872
3 10953935872
4 10955680256
1 10953935872
4 10954936832
4 10955418112
4 10954431488
2 21031054336
1 10954936832
1 10955418112
1 10955680256
1 10954431488
4 10955246592
4 10955246592
2 21032932352
2 21033566208
2 21031983616
2 21033323008
4 10953935872
1 10955246592
1 10955246592
2 21032365056
2 21032365056
1 10953935872
2 21031831040
3 10953935872
3 10954936832
3 10955832832
3 10955680256
3 10954431488
4 10953935872
4 10954936832
4 10955832832
4 10955680256
4 10954431488
3 10955246592
1 10954936832
1 10955832832
1 10955680256
1 10954431488
1 10953935872
2 21033323008
2 21031983616
3 10953935872
2 21032932352
2 21033151488
2 21032365056
3 10955246592
4 10955246592
4 10953935872
1 10955246592
3 10954936832
3 10955418112
3 10955680256
3 10954431488
2 21032365056
1 10953935872
3 10953935872
2 21031831040
4 10955418112
4 10954936832
4 10955680256
4 10954431488
4 10955246592
1 10954936832
1 10955418112
1 10955680256
1 10954431488
4 10953935872
2 21031983616
2 21033566208
2 21033323008
2 21032932352
1 10955246592
2 21032365056
1 10953935872
3 10955246592
2 21032365056
3 10953935872
3 10955680256
3 10954431488
3 10955832832
3 10954936832
4 10955246592
4 10955680256
4 10954431488
4 10955832832
4 10954936832
1 10955246592
4 10953935872
3 10953935872
2 21032365056
1 10955832832
1 10954936832
1 10955680256
1 10954431488
1 10953935872
2 21033151488
2 21032932352
2 21031983616
2 21033323008
2 21031831040
4 10953935872
3 10955246592
1 10953935872
3 10955418112
3 10954936832
3 10955680256
2 21031054336
3 10954431488
3 10955246592
4 10955418112
4 10955680256
4 10954936832
3 10953935872
4 10954431488
4 10955246592
1 10955418112
1 10954431488
1 10955680256
1 10954936832
4 10955246592
Epoch 1, Step 70, Loss: 2.7829041481018066
2 21033566208
2 21031983616
1 10955246592
3 10953935872
2 21032932352
2 21033323008
2 21032365056
4 10953935872
1 10955246592
2 21032365056
1 10953935872
4 10953935872
3 10955418112
2 21031831040
3 10954431488
3 10955680256
3 10954936832
1 10953935872
2 21032365056
4 10955418112
4 10954431488
4 10955680256
4 10954936832
1 10955418112
1 10954431488
3 10955246592
1 10955680256
1 10954936832
2 21033566208
2 21031983616
2 21033323008
2 21032932352
3 10955246592
3 10953935872
3 10953935872
4 10955246592
3 10955418112
3 10954431488
1 10955246592
3 10955680256
4 10953935872
3 10954936832
4 10955246592
4 10953935872
2 21032365056
1 10953935872
4 10955418112
4 10954431488
1 10955246592
1 10953935872
4 10955680256
2 21031831040
4 10954936832
1 10955418112
1 10954431488
2 21032365056
2 21032365056
1 10955680256
1 10954936832
2 21033566208
2 21031983616
2 21033323008
2 21032932352
3 10955246592
3 10953935872
3 10955418112
3 10954431488
3 10955680256
3 10953935872
3 10954936832
4 10955246592
3 10955246592
4 10955418112
4 10954431488
4 10953935872
4 10955680256
1 10955246592
4 10954936832
1 10955418112
1 10954431488
1 10955680256
2 21032365056
1 10953935872
2 21033566208
1 10954936832
2 21031983616
4 10953935872
2 21033323008
2 21031054336
2 21032932352
4 10955246592
1 10953935872
2 21031831040
1 10955246592
2 21032365056
3 10955418112
3 10954431488
3 10955680256
3 10954936832
3 10955246592
3 10953935872
4 10955418112
4 10954431488
4 10955680256
4 10954936832
1 10954431488
1 10955418112
1 10955680256
4 10953935872
2 21031983616
3 10953935872
1 10954936832
4 10955246592
2 21033323008
2 21033566208
2 21032932352
1 10953935872
1 10955246592
2 21032365056
2 21032365056
3 10955246592
4 10953935872
3 10954431488
3 10955418112
3 10955680256
3 10954936832
1 10953935872
2 21031831040
4 10954431488
4 10955246592
4 10955418112
4 10955680256
4 10954936832
3 10953935872
1 10954431488
1 10955418112
1 10955680256
1 10955246592
2 21031983616
1 10954936832
3 10955246592
2 21033323008
2 21033566208
2 21032365056
2 21032932352
4 10953935872
3 10953935872
1 10953935872
4 10955246592
3 10954431488
2 21032365056
3 10955418112
3 10955680256
3 10954936832
1 10955246592
2 21032365056
4 10953935872
4 10954431488
4 10955418112
4 10955680256
4 10954936832
1 10954431488
1 10953935872
3 10955246592
1 10955418112
1 10955680256
1 10954936832
2 21031983616
2 21033566208
2 21031831040
3 10953935872
2 21033323008
2 21032932352
3 10955246592
4 10953935872
4 10955246592
3 10954431488
3 10955418112
3 10955680256
3 10954936832
1 10953935872
1 10955246592
2 21032365056
3 10953935872
2 21032365056
4 10954431488
4 10955246592
4 10955418112
4 10955680256
4 10954936832
1 10954431488
1 10955418112
1 10955246592
1 10955680256
1 10954936832
2 21031983616
2 21033566208
2 21032365056
4 10953935872
2 21032932352
2 21033323008
1 10953935872
3 10953935872
2 21031831040
3 10954431488
3 10955418112
3 10955680256
3 10954936832
4 10953935872
3 10955246592
4 10954431488
4 10955418112
1 10953935872
3 10955246592
4 10955680256
4 10954936832
2 21031054336
1 10954431488
1 10955418112
1 10955680256
2 21031197184
1 10954936832
2 21033566208
3 10953935872
2 21033323008
4 10955246592
2 21032932352
4 10955246592
1 10955246592
2 21032365056
1 10955246592
3 10953935872
4 10953935872
3 10954431488
2 21032365056
3 10955418112
3 10955680256
3 10954936832
1 10953935872
2 21031831040
4 10954431488
4 10955418112
4 10953935872
4 10955680256
4 10954936832
1 10954431488
1 10955418112
1 10955680256
1 10953935872
2 21031983616
1 10954936832
2 21033566208
2 21033323008
2 21032365056
2 21032932352
3 10955246592
3 10955246592
3 10953935872
3 10954431488
3 10955418112
3 10955680256
3 10954936832
4 10955246592
3 10953935872
4 10954431488
4 10955418112
1 10955246592
4 10955246592
4 10955680256
4 10953935872
4 10954936832
2 21032365056
1 10954431488
1 10955418112
1 10955246592
4 10953935872
1 10955680256
2 21031197184
1 10954936832
1 10953935872
2 21033566208
2 21033323008
2 21032365056
2 21031831040
2 21032932352
1 10953935872
2 21032365056
3 10954431488
3 10955418112
3 10955680256
3 10954936832
3 10955246592
4 10954431488
4 10955418112
4 10955680256
3 10953935872
3 10953935872
4 10954936832
1 10954431488
1 10955418112
1 10955680256
4 10955246592
2 21031983616
1 10954936832
3 10955246592
2 21033566208
2 21033323008
2 21032932352
1 10955246592
4 10953935872
4 10953935872
2 21032365056
1 10953935872
1 10953935872
3 10954431488
2 21032365056
3 10955418112
2 21031831040
3 10955680256
4 10955246592
3 10954936832
4 10954431488
1 10955246592
4 10955418112
4 10955680256
2 21032365056
4 10954936832
1 10954431488
1 10955418112
3 10955246592
1 10955680256
2 21031197184
1 10954936832
3 10953935872
2 21033566208
2 21033323008
2 21032932352
3 10953935872
4 10955246592
4 10953935872
3 10954431488
3 10955832832
3 10955680256
1 10955246592
1 10953935872
3 10954936832
4 10953935872
2 21032365056
2 21032365056
4 10954431488
1 10953935872
4 10955832832
3 10955246592
4 10955680256
4 10954936832
1 10954431488
2 21031831040
1 10955832832
1 10955680256
2 21031983616
1 10954936832
2 21033151488
2 21033323008
2 21032932352
3 10953935872
3 10955246592
4 10955246592
3 10954431488
3 10955418112
1 10955246592
3 10955680256
4 10953935872
3 10954936832
3 10953935872
2 21032365056
4 10955246592
Epoch 1, Step 80, Loss: 3.3299174308776855
4 10954431488
1 10953935872
4 10955418112
4 10955680256
4 10954936832
2 21032365056
1 10954431488
1 10955246592
1 10955418112
1 10955680256
4 10953935872
2 21031983616
1 10954936832
2 21033647104
2 21032365056
2 21033323008
2 21032932352
1 10953935872
2 21031831040
3 10953935872
3 10954431488
3 10955418112
3 10955680256
3 10954936832
3 10955246592
3 10955246592
4 10954431488
4 10953935872
4 10955418112
4 10955680256
4 10954936832
1 10954431488
1 10955418112
1 10953935872
2 21031983616
1 10955680256
2 21033566208
1 10954936832
2 21033323008
2 21032365056
4 10955246592
4 10955246592
3 10953935872
2 21032932352
1 10955246592
1 10955246592
2 21032365056
3 10954431488
2 21032365056
3 10955832832
3 10955680256
4 10953935872
3 10953935872
3 10954936832
1 10953935872
4 10954431488
4 10955832832
2 21031831040
4 10955680256
1 10954431488
1 10955832832
4 10954936832
4 10953935872
2 21031197184
1 10955680256
2 21033151488
2 21033323008
3 10955246592
1 10954936832
1 10953935872
2 21032932352
2 21031054336
3 10954431488
4 10955246592
3 10955246592
3 10955418112
3 10953935872
3 10955680256
1 10955246592
3 10954936832
2 21032365056
4 10954431488
4 10955418112
4 10955680256
3 10953935872
1 10954431488
4 10953935872
1 10955418112
4 10954936832
2 21031983616
1 10955680256
2 21033566208
4 10955246592
2 21033323008
1 10954936832
1 10953935872
4 10953935872
2 21031831040
2 21032932352
1 10955246592
2 21032365056
1 10953935872
3 10954431488
3 10955246592
2 21032365056
3 10955832832
3 10955680256
3 10954936832
4 10954431488
4 10955832832
4 10955680256
4 10955246592
1 10954431488
1 10955832832
3 10953935872
4 10954936832
2 21031983616
2 21033151488
1 10955680256
3 10953935872
1 10955246592
1 10954936832
2 21033323008
2 21032365056
2 21032932352
4 10953935872
4 10953935872
3 10955246592
3 10954431488
3 10955418112
1 10953935872
1 10953935872
2 21031831040
3 10955680256
2 21032365056
3 10954936832
4 10954431488
4 10955418112
1 10954431488
4 10955680256
3 10955246592
1 10955418112
4 10954936832
2 21031983616
4 10955246592
2 21033566208
1 10955680256
1 10954936832
2 21033323008
1 10955246592
2 21032932352
3 10953935872
4 10955246592
3 10953935872
2 21032365056
3 10954431488
1 10955246592
3 10955832832
2 21032365056
4 10953935872
3 10955680256
3 10954936832
4 10953935872
4 10954431488
1 10953935872
4 10955832832
2 21032365056
1 10954431488
4 10955680256
1 10953935872
1 10955832832
4 10954936832
2 21031983616
2 21031831040
2 21033151488
1 10955680256
1 10954936832
2 21033323008
2 21032932352
3 10955246592
3 10955246592
3 10953935872
3 10954431488
3 10955418112
3 10955680256
4 10955246592
3 10953935872
3 10954936832
4 10954431488
4 10953935872
4 10955418112
1 10955246592
1 10954431488
4 10955246592
4 10955680256
1 10955418112
2 21032365056
1 10953935872
4 10954936832
2 21031983616
2 21033566208
1 10955680256
4 10953935872
2 21032365056
1 10955246592
2 21033323008
1 10954936832
2 21032365056
2 21032932352
1 10953935872
2 21031831040
3 10954431488
3 10955418112
3 10955680256
3 10953935872
3 10955246592
4 10954431488
3 10954936832
4 10955418112
1 10954431488
4 10955680256
1 10955418112
4 10953935872
2 21031983616
2 21033566208
4 10954936832
3 10955246592
4 10955246592
1 10955680256
3 10953935872
1 10953935872
2 21033323008
1 10954936832
2 21032365056
1 10955246592
2 21032932352
2 21032365056
4 10953935872
4 10955246592
1 10953935872
1 10955246592
2 21031831040
2 21032365056
3 10953935872
3 6276895744
3 6251397120
3 10955246592
4 10953935872
3 6270342144
3 6251397120
1 10953935872
2 21032365056
4 10955246592
3 10953935872
3 10955246592
1 10955246592
4 10953935872
2 21032365056
3 10953935872
1 10953935872
4 10955246592
2 21031831040
4 10953935872
1 10955246592
2 21032365056
3 10955246592
1 10953935872
2 21032365056
3 10953935872
4 10955246592
1 10955246592
3 10953935872
4 10953935872
2 21032365056
3 10955246592
1 10953935872
4 10953935872
2 21031831040
4 10955246592
1 10953935872
3 10955246592
2 21032365056
1 10955246592
2 21032365056
3 10953935872
4 10955246592
3 10953935872
1 10955246592
4 10953935872
2 21032365056
4 10953935872
1 10953935872
1 10953935872
2 21031831040
3 10955246592
2 21031054336
3 10955246592
4 10955246592
3 10953935872
3 10953935872
4 10955246592
Epoch 1, Step 90, Loss: 2.869926691055298
1 10955246592
2 21032365056
4 10953935872
1 10955246592
4 10953935872
1 10953935872
2 21032365056
2 21032365056
1 10953935872
2 21031831040
3 10955246592
3 10955246592
3 10953935872
4 10955246592
4 10955246592
3 6270342144
4 10953935872
1 10955246592
1 10955246592
2 21032365056
2 21032365056
1 10953935872
2 21031831040
3 10955246592
3 10953935872
3 10955246592
4 10955246592
4 10953935872
1 10955246592
2 21032365056
1 10953935872
4 10955246592
2 21031831040
1 10955246592
2 21032365056
3 10955246592
3 10953935872
4 10955246592
1 10955246592
4 10953935872
2 21032365056
3 10955246592
1 10953935872
2 21031831040
3 10955246592
4 10955246592
1 10955246592
3 10953935872
2 21032365056
4 10955246592
1 10955246592
4 10953935872
2 21032365056
1 10953935872
2 21031831040
3 10955246592
4 10955246592
1 10955246592
3 6251397120
2 21032365056
3 6276895744
3 10955246592
4 10955246592
1 10955246592
2 21032365056
3 10955246592
4 10955246592
1 10955246592
2 21032365056
3 10955246592
4 10955246592
1 10955246592
2 21032365056
3 10955246592
slurmstepd: error: *** STEP 1122098.0 ON a04 CANCELLED AT 2024-12-13T18:26:41 DUE TO TIME LIMIT ***
srun: Job step aborted: Waiting up to 7 seconds for job step to finish.
slurmstepd: error: *** JOB 1122098 ON a04 CANCELLED AT 2024-12-13T18:26:41 DUE TO TIME LIMIT ***
W1213 18:26:41.485402 139672726320960 torch/distributed/elastic/agent/server/api.py:688] Received Signals.SIGTERM death signal, shutting down workers
W1213 18:26:41.471042 140450581010240 torch/distributed/elastic/agent/server/api.py:688] Received Signals.SIGTERM death signal, shutting down workers
W1213 18:26:41.485997 139672726320960 torch/distributed/elastic/multiprocessing/api.py:858] Sending process 673761 closing signal SIGTERM
W1213 18:26:41.486186 139672726320960 torch/distributed/elastic/multiprocessing/api.py:858] Sending process 673762 closing signal SIGTERM
W1213 18:26:41.486424 139672726320960 torch/distributed/elastic/multiprocessing/api.py:858] Sending process 673763 closing signal SIGTERM
W1213 18:26:41.471753 140450581010240 torch/distributed/elastic/multiprocessing/api.py:858] Sending process 633647 closing signal SIGTERM
W1213 18:26:41.472358 140450581010240 torch/distributed/elastic/multiprocessing/api.py:858] Sending process 633648 closing signal SIGTERM
W1213 18:26:41.487492 139672726320960 torch/distributed/elastic/multiprocessing/api.py:858] Sending process 673764 closing signal SIGTERM
W1213 18:26:41.488096 139672726320960 torch/distributed/elastic/multiprocessing/api.py:858] Sending process 673761 closing signal SIGTERM
W1213 18:26:41.488255 139672726320960 torch/distributed/elastic/multiprocessing/api.py:858] Sending process 673762 closing signal SIGTERM
W1213 18:26:41.488359 139672726320960 torch/distributed/elastic/multiprocessing/api.py:858] Sending process 673763 closing signal SIGTERM
W1213 18:26:41.488433 139672726320960 torch/distributed/elastic/multiprocessing/api.py:858] Sending process 673764 closing signal SIGTERM
--- Logging error ---
Traceback (most recent call last):
  File "/usr/local/lib/python3.8/dist-packages/torch/distributed/elastic/agent/server/api.py", line 680, in run
    result = self._invoke_run(role)
  File "/usr/local/lib/python3.8/dist-packages/torch/distributed/elastic/agent/server/api.py", line 835, in _invoke_run
    time.sleep(monitor_interval)
  File "/usr/local/lib/python3.8/dist-packages/torch/distributed/elastic/multiprocessing/api.py", line 79, in _terminate_process_handler
    raise SignalException(f"Process {os.getpid()} got signal: {sigval}", sigval=sigval)
torch.distributed.elastic.multiprocessing.api.SignalException: Process 633559 got signal: 15

During handling of the above exception, another exception occurred:

Traceback (most recent call last):
  File "/usr/lib/python3.8/logging/__init__.py", line 1089, in emit
    self.flush()
  File "/usr/lib/python3.8/logging/__init__.py", line 1069, in flush
    self.stream.flush()
  File "/usr/local/lib/python3.8/dist-packages/torch/distributed/elastic/multiprocessing/api.py", line 79, in _terminate_process_handler
    raise SignalException(f"Process {os.getpid()} got signal: {sigval}", sigval=sigval)
torch.distributed.elastic.multiprocessing.api.SignalException: Process 633559 got signal: 15
Call stack:
  File "/usr/local/bin/torchrun", line 8, in <module>
    sys.exit(main())
  File "/usr/local/lib/python3.8/dist-packages/torch/distributed/elastic/multiprocessing/errors/__init__.py", line 348, in wrapper
    return f(*args, **kwargs)
  File "/usr/local/lib/python3.8/dist-packages/torch/distributed/run.py", line 901, in main
    run(args)
  File "/usr/local/lib/python3.8/dist-packages/torch/distributed/run.py", line 892, in run
    elastic_launch(
  File "/usr/local/lib/python3.8/dist-packages/torch/distributed/launcher/api.py", line 133, in __call__
    return launch_agent(self._config, self._entrypoint, list(args))
  File "/usr/local/lib/python3.8/dist-packages/torch/distributed/launcher/api.py", line 255, in launch_agent
    result = agent.run()
  File "/usr/local/lib/python3.8/dist-packages/torch/distributed/elastic/metrics/api.py", line 124, in wrapper
    result = f(*args, **kwargs)
  File "/usr/local/lib/python3.8/dist-packages/torch/distributed/elastic/agent/server/api.py", line 689, in run
    self._shutdown(e.sigval)
  File "/usr/local/lib/python3.8/dist-packages/torch/distributed/elastic/agent/server/local_elastic_agent.py", line 347, in _shutdown
    self._pcontext.close(death_sig)
  File "/usr/local/lib/python3.8/dist-packages/torch/distributed/elastic/multiprocessing/api.py", line 544, in close
    self._close(death_sig=death_sig, timeout=timeout)
  File "/usr/local/lib/python3.8/dist-packages/torch/distributed/elastic/multiprocessing/api.py", line 858, in _close
    logger.warning(
Message: 'Sending process %s closing signal %s'
Arguments: (633648, 'SIGTERM')
W1213 18:26:41.484860 140450581010240 torch/distributed/elastic/multiprocessing/api.py:858] Sending process 633649 closing signal SIGTERM
W1213 18:26:41.498956 140450581010240 torch/distributed/elastic/multiprocessing/api.py:858] Sending process 633650 closing signal SIGTERM
