[2024-12-13 18:25:24,732] [INFO] [real_accelerator.py:219:get_accelerator] Setting ds_accelerator to cuda (auto detect)
[2024-12-13 18:25:24,734] [INFO] [real_accelerator.py:219:get_accelerator] Setting ds_accelerator to cuda (auto detect)
[2024-12-13 18:25:24,755] [INFO] [real_accelerator.py:219:get_accelerator] Setting ds_accelerator to cuda (auto detect)
[2024-12-13 18:25:24,739] [INFO] [real_accelerator.py:219:get_accelerator] Setting ds_accelerator to cuda (auto detect)
[2024-12-13 18:25:24,744] [INFO] [real_accelerator.py:219:get_accelerator] Setting ds_accelerator to cuda (auto detect)
[2024-12-13 18:25:24,761] [INFO] [real_accelerator.py:219:get_accelerator] Setting ds_accelerator to cuda (auto detect)
[2024-12-13 18:25:24,761] [INFO] [real_accelerator.py:219:get_accelerator] Setting ds_accelerator to cuda (auto detect)
[2024-12-13 18:25:24,762] [INFO] [real_accelerator.py:219:get_accelerator] Setting ds_accelerator to cuda (auto detect)
Warning: The cache directory for DeepSpeed Triton autotune, /home/s0/shpc125/.triton/autotune, appears to be on an NFS system. While this is generally acceptable, if you experience slowdowns or hanging when DeepSpeed exits, it is recommended to set the TRITON_CACHE_DIR environment variable to a non-NFS path.Warning: The cache directory for DeepSpeed Triton autotune, /home/s0/shpc125/.triton/autotune, appears to be on an NFS system. While this is generally acceptable, if you experience slowdowns or hanging when DeepSpeed exits, it is recommended to set the TRITON_CACHE_DIR environment variable to a non-NFS path.Warning: The cache directory for DeepSpeed Triton autotune, /home/s0/shpc125/.triton/autotune, appears to be on an NFS system. While this is generally acceptable, if you experience slowdowns or hanging when DeepSpeed exits, it is recommended to set the TRITON_CACHE_DIR environment variable to a non-NFS path.


Warning: The cache directory for DeepSpeed Triton autotune, /home/s0/shpc125/.triton/autotune, appears to be on an NFS system. While this is generally acceptable, if you experience slowdowns or hanging when DeepSpeed exits, it is recommended to set the TRITON_CACHE_DIR environment variable to a non-NFS path.
Warning: The cache directory for DeepSpeed Triton autotune, /home/s0/shpc125/.triton/autotune, appears to be on an NFS system. While this is generally acceptable, if you experience slowdowns or hanging when DeepSpeed exits, it is recommended to set the TRITON_CACHE_DIR environment variable to a non-NFS path.
Warning: The cache directory for DeepSpeed Triton autotune, /home/s0/shpc125/.triton/autotune, appears to be on an NFS system. While this is generally acceptable, if you experience slowdowns or hanging when DeepSpeed exits, it is recommended to set the TRITON_CACHE_DIR environment variable to a non-NFS path.
Warning: The cache directory for DeepSpeed Triton autotune, /home/s0/shpc125/.triton/autotune, appears to be on an NFS system. While this is generally acceptable, if you experience slowdowns or hanging when DeepSpeed exits, it is recommended to set the TRITON_CACHE_DIR environment variable to a non-NFS path.Warning: The cache directory for DeepSpeed Triton autotune, /home/s0/shpc125/.triton/autotune, appears to be on an NFS system. While this is generally acceptable, if you experience slowdowns or hanging when DeepSpeed exits, it is recommended to set the TRITON_CACHE_DIR environment variable to a non-NFS path.

[2024-12-13 18:26:01,241] [INFO] [comm.py:652:init_distributed] cdb=None
[2024-12-13 18:26:01,242] [INFO] [comm.py:683:init_distributed] Initializing TorchBackend in DeepSpeed with backend nccl
[2024-12-13 18:26:01,248] [INFO] [logging.py:128:log_dist] [Rank 0] DeepSpeed info: version=0.16.0, git-hash=unknown, git-branch=unknown
[2024-12-13 18:26:01,248] [INFO] [config.py:733:__init__] Config mesh_device None world_size = 8
[2024-12-13 18:26:01,338] [INFO] [comm.py:652:init_distributed] cdb=None
[2024-12-13 18:26:01,345] [INFO] [config.py:733:__init__] Config mesh_device None world_size = 8
[2024-12-13 18:26:01,836] [INFO] [comm.py:652:init_distributed] cdb=None
[2024-12-13 18:26:01,844] [INFO] [config.py:733:__init__] Config mesh_device None world_size = 8
[2024-12-13 18:26:01,927] [INFO] [comm.py:652:init_distributed] cdb=None
[2024-12-13 18:26:01,936] [INFO] [config.py:733:__init__] Config mesh_device None world_size = 8
[2024-12-13 18:26:11,568] [INFO] [comm.py:652:init_distributed] cdb=None
[2024-12-13 18:26:11,584] [INFO] [config.py:733:__init__] Config mesh_device None world_size = 8
[2024-12-13 18:26:11,641] [INFO] [comm.py:652:init_distributed] cdb=None
[2024-12-13 18:26:11,651] [INFO] [config.py:733:__init__] Config mesh_device None world_size = 8
[2024-12-13 18:26:11,755] [INFO] [comm.py:652:init_distributed] cdb=None
[2024-12-13 18:26:11,762] [INFO] [config.py:733:__init__] Config mesh_device None world_size = 8
[2024-12-13 18:26:12,146] [INFO] [comm.py:652:init_distributed] cdb=None
[2024-12-13 18:26:12,155] [INFO] [config.py:733:__init__] Config mesh_device None world_size = 8
Using /home/s0/shpc125/.cache/torch_extensions/py38_cu118 as PyTorch extensions root...
Using /home/s0/shpc125/.cache/torch_extensions/py38_cu118 as PyTorch extensions root...
Using /home/s0/shpc125/.cache/torch_extensions/py38_cu118 as PyTorch extensions root...
Using /home/s0/shpc125/.cache/torch_extensions/py38_cu118 as PyTorch extensions root...
Using /home/s0/shpc125/.cache/torch_extensions/py38_cu118 as PyTorch extensions root...
[2024-12-13 18:26:16,792] [INFO] [logging.py:128:log_dist] [Rank 0] DeepSpeed Flops Profiler Enabled: False
Using /home/s0/shpc125/.cache/torch_extensions/py38_cu118 as PyTorch extensions root...
Using /home/s0/shpc125/.cache/torch_extensions/py38_cu118 as PyTorch extensions root...
Using /home/s0/shpc125/.cache/torch_extensions/py38_cu118 as PyTorch extensions root...
Detected CUDA files, patching ldflags
Emitting ninja build file /home/s0/shpc125/.cache/torch_extensions/py38_cu118/fused_adam/build.ninja...
/usr/local/lib/python3.8/dist-packages/torch/utils/cpp_extension.py:1965: UserWarning: TORCH_CUDA_ARCH_LIST is not set, all archs for visible cards are included for compilation. 
If this is not desired, please set os.environ['TORCH_CUDA_ARCH_LIST'].
  warnings.warn(
Building extension module fused_adam...
Allowing ninja to set a default number of workers... (overridable by setting the environment variable MAX_JOBS=N)
ninja: no work to do.
Loading extension module fused_adam...
Time to load fused_adam op: 0.44672656059265137 seconds
Loading extension module fused_adam...
Loading extension module fused_adam...
Time to load fused_adam op: 0.537482738494873 secondsTime to load fused_adam op: 0.5045719146728516 seconds
Loading extension module fused_adam...

Time to load fused_adam op: 0.5083732604980469 seconds
[2024-12-13 18:26:17,741] [INFO] [logging.py:128:log_dist] [Rank 0] Using DeepSpeed Optimizer param name adam as basic optimizer
[2024-12-13 18:26:17,741] [INFO] [logging.py:128:log_dist] [Rank 0] Removing param_group that has no 'params' in the basic Optimizer
[2024-12-13 18:26:17,814] [INFO] [logging.py:128:log_dist] [Rank 0] DeepSpeed Basic Optimizer = FusedAdam
[2024-12-13 18:26:17,815] [INFO] [utils.py:59:is_zero_supported_optimizer] Checking ZeRO support for optimizer=FusedAdam type=<class 'deepspeed.ops.adam.fused_adam.FusedAdam'>
[2024-12-13 18:26:17,815] [INFO] [logging.py:128:log_dist] [Rank 0] Creating fp16 ZeRO stage 3 optimizer, MiCS is enabled False, Hierarchical params gather False
[2024-12-13 18:26:17,815] [INFO] [logging.py:128:log_dist] [Rank 0] Creating torch.float32 ZeRO stage 3 optimizer
[2024-12-13 18:26:17,828] [INFO] [config.py:733:__init__] Config mesh_device None world_size = 8
[2024-12-13 18:26:17,830] [INFO] [config.py:733:__init__] Config mesh_device None world_size = 8
[2024-12-13 18:26:17,833] [INFO] [config.py:733:__init__] Config mesh_device None world_size = 8
[2024-12-13 18:26:17,992] [INFO] [utils.py:781:see_memory_usage] Stage 3 initialize beginning
[2024-12-13 18:26:17,993] [INFO] [utils.py:782:see_memory_usage] MA 2.99 GB         Max_MA 2.99 GB         CA 3.06 GB         Max_CA 3 GB 
[2024-12-13 18:26:17,993] [INFO] [utils.py:789:see_memory_usage] CPU Virtual Memory:  used = 16.32 GB, percent = 3.2%
[2024-12-13 18:26:17,994] [INFO] [stage3.py:167:__init__] Reduce bucket size 500000000
[2024-12-13 18:26:17,994] [INFO] [stage3.py:168:__init__] Prefetch bucket size 50000000
[2024-12-13 18:26:18,121] [INFO] [utils.py:781:see_memory_usage] DeepSpeedZeRoOffload initialize [begin]
[2024-12-13 18:26:18,122] [INFO] [utils.py:782:see_memory_usage] MA 2.99 GB         Max_MA 2.99 GB         CA 3.06 GB         Max_CA 3 GB 
[2024-12-13 18:26:18,122] [INFO] [utils.py:789:see_memory_usage] CPU Virtual Memory:  used = 16.32 GB, percent = 3.2%
[2024-12-13 18:26:18,126] [INFO] [config.py:733:__init__] Config mesh_device None world_size = 8
Loading extension module fused_adam...
Loading extension module fused_adam...
Loading extension module fused_adam...
Time to load fused_adam op: 3.1295831203460693 seconds
Time to load fused_adam op: 3.1306545734405518 seconds
Time to load fused_adam op: 3.097083806991577 seconds
Loading extension module fused_adam...
Time to load fused_adam op: 3.111051321029663 seconds
[2024-12-13 18:26:19,954] [INFO] [config.py:733:__init__] Config mesh_device None world_size = 8
[2024-12-13 18:26:19,956] [INFO] [config.py:733:__init__] Config mesh_device None world_size = 8
[2024-12-13 18:26:19,957] [INFO] [config.py:733:__init__] Config mesh_device None world_size = 8
[2024-12-13 18:26:19,957] [INFO] [config.py:733:__init__] Config mesh_device None world_size = 8
Parameter Offload: Total persistent parameters: 601600 in 290 params
[2024-12-13 18:26:21,327] [INFO] [utils.py:781:see_memory_usage] DeepSpeedZeRoOffload initialize [end]
[2024-12-13 18:26:21,328] [INFO] [utils.py:782:see_memory_usage] MA 0.4 GB         Max_MA 3.02 GB         CA 3.13 GB         Max_CA 3 GB 
[2024-12-13 18:26:21,328] [INFO] [utils.py:789:see_memory_usage] CPU Virtual Memory:  used = 16.7 GB, percent = 3.3%
[2024-12-13 18:26:21,577] [INFO] [utils.py:781:see_memory_usage] Before creating fp16 partitions
[2024-12-13 18:26:21,578] [INFO] [utils.py:782:see_memory_usage] MA 0.4 GB         Max_MA 0.4 GB         CA 3.13 GB         Max_CA 3 GB 
[2024-12-13 18:26:21,578] [INFO] [utils.py:789:see_memory_usage] CPU Virtual Memory:  used = 16.7 GB, percent = 3.3%
[2024-12-13 18:26:22,997] [INFO] [utils.py:781:see_memory_usage] After creating fp16 partitions: 1
[2024-12-13 18:26:22,999] [INFO] [utils.py:782:see_memory_usage] MA 0.4 GB         Max_MA 0.4 GB         CA 0.4 GB         Max_CA 3 GB 
[2024-12-13 18:26:22,999] [INFO] [utils.py:789:see_memory_usage] CPU Virtual Memory:  used = 16.7 GB, percent = 3.3%
[2024-12-13 18:26:23,169] [INFO] [utils.py:781:see_memory_usage] Before creating fp32 partitions
[2024-12-13 18:26:23,170] [INFO] [utils.py:782:see_memory_usage] MA 0.4 GB         Max_MA 0.4 GB         CA 0.4 GB         Max_CA 0 GB 
[2024-12-13 18:26:23,170] [INFO] [utils.py:789:see_memory_usage] CPU Virtual Memory:  used = 16.7 GB, percent = 3.3%
[2024-12-13 18:26:23,339] [INFO] [utils.py:781:see_memory_usage] After creating fp32 partitions
[2024-12-13 18:26:23,340] [INFO] [utils.py:782:see_memory_usage] MA 0.76 GB         Max_MA 0.76 GB         CA 0.76 GB         Max_CA 1 GB 
[2024-12-13 18:26:23,341] [INFO] [utils.py:789:see_memory_usage] CPU Virtual Memory:  used = 16.7 GB, percent = 3.3%
[2024-12-13 18:26:23,509] [INFO] [utils.py:781:see_memory_usage] Before initializing optimizer states
[2024-12-13 18:26:23,510] [INFO] [utils.py:782:see_memory_usage] MA 0.76 GB         Max_MA 0.76 GB         CA 0.76 GB         Max_CA 1 GB 
[2024-12-13 18:26:23,510] [INFO] [utils.py:789:see_memory_usage] CPU Virtual Memory:  used = 16.7 GB, percent = 3.3%
[2024-12-13 18:26:23,679] [INFO] [utils.py:781:see_memory_usage] After initializing optimizer states
[2024-12-13 18:26:23,680] [INFO] [utils.py:782:see_memory_usage] MA 0.76 GB         Max_MA 1.12 GB         CA 1.12 GB         Max_CA 1 GB 
[2024-12-13 18:26:23,680] [INFO] [utils.py:789:see_memory_usage] CPU Virtual Memory:  used = 16.7 GB, percent = 3.3%
[2024-12-13 18:26:23,681] [INFO] [stage3.py:525:_setup_for_real_optimizer] optimizer state initialized
[2024-12-13 18:26:25,001] [INFO] [utils.py:781:see_memory_usage] After initializing ZeRO optimizer
[2024-12-13 18:26:25,002] [INFO] [utils.py:782:see_memory_usage] MA 2.98 GB         Max_MA 3.46 GB         CA 3.47 GB         Max_CA 3 GB 
[2024-12-13 18:26:25,002] [INFO] [utils.py:789:see_memory_usage] CPU Virtual Memory:  used = 16.71 GB, percent = 3.3%
[2024-12-13 18:26:25,002] [INFO] [logging.py:128:log_dist] [Rank 0] DeepSpeed Final Optimizer = DeepSpeedZeroOptimizer_Stage3
[2024-12-13 18:26:25,002] [INFO] [logging.py:128:log_dist] [Rank 0] DeepSpeed using configured LR scheduler = None
[2024-12-13 18:26:25,003] [INFO] [logging.py:128:log_dist] [Rank 0] DeepSpeed LR Scheduler = None
[2024-12-13 18:26:25,003] [INFO] [logging.py:128:log_dist] [Rank 0] step=0, skipped=0, lr=[0.0001], mom=[(0.9, 0.999)]
[2024-12-13 18:26:25,014] [INFO] [config.py:999:print] DeepSpeedEngine configuration:
[2024-12-13 18:26:25,014] [INFO] [config.py:1003:print]   activation_checkpointing_config  {
    "partition_activations": false, 
    "contiguous_memory_optimization": false, 
    "cpu_checkpointing": false, 
    "number_checkpoints": null, 
    "synchronize_checkpoint_boundary": false, 
    "profile": false
}
[2024-12-13 18:26:25,014] [INFO] [config.py:1003:print]   aio_config ................... {'block_size': 1048576, 'queue_depth': 8, 'thread_count': 1, 'single_submit': False, 'overlap_events': True, 'use_gds': False}
[2024-12-13 18:26:25,014] [INFO] [config.py:1003:print]   amp_enabled .................. False
[2024-12-13 18:26:25,014] [INFO] [config.py:1003:print]   amp_params ................... False
[2024-12-13 18:26:25,014] [INFO] [config.py:1003:print]   autotuning_config ............ {
    "enabled": false, 
    "start_step": null, 
    "end_step": null, 
    "metric_path": null, 
    "arg_mappings": null, 
    "metric": "throughput", 
    "model_info": null, 
    "results_dir": "autotuning_results", 
    "exps_dir": "autotuning_exps", 
    "overwrite": true, 
    "fast": true, 
    "start_profile_step": 3, 
    "end_profile_step": 5, 
    "tuner_type": "gridsearch", 
    "tuner_early_stopping": 5, 
    "tuner_num_trials": 50, 
    "model_info_path": null, 
    "mp_size": 1, 
    "max_train_batch_size": null, 
    "min_train_batch_size": 1, 
    "max_train_micro_batch_size_per_gpu": 1.024000e+03, 
    "min_train_micro_batch_size_per_gpu": 1, 
    "num_tuning_micro_batch_sizes": 3
}
[2024-12-13 18:26:25,015] [INFO] [config.py:1003:print]   bfloat16_enabled ............. False
[2024-12-13 18:26:25,017] [INFO] [config.py:1003:print]   bfloat16_immediate_grad_update  False
[2024-12-13 18:26:25,018] [INFO] [config.py:1003:print]   checkpoint_parallel_write_pipeline  False
[2024-12-13 18:26:25,018] [INFO] [config.py:1003:print]   checkpoint_tag_validation_enabled  True
[2024-12-13 18:26:25,018] [INFO] [config.py:1003:print]   checkpoint_tag_validation_fail  False
[2024-12-13 18:26:25,018] [INFO] [config.py:1003:print]   comms_config ................. <deepspeed.comm.config.DeepSpeedCommsConfig object at 0x7f2e9765e3a0>
[2024-12-13 18:26:25,018] [INFO] [config.py:1003:print]   communication_data_type ...... None
[2024-12-13 18:26:25,018] [INFO] [config.py:1003:print]   compression_config ........... {'weight_quantization': {'shared_parameters': {'enabled': False, 'quantizer_kernel': False, 'schedule_offset': 0, 'quantize_groups': 1, 'quantize_verbose': False, 'quantization_type': 'symmetric', 'quantize_weight_in_forward': False, 'rounding': 'nearest', 'fp16_mixed_quantize': False, 'quantize_change_ratio': 0.001}, 'different_groups': {}}, 'activation_quantization': {'shared_parameters': {'enabled': False, 'quantization_type': 'symmetric', 'range_calibration': 'dynamic', 'schedule_offset': 1000}, 'different_groups': {}}, 'sparse_pruning': {'shared_parameters': {'enabled': False, 'method': 'l1', 'schedule_offset': 1000}, 'different_groups': {}}, 'row_pruning': {'shared_parameters': {'enabled': False, 'method': 'l1', 'schedule_offset': 1000}, 'different_groups': {}}, 'head_pruning': {'shared_parameters': {'enabled': False, 'method': 'topk', 'schedule_offset': 1000}, 'different_groups': {}}, 'channel_pruning': {'shared_parameters': {'enabled': False, 'method': 'l1', 'schedule_offset': 1000}, 'different_groups': {}}, 'layer_reduction': {'enabled': False}}
[2024-12-13 18:26:25,019] [INFO] [config.py:1003:print]   curriculum_enabled_legacy .... False
[2024-12-13 18:26:25,019] [INFO] [config.py:1003:print]   curriculum_params_legacy ..... False
[2024-12-13 18:26:25,019] [INFO] [config.py:1003:print]   data_efficiency_config ....... {'enabled': False, 'seed': 1234, 'data_sampling': {'enabled': False, 'num_epochs': 1000, 'num_workers': 0, 'curriculum_learning': {'enabled': False}}, 'data_routing': {'enabled': False, 'random_ltd': {'enabled': False, 'layer_token_lr_schedule': {'enabled': False}}}}
[2024-12-13 18:26:25,019] [INFO] [config.py:1003:print]   data_efficiency_enabled ...... False
[2024-12-13 18:26:25,019] [INFO] [config.py:1003:print]   dataloader_drop_last ......... False
[2024-12-13 18:26:25,019] [INFO] [config.py:1003:print]   disable_allgather ............ False
[2024-12-13 18:26:25,019] [INFO] [config.py:1003:print]   dump_state ................... False
[2024-12-13 18:26:25,019] [INFO] [config.py:1003:print]   dynamic_loss_scale_args ...... None
[2024-12-13 18:26:25,020] [INFO] [config.py:1003:print]   eigenvalue_enabled ........... False
[2024-12-13 18:26:25,020] [INFO] [config.py:1003:print]   eigenvalue_gas_boundary_resolution  1
[2024-12-13 18:26:25,020] [INFO] [config.py:1003:print]   eigenvalue_layer_name ........ bert.encoder.layer
[2024-12-13 18:26:25,020] [INFO] [config.py:1003:print]   eigenvalue_layer_num ......... 0
[2024-12-13 18:26:25,020] [INFO] [config.py:1003:print]   eigenvalue_max_iter .......... 100
[2024-12-13 18:26:25,020] [INFO] [config.py:1003:print]   eigenvalue_stability ......... 1e-06
[2024-12-13 18:26:25,020] [INFO] [config.py:1003:print]   eigenvalue_tol ............... 0.01
[2024-12-13 18:26:25,020] [INFO] [config.py:1003:print]   eigenvalue_verbose ........... False
[2024-12-13 18:26:25,020] [INFO] [config.py:1003:print]   elasticity_enabled ........... False
[2024-12-13 18:26:25,021] [INFO] [config.py:1003:print]   flops_profiler_config ........ {
    "enabled": false, 
    "recompute_fwd_factor": 0.0, 
    "profile_step": 1, 
    "module_depth": -1, 
    "top_modules": 1, 
    "detailed": true, 
    "output_file": null
}
[2024-12-13 18:26:25,021] [INFO] [config.py:1003:print]   fp16_auto_cast ............... None
[2024-12-13 18:26:25,021] [INFO] [config.py:1003:print]   fp16_enabled ................. False
[2024-12-13 18:26:25,021] [INFO] [config.py:1003:print]   fp16_master_weights_and_gradients  False
[2024-12-13 18:26:25,021] [INFO] [config.py:1003:print]   global_rank .................. 0
[2024-12-13 18:26:25,021] [INFO] [config.py:1003:print]   grad_accum_dtype ............. None
[2024-12-13 18:26:25,021] [INFO] [config.py:1003:print]   gradient_accumulation_steps .. 1
[2024-12-13 18:26:25,021] [INFO] [config.py:1003:print]   gradient_clipping ............ 0.0
[2024-12-13 18:26:25,022] [INFO] [config.py:1003:print]   gradient_predivide_factor .... 1.0
[2024-12-13 18:26:25,022] [INFO] [config.py:1003:print]   graph_harvesting ............. False
[2024-12-13 18:26:25,022] [INFO] [config.py:1003:print]   hybrid_engine ................ enabled=False max_out_tokens=512 inference_tp_size=1 release_inference_cache=False pin_parameters=True tp_gather_partition_size=8
[2024-12-13 18:26:25,022] [INFO] [config.py:1003:print]   initial_dynamic_scale ........ 65536
[2024-12-13 18:26:25,022] [INFO] [config.py:1003:print]   load_universal_checkpoint .... False
[2024-12-13 18:26:25,022] [INFO] [config.py:1003:print]   loss_scale ................... 0
[2024-12-13 18:26:25,022] [INFO] [config.py:1003:print]   memory_breakdown ............. False
[2024-12-13 18:26:25,022] [INFO] [config.py:1003:print]   mics_hierarchial_params_gather  False
[2024-12-13 18:26:25,022] [INFO] [config.py:1003:print]   mics_shard_size .............. -1
[2024-12-13 18:26:25,023] [INFO] [config.py:1003:print]   monitor_config ............... tensorboard=TensorBoardConfig(enabled=False, output_path='', job_name='DeepSpeedJobName') comet=CometConfig(enabled=False, samples_log_interval=100, project=None, workspace=None, api_key=None, experiment_name=None, experiment_key=None, online=None, mode=None) wandb=WandbConfig(enabled=False, group=None, team=None, project='deepspeed') csv_monitor=CSVConfig(enabled=False, output_path='', job_name='DeepSpeedJobName')
[2024-12-13 18:26:25,023] [INFO] [config.py:1003:print]   nebula_config ................ {
    "enabled": false, 
    "persistent_storage_path": null, 
    "persistent_time_interval": 100, 
    "num_of_version_in_retention": 2, 
    "enable_nebula_load": true, 
    "load_path": null
}
[2024-12-13 18:26:25,023] [INFO] [config.py:1003:print]   optimizer_legacy_fusion ...... False
[2024-12-13 18:26:25,023] [INFO] [config.py:1003:print]   optimizer_name ............... adam
[2024-12-13 18:26:25,023] [INFO] [config.py:1003:print]   optimizer_params ............. {'lr': 0.0001}
[2024-12-13 18:26:25,023] [INFO] [config.py:1003:print]   pipeline ..................... {'stages': 'auto', 'partition': 'best', 'seed_layers': False, 'activation_checkpoint_interval': 0, 'pipe_partitioned': True, 'grad_partitioned': True}
[2024-12-13 18:26:25,024] [INFO] [config.py:1003:print]   pld_enabled .................. False
[2024-12-13 18:26:25,024] [INFO] [config.py:1003:print]   pld_params ................... False
[2024-12-13 18:26:25,024] [INFO] [config.py:1003:print]   prescale_gradients ........... False
[2024-12-13 18:26:25,024] [INFO] [config.py:1003:print]   scheduler_name ............... None
[2024-12-13 18:26:25,024] [INFO] [config.py:1003:print]   scheduler_params ............. None
[2024-12-13 18:26:25,024] [INFO] [config.py:1003:print]   seq_parallel_communication_data_type  torch.float32
[2024-12-13 18:26:25,024] [INFO] [config.py:1003:print]   sparse_attention ............. None
[2024-12-13 18:26:25,024] [INFO] [config.py:1003:print]   sparse_gradients_enabled ..... False
[2024-12-13 18:26:25,024] [INFO] [config.py:1003:print]   steps_per_print .............. None
[2024-12-13 18:26:25,025] [INFO] [config.py:1003:print]   timers_config ................ enabled=True synchronized=True
[2024-12-13 18:26:25,025] [INFO] [config.py:1003:print]   train_batch_size ............. 64
[2024-12-13 18:26:25,025] [INFO] [config.py:1003:print]   train_micro_batch_size_per_gpu  8
[2024-12-13 18:26:25,025] [INFO] [config.py:1003:print]   use_data_before_expert_parallel_  False
[2024-12-13 18:26:25,025] [INFO] [config.py:1003:print]   use_node_local_storage ....... False
[2024-12-13 18:26:25,025] [INFO] [config.py:1003:print]   wall_clock_breakdown ......... False
[2024-12-13 18:26:25,025] [INFO] [config.py:1003:print]   weight_quantization_config ... None
[2024-12-13 18:26:25,025] [INFO] [config.py:1003:print]   world_size ................... 8
[2024-12-13 18:26:25,025] [INFO] [config.py:1003:print]   zero_allow_untested_optimizer  False
[2024-12-13 18:26:25,026] [INFO] [config.py:1003:print]   zero_config .................. stage=3 contiguous_gradients=True reduce_scatter=True reduce_bucket_size=500000000 use_multi_rank_bucket_allreduce=True allgather_partitions=True allgather_bucket_size=500000000 overlap_comm=True load_from_fp32_weights=True elastic_checkpoint=False offload_param=None offload_optimizer=None sub_group_size=1000000000 cpu_offload_param=None cpu_offload_use_pin_memory=None cpu_offload=None prefetch_bucket_size=50000000 param_persistence_threshold=100000 model_persistence_threshold=9223372036854775807 max_live_parameters=1000000000 max_reuse_distance=1000000000 gather_16bit_weights_on_model_save=False module_granularity_threshold=0 use_all_reduce_for_fetch_params=False stage3_gather_fp16_weights_on_model_save=False ignore_unused_parameters=True legacy_stage1=False round_robin_gradients=False zero_hpz_partition_size=1 zero_quantized_weights=False zero_quantized_nontrainable_weights=False zero_quantized_gradients=False mics_shard_size=-1 mics_hierarchical_params_gather=False memory_efficient_linear=True pipeline_loading_checkpoint=False override_module_apply=True
[2024-12-13 18:26:25,026] [INFO] [config.py:1003:print]   zero_enabled ................. True
[2024-12-13 18:26:25,026] [INFO] [config.py:1003:print]   zero_force_ds_cpu_optimizer .. True
[2024-12-13 18:26:25,026] [INFO] [config.py:1003:print]   zero_optimization_stage ...... 3
[2024-12-13 18:26:25,026] [INFO] [config.py:989:print_user_config]   json = {
    "train_batch_size": 64, 
    "zero_optimization": {
        "stage": 3, 
        "contiguous_gradients": true, 
        "reduce_bucket_size": 5.000000e+08, 
        "sub_group_size": 1.000000e+09
    }, 
    "optimizer": {
        "type": "Adam", 
        "params": {
            "lr": 0.0001
        }
    }
}
1 3202403840
1 3202403840
11 3202403840
1 3202403840
 3202403840
1 3202403840
1 3202403840
1 3202403840
2 15089373184
2 15089373184
2 15089373184
2 15089373184
2 15089373184
2 15089373184
2 15089373184
2 15089373184
3 5026804224
3 5026804224
3 5026804224
3 5026804224
3 5026804224
3 5026804224
3 5026804224
3 5026804224
44 5540048384
4 5540048384
Epoch 1, Step 0, Loss: 9.783501625061035 5540048384

4 5540048384
4 5540048384
4 5540048384
4 5540048384
4 5540048384
1 5540048384
1 5540048384
1 5540048384
1 5540048384
11 5540048384
 5540048384
1 5540048384
1 5540048384
2 18896326144
2 18891083264
2 18891083264
2 18891083264
2 18891083264
2 18891083264
2 18891083264
2 18891083264
3 5803241472
3 5803241472
3 5803241472
3 5803241472
3 5803241472
3 5803241472
3 5803241472
3 5803241472
44 5540048384
44 5540048384
44  55400483845540048384

 5540048384
 5540048384
44 5540048384
 5540048384
1 5540048384
1 5540048384
1 5540048384
1 5540048384
1 5540048384
1 5540048384
1 5540048384
1 5540048384
2 18896326144
2 2 18896326144
18896326144
2 18896326144
2 18896326144
2 18896326144
2 18896326144
2 18896326144
3 5803241472
3 5803241472
3 5803241472
3 5803241472
3 5803241472
3 5803241472
3 5803241472
3 5803241472
4 5540048384
44 5540048384
 5540048384
44 5540048384
4 5540048384
 5540048384
4 5540048384
4 5540048384
1 5540048384
1 5540048384
1 5540048384
1 5540048384
1 5540048384
1 5540048384
1 5540048384
1 5540048384
2 18896326144
2 18896326144
2 18893180416
2 18896326144
2 18896326144
2 18896326144
2 18895277568
2 18895277568
3 5803241472
3 5803241472
3 5803241472
3 5803241472
3 5803241472
3 5803241472
3 5803241472
3 5803241472
44 5540048384
 5540048384
44 5540048384
 5540048384
4 55400483844
 5540048384
44 5540048384
 5540048384
1 5540048384
1 5540048384
1 5540048384
1 5540048384
1 5540048384
1 5540048384
1 5540048384
1 5540048384
2 18896326144
2 18896326144
2 18893180416
2 18896326144
2 18893180416
2 18895277568
2 18896326144
2 18896326144
3 5803241472
3 5803241472
3 5803241472
3 5803241472
3 5803241472
3 5803241472
3 5803241472
3 5803241472
4 5540048384
4 5540048384
44 5540048384
4 5540048384
4 5540048384
4 5540048384
 5540048384
4 5540048384
1 5540048384
1 5540048384
1 5540048384
1 5540048384
1 5540048384
1 5540048384
1 5540048384
1 5540048384
2 18896326144
2 18896326144
2 18896326144
2 18896326144
2 18896326144
2 18896326144
2 18896326144
2 18896326144
3 5803241472
3 5803241472
3 5803241472
3 5803241472
3 5803241472
3 5803241472
3 5803241472
3 5803241472
44 5540048384
 44  55400483845540048384

444  55400483845540048384

5540048384
 5540048384
4 5540048384
1 5540048384
1 5540048384
1 5540048384
1 5540048384
1 5540048384
1 5540048384
1 5540048384
1 5540048384
2 18896326144
2 18896326144
2 18896326144
2 18896326144
2 18891083264
2 18894228992
2 18895277568
2 18892131840
3 5803241472
3 5803241472
3 5803241472
3 5803241472
3 5803241472
3 5803241472
3 5803241472
3 5803241472
44 55400483844
 5540048384
4 5540048384
44 5540048384
 5540048384
4 5540048384
 5540048384
4 5540048384
1 5540048384
1 5540048384
1 5540048384
1 5540048384
1 5540048384
1 5540048384
1 5540048384
1 5540048384
2 18896326144
2 18896326144
2 18896326144
2 18896326144
2 18896326144
2 18896326144
2 18896326144
2 18896326144
3 5803241472
3 5803241472
33 5803241472
 5803241472
3 5803241472
3 5803241472
3 5803241472
3 5803241472
44 5540048384
4 5540048384
4 5540048384
 5540048384
44 5540048384
4 5540048384
4 5540048384
 5540048384
1 5540048384
1 5540048384
1 5540048384
1 5540048384
1 5540048384
1 5540048384
1 5540048384
1 5540048384
2 18896326144
2 18896326144
2 18896326144
2 18895277568
2 18896326144
2 18896326144
2 18896326144
2 18896326144
3 5803241472
3 5803241472
3 5803241472
3 5803241472
3 5803241472
3 5803241472
3 5803241472
3 5803241472
4 5540048384
4 5540048384
4 5540048384
44 5540048384
4 5540048384
 5540048384
4 5540048384
4 5540048384
1 5540048384
1 5540048384
1 5540048384
1 5540048384
1 5540048384
1 5540048384
1 5540048384
1 5540048384
2 18896326144
2 18896326144
2 188963261442 18896326144

2 18896326144
2 18896326144
2 18896326144
2 18896326144
3 5803241472
3 5803241472
3 5803241472
3 5803241472
3 5803241472
3 5803241472
3 5803241472
3 5803241472
4 5540048384
44  55400483845540048384

4 5540048384
44 5540048384
 5540048384
44 5540048384
 5540048384
1 5540048384
11 5540048384
 5540048384
1 5540048384
1 5540048384
1 5540048384
1 5540048384
1 5540048384
2 18896326144
2 18896326144
2 18896326144
2 18896326144
2 18896326144
2 18893180416
2 18895277568
2 18896326144
3 5803241472
3 5803241472
3 5803241472
3 5803241472
3 5803241472
3 5803241472
3 5803241472
3 5803241472
4 5540048384
4 5540048384
4 5540048384
4 5540048384
4 5540048384
Epoch 1, Step 10, Loss: 1.4202032089233398
4 5540048384
4 5540048384
4 5540048384
1 5540048384
1 5540048384
1 5540048384
1 5540048384
1 5540048384
1 5540048384
1 5540048384
1 5540048384
2 18896326144
2 18896326144
2 18896326144
2 18896326144
2 18896326144
2 18896326144
2 18891083264
2 18896326144
3 5803241472
3 5803241472
3 5803241472
3 5803241472
3 5803241472
3 58032414723 5803241472

3 5803241472
44 5540048384
 44  55400483845540048384

5540048384
44 5540048384
 5540048384
4 5540048384
4 5540048384
1 5540048384
1 5540048384
1 5540048384
1 5540048384
1 5540048384
1 5540048384
1 5540048384
1 5540048384
2 18896326144
2 18896326144
2 18896326144
2 18896326144
2 18896326144
2 18896326144
2 18896326144
2 18896326144
3 5803241472
3 5803241472
3 5803241472
3 5803241472
3 5803241472
3 58032414723 5803241472

3 5803241472
4 5540048384
44 5540048384
4 5540048384
4 5540048384
4 5540048384 5540048384
4 5540048384

4 5540048384
1 5540048384
1 5540048384
1 5540048384
1 5540048384
1 5540048384
1 5540048384
1 5540048384
1 5540048384
2 18896326144
2 18896326144
2 18894228992
2 18896326144
2 18896326144
2 18896326144
2 18896326144
2 18891083264
3 5803241472
3 5803241472
3 5803241472
3 5803241472
3 5803241472
3 5803241472
3 5803241472
3 5803241472
44 5540048384
44 5540048384
 5540048384
 5540048384
4 5540048384
4 5540048384
4 5540048384
4 5540048384
1 5540048384
1 5540048384
1 5540048384
1 5540048384
1 5540048384
1 5540048384
1 5540048384
1 5540048384
2 2 18896326144
18896326144
2 18896326144
2 18893180416
2 18891083264
2 18896326144
2 18896326144
2 18896326144
3 5803241472
3 5803241472
3 5803241472
3 5803241472
3 5803241472
3 5803241472
3 5803241472
3 5803241472
4 5540048384
4 5540048384
4 45540048384
4 5540048384
4 5540048384
 5540048384
4 5540048384
4 5540048384
1 5540048384
1 5540048384
1 5540048384
1 5540048384
1 5540048384
1 5540048384
1 5540048384
1 5540048384
2 18896326144
2 18895277568
2 18893180416
2 18896326144
2 18895277568
2 18895277568
2 18896326144
2 18896326144
3 5803241472
3 5803241472
3 5803241472
3 5803241472
3 5803241472
3 5803241472
3 3 5803241472
5803241472
4 5540048384
4 5540048384
44 45540048384 
5540048384
4 5540048384
 5540048384
4 5540048384
4 5540048384
1 5540048384
1 5540048384
1 5540048384
1 5540048384
1 5540048384
1 5540048384
1 5540048384
1 5540048384
2 18896326144
2 18896326144
2 18893180416
2 18896326144
2 18896326144
2 18896326144
2 18893180416
2 18896326144
3 5803241472
3 5803241472
3 5803241472
3 5803241472
3 5803241472
3 5803241472
3 3 5803241472
5803241472
4 55400483844 5540048384

44 5540048384
44 5540048384
 5540048384
44  55400483845540048384

 5540048384
1 5540048384
1 5540048384
1 5540048384
1 5540048384
1 5540048384
1 5540048384
1 5540048384
1 5540048384
2 18896326144
2 18896326144
2 18891083264
2 18893180416
2 18893180416
2 18893180416
22 18896326144
 18896326144
3 5803241472
3 5803241472
3 5803241472
3 5803241472
3 5803241472
3 5803241472
3 5803241472
3 5803241472
4 5540048384
4 5540048384
44 5540048384
44 5540048384
 5540048384
44  55400483845540048384

 5540048384
1 5540048384
1 5540048384
1 5540048384
1 5540048384
1 5540048384
1 5540048384
1 5540048384
1 5540048384
2 18896326144
2 18896326144
2 18896326144
2 18894228992
22 18896326144
 18896326144
2 18896326144
2 18896326144
3 5803241472
3 5803241472
3 5803241472
3 5803241472
3 5803241472
3 5803241472
3 5803241472
3 5803241472
4 45540048384
44  55400483845540048384

 5540048384
4 5540048384
4 45540048384
 5540048384
4 5540048384
1 5540048384
1 5540048384
1 5540048384
1 5540048384
1 5540048384
1 5540048384
1 5540048384
1 5540048384
2 18896326144
2 18896326144
2 18896326144
2 18896326144
2 18896326144
2 18896326144
2 18896326144
2 18896326144
3 5803241472
3 5803241472
3 5803241472
3 5803241472
3 5803241472
3 5803241472
3 5803241472
3 5803241472
444  55400483845540048384

44 5540048384
4 5540048384
 5540048384
4 5540048384
 5540048384
4 5540048384
1 5540048384
1 5540048384
1 5540048384
1 5540048384
1 5540048384
1 5540048384
1 5540048384
1 5540048384
2 18896326144
2 18896326144
2 18896326144
2 18896326144
2 18893180416
2 18896326144
2 18895277568
2 18896326144
3 5803241472
3 5803241472
3 5803241472
3 5803241472
3 5803241472
3 5803241472
3 5803241472
3 5803241472
4 5540048384
4 5540048384
44 5540048384
4 5540048384
4 5540048384
Epoch 1, Step 20, Loss: 0.0005943715805187821
 5540048384
4 5540048384
4 5540048384
1 5540048384
1 5540048384
1 5540048384
1 5540048384
1 5540048384
1 5540048384
1 5540048384
1 5540048384
2 18896326144
2 18896326144
2 18892131840
2 18896326144
2 18896326144
2 18896326144
2 18895277568
2 18892131840
3 5803241472
3 5803241472
3 5803241472
3 5803241472
3 5803241472
3 58032414723
 5803241472
3 5803241472
444  55400483845540048384

4 5540048384
 5540048384
44 5540048384
4 5540048384
4 5540048384
 5540048384
1 5540048384
1 5540048384
1 5540048384
1 5540048384
1 5540048384
1 5540048384
1 5540048384
1 5540048384
2 18896326144
2 18896326144
2 18896326144
2 18896326144
2 18896326144
2 18896326144
2 18896326144
2 18896326144
3 5803241472
33 5803241472
 5803241472
3 5803241472
3 5803241472
3 5803241472
3 5803241472
3 5803241472
44 5540048384
 5540048384
44 5540048384
 5540048384
4 5540048384
4 5540048384
44 5540048384
 5540048384
1 5540048384
1 5540048384
1 5540048384
1 5540048384
1 5540048384
1 5540048384
1 5540048384
1 5540048384
2 18896326144
2 18894228992
2 18896326144
2 18896326144
2 18896326144
2 18896326144
2 18896326144
2 18893180416
3 5803241472
3 5803241472
3 5803241472
3 5803241472
33 5803241472
 5803241472
3 5803241472
3 5803241472
4 5540048384
4 5540048384
4 5540048384
4 5540048384
4 5540048384
4 5540048384
4 5540048384
4 5540048384
1 5540048384
1 5540048384
1 5540048384
1 5540048384
1 5540048384
1 5540048384
1 5540048384
1 5540048384
2 18896326144
2 18896326144
2 18896326144
2 18896326144
2 18896326144
2 18896326144
2 18895277568
2 18896326144
3 5803241472
3 5803241472
3 5803241472
3 5803241472
3 5803241472
3 5803241472
3 5803241472
3 5803241472
4 5540048384
4 55400483844
 5540048384
4 5540048384
4 55400483844
 5540048384
4 5540048384
4 5540048384
1 5540048384
1 5540048384
1 5540048384
1 5540048384
1 5540048384
1 5540048384
1 5540048384
1 5540048384
2 18896326144
2 18896326144
2 18896326144
2 18895277568
2 18891083264
2 18891083264
2 18893180416
2 18896326144
3 5803241472
3 5803241472
3 5803241472
3 5803241472
3 5803241472
3 5803241472
3 5803241472
3 5803241472
4 5540048384
44 5540048384
4 5540048384
4  5540048384
4 5540048384
5540048384
4 5540048384
4 5540048384
1 5540048384
1 5540048384
1 5540048384
1 5540048384
1 5540048384
1 5540048384
1 5540048384
1 5540048384
2 18896326144
2 18896326144
2 18896326144
2 18896326144
2 18896326144
2 18896326144
2 18891083264
2 18892131840
3 35803241472
 5803241472
3 5803241472
3 5803241472
3 5803241472
3 5803241472
3 5803241472
3 5803241472
4 5540048384
4 5540048384
4 5540048384
4 5540048384
4 5540048384
4 5540048384
4 5540048384
4 5540048384
1 5540048384
1 5540048384
1 5540048384
1 5540048384
1 5540048384
1 5540048384
1 5540048384
1 5540048384
2 18896326144
2 18896326144
2 18896326144
2 18891083264
2 18896326144
2 18891083264
2 18896326144
2 18891083264
3 5803241472
3 5803241472
333  58032414725803241472

3 5803241472
3  5803241472
5803241472
3 5803241472
44  55400483845540048384

44 5540048384
4 5540048384
4 5540048384
 5540048384
4 5540048384
4 5540048384
1 5540048384
1 5540048384
1 5540048384
1 5540048384
1 5540048384
1 5540048384
1 5540048384
1 5540048384
2 18896326144
2 18896326144
2 18896326144
2 18896326144
2 18896326144
2 18896326144
2 18895277568
2 18896326144
3 5803241472
3 5803241472
3 5803241472
3 5803241472
3 5803241472
3 5803241472
3 5803241472
3 5803241472
4 445540048384
 5540048384
4 5540048384
 5540048384
44 5540048384
4 5540048384
4 5540048384
 5540048384
1 5540048384
1 5540048384
1 5540048384
1 5540048384
1 5540048384
1 5540048384
1 5540048384
1 5540048384
2 18896326144
2 18896326144
2 18896326144
2 18896326144
2 18896326144
2 18896326144
2 18896326144
2 18895277568
3 5803241472
3 5803241472
3 5803241472
3 5803241472
3 5803241472
3 5803241472
3 5803241472
3 5803241472
4 5540048384
4 5540048384
44  55400483845540048384

444 5540048384
 5540048384
4 5540048384
 5540048384
1 5540048384
1 5540048384
1 5540048384
1 5540048384
1 5540048384
1 5540048384
1 5540048384
1 5540048384
2 18896326144
2 18896326144
2 18896326144
2 18896326144
2 18895277568
2 18896326144
22 18896326144
 18895277568
3 5803241472
33 5803241472
3 5803241472
 5803241472
3 5803241472
3 5803241472
3 5803241472
3 5803241472
4 5540048384
44 5540048384
4 5540048384
4 5540048384
Epoch 1, Step 30, Loss: 0.6891899108886719
4 5540048384
 445540048384
 5540048384
 5540048384
1 5540048384
1 5540048384
1 5540048384
1 5540048384
1 5540048384
1 5540048384
1 5540048384
1 5540048384
2 18896326144
2 18896326144
2 18896326144
2 18896326144
2 18896326144
2 18896326144
2 18896326144
2 18896326144
3 5803241472
3 5803241472
3 5803241472
3 5803241472
3 58032414723 5803241472

3 5803241472
3 5803241472
4 5540048384
4 5540048384
44 5540048384
 5540048384
44 5540048384
 5540048384
44 5540048384
 5540048384
1 5540048384
1 5540048384
1 5540048384
1 5540048384
1 5540048384
1 5540048384
1 5540048384
1 5540048384
2 18896326144
2 18896326144
2 18896326144
2 18896326144
2 18896326144
2 18896326144
2 18896326144
2 18893180416
3 5803241472
3 5803241472
3 58032414723 5803241472

3 5803241472
3 5803241472
33 5803241472
 5803241472
4 455400483844
 5540048384
4 5540048384
 5540048384
4 445540048384
 5540048384
4 5540048384
 5540048384
1 5540048384
1 5540048384
1 5540048384
1 5540048384
1 5540048384
1 5540048384
1 5540048384
1 5540048384
2 18896326144
2 18896326144
2 18896326144
2 18896326144
2 18896326144
2 18896326144
2 18896326144
2 18896326144
3 5803241472
3 5803241472
3 5803241472
3 5803241472
3 5803241472
3 5803241472
3 5803241472
3 5803241472
4 5540048384
444  55400483845540048384

 5540048384
44 5540048384
 5540048384
4 5540048384
4 5540048384
1 5540048384
1 5540048384
1 5540048384
1 5540048384
1 5540048384
1 5540048384
1 5540048384
1 5540048384
2 18896326144
2 18896326144
2 18896326144
2 18896326144
2 18896326144
2 18896326144
2 18895277568
2 18895277568
3 5803241472
3 5803241472
3 5803241472
3 5803241472
3 5803241472
3 5803241472
3 5803241472
3 5803241472
44 5540048384
4 5540048384
4 5540048384
 5540048384
4444   554004838455400483845540048384


 5540048384
1 5540048384
1 5540048384
1 5540048384
1 5540048384
1 5540048384
1 5540048384
1 5540048384
1 5540048384
2 18896326144
2 18896326144
2 18896326144
2 18894228992
2 18896326144
2 18896326144
2 18896326144
2 18896326144
3 5803241472
33 5803241472
 5803241472
3 5803241472
3 5803241472
3 5803241472
3 5803241472
3 5803241472
44 5540048384
4 55400483844 5540048384
4 5540048384
4  5540048384
5540048384

4 45540048384 
5540048384
1 5540048384
1 5540048384
1 5540048384
1 5540048384
1 5540048384
1 5540048384
1 5540048384
1 5540048384
2 18896326144
2 18896326144
2 18896326144
2 18896326144
2 18896326144
2 18895277568
2 18893180416
2 18891083264
3 5803241472
3 5803241472
3 5803241472
33  58032414725803241472

3 5803241472
3 5803241472
3 5803241472
44 5540048384
444 45540048384  
55400483845540048384

4 5540048384
4 5540048384
 5540048384
 5540048384
1 5540048384
1 5540048384
1 5540048384
11 5540048384
 5540048384
1 5540048384
1 5540048384
1 5540048384
2 18896326144
2 18896326144
2 18896326144
2 18896326144
2 18896326144
2 18896326144
2 18896326144
2 18896326144
3 5803241472
3 5803241472
3 5803241472
3 5803241472
3 5803241472
3 5803241472
3 5803241472
3 5803241472
4 4 5540048384
45540048384 5540048384

4 5540048384
4444   554004838455400483845540048384


 5540048384
1 5540048384
1 5540048384
1 5540048384
1 5540048384
1 5540048384
1 5540048384
1 5540048384
1 5540048384
2 18896326144
2 18896326144
2 18896326144
2 18896326144
2 18896326144
2 18896326144
2 18896326144
2 18896326144
3 5803241472
3 5803241472
3 5803241472
3 5803241472
3 5803241472
3 5803241472
33 5803241472
 5803241472
44 5540048384
44  55400483845540048384

44 5540048384
 5540048384
 45540048384
4 5540048384
 5540048384
1 5540048384
1 5540048384
1 5540048384
1 5540048384
1 5540048384
1 5540048384
1 5540048384
1 5540048384
2 18896326144
2 18896326144
2 18893180416
2 18896326144
2 18896326144
2 18896326144
2 18896326144
2 18896326144
3 5803241472
3 58032414723
 5803241472
3 5803241472
3 5803241472
3 5803241472
3 5803241472
3 5803241472
4 5540048384
4 5540048384
4 5540048384
44 5540048384
4 5540048384
4 5540048384
 5540048384
4 5540048384
1 5540048384
1 5540048384
1 5540048384
1 5540048384
1 5540048384
1 5540048384
1 5540048384
1 5540048384
2 18896326144
2 18896326144
2 18895277568
2 18896326144
2 18896326144
2 18896326144
2 18896326144
2 18896326144
3 5803241472
3 5803241472
3 5803241472
3 5803241472
3 5803241472
3 5803241472
3 5803241472
3 5803241472
44 5540048384
4 5540048384
4 5540048384
Epoch 1, Step 40, Loss: 1.2663508653640747
 5540048384
4 5540048384
4 5540048384
4 5540048384
4 5540048384
1 5540048384
1 5540048384
1 5540048384
1 5540048384
1 5540048384
1 5540048384
1 5540048384
1 5540048384
2 18896326144
2 18896326144
2 18896326144
2 18896326144
2 18896326144
2 18896326144
2 18896326144
2 18896326144
3 5803241472
3 5803241472
3 5803241472
3 5803241472
3 5803241472
3 5803241472
3 5803241472
3 5803241472
4 5540048384
4 5540048384
44 5540048384
 5540048384
4 5540048384
44 5540048384
 5540048384
4 5540048384
1 5540048384
1 5540048384
1 5540048384
1 5540048384
1 5540048384
1 5540048384
1 5540048384
1 5540048384
2 18896326144
22 18896326144
 18896326144
2 18893180416
22 18896326144
 18896326144
2 18896326144
2 18896326144
3 5803241472
3 5803241472
3 5803241472
33  58032414725803241472

3 5803241472
3 5803241472
3 5803241472
4 5540048384
44 5540048384
4 5540048384
4 5540048384
4 5540048384
 5540048384
4 5540048384
4 5540048384
1 5540048384
1 5540048384
1 5540048384
1 5540048384
1 5540048384
1 5540048384
1 5540048384
1 5540048384
22 18896326144
 18896326144
2 18896326144
2 18896326144
2 18896326144
2 18896326144
2 18895277568
2 18896326144
33 5803241472
3 5803241472
 5803241472
3 3 5803241472
5803241472
3 5803241472
3 5803241472
3 5803241472
4 5540048384
44 5540048384
 5540048384
44 5540048384
4 5540048384
 5540048384
4 5540048384
4 5540048384
1 5540048384
1 5540048384
1 5540048384
1 5540048384
1 5540048384
1 5540048384
1 5540048384
1 5540048384
2 18896326144
2 18896326144
2 18896326144
2 18896326144
2 18896326144
2 18896326144
2 18896326144
2 18896326144
3 5803241472
3 5803241472
3 5803241472
3 5803241472
3 5803241472
3 5803241472
3 5803241472
3 5803241472
44 5540048384
4 5540048384
4 5540048384
 5540048384
44 5540048384
4 5540048384
 5540048384
4 5540048384
1 5540048384
1 5540048384
1 5540048384
1 5540048384
1 5540048384
1 5540048384
1 5540048384
1 5540048384
2 18892131840
2 18891083264
2 18896326144
2 18894228992
2 18896326144
2 18893180416
2 18896326144
2 18895277568
3 5803241472
3 5803241472
3 5803241472
3 5803241472
33 5803241472
 5803241472
3 5803241472
3 5803241472
4 5540048384
4 5540048384
4 5540048384
44 5540048384
4 5540048384
4 5540048384
 5540048384
4 5540048384
1 5540048384
1 5540048384
1 5540048384
1 5540048384
1 5540048384
1 5540048384
1 5540048384
1 5540048384
2 18896326144
2 18896326144
2 18896326144
2 18896326144
2 18896326144
2 18891083264
2 18895277568
2 18895277568
3 5803241472
33 5803241472
 5803241472
3 5803241472
3 5803241472
3 5803241472
3 5803241472
3 5803241472
4 5540048384
4 55400483844
 5540048384
4 4 5540048384
4 5540048384
5540048384
4 5540048384
4 5540048384
1 5540048384
1 5540048384
1 5540048384
1 5540048384
1 5540048384
1 5540048384
1 5540048384
1 5540048384
2 18896326144
2 18896326144
2 18896326144
2 18896326144
2 18896326144
2 18893180416
2 18896326144
2 18896326144
3 5803241472
3 5803241472
3 5803241472
3 5803241472
3 5803241472
3 5803241472
3 5803241472
3 5803241472
44 5540048384
 5540048384
4 5540048384
4 5540048384
44 5540048384
 5540048384
4 5540048384
4 5540048384
1 5540048384
1 5540048384
1 5540048384
1 5540048384
1 5540048384
1 5540048384
1 5540048384
1 5540048384
2 18896326144
2 18896326144
2 18896326144
2 18896326144
2 18896326144
2 18896326144
2 18896326144
2 18896326144
3 5803241472
3 5803241472
3 5803241472
3 5803241472
3 5803241472
3 5803241472
3 5803241472
3 5803241472
4 5540048384
4 5540048384
44 5540048384
44 5540048384
4 5540048384
 5540048384
4 5540048384
 5540048384
1 5540048384
1 5540048384
1 5540048384
1 5540048384
1 5540048384
1 5540048384
1 5540048384
1 5540048384
2 18896326144
2 18896326144
2 18896326144
2 18896326144
2 18896326144
2 18896326144
2 18896326144
2 18896326144
3 5803241472
3 5803241472
3 5803241472
3 5803241472
3 5803241472
3 5803241472
3 5803241472
3 5803241472
4 5540048384
4 5540048384
44  55400483845540048384

44  55400483845540048384

4 5540048384
4 5540048384
1 5540048384
1 5540048384
1 5540048384
1 5540048384
1 5540048384
1 5540048384
1 5540048384
1 5540048384
2 18896326144
2 18896326144
2 18896326144
2 18896326144
2 18896326144
2 18896326144
2 18894228992
2 18893180416
3 5803241472
3 5803241472
3 5803241472
3 5803241472
3 5803241472
3 5803241472
3 5803241472
3 5803241472
44 5540048384
4 5540048384
4 5540048384
Epoch 1, Step 50, Loss: 2.176064968109131
 5540048384
44 45540048384 4
5540048384
 5540048384
 5540048384
1 5540048384
1 5540048384
1 5540048384
1 5540048384
1 5540048384
1 5540048384
1 5540048384
1 5540048384
2 18896326144
2 18896326144
2 18896326144
2 18894228992
2 18896326144
2 18893180416
2 18896326144
2 18892131840
3 5803241472
3 5803241472
3 5803241472
3 5803241472
3 5803241472
3 5803241472
3 5803241472
3 5803241472
4 5540048384
4 5540048384
4 5540048384
4 5540048384
4 5540048384
4 5540048384
4 5540048384
4 5540048384
1 5540048384
1 5540048384
1 5540048384
1 5540048384
1 5540048384
1 5540048384
1 5540048384
1 5540048384
2 18896326144
2 18896326144
2 18895277568
2 18896326144
2 18896326144
2 18896326144
2 18896326144
2 18896326144
3 5803241472
3 5803241472
3 5803241472
3 5803241472
33 5803241472
 5803241472
3 5803241472
3 5803241472
4 5540048384
4 5540048384
4 5540048384
4 4 5540048384
5540048384
44 5540048384
 5540048384
4 5540048384
1 5540048384
1 5540048384
1 5540048384
1 5540048384
1 5540048384
1 5540048384
1 5540048384
1 5540048384
2 18896326144
2 18896326144
2 18896326144
2 18896326144
2 18896326144
2 18896326144
2 18896326144
2 18896326144
3 5803241472
33 5803241472
 5803241472
3 5803241472
3 5803241472
3 5803241472
33 5803241472
 5803241472
4 44  55400483845540048384

44 5540048384
5540048384
 5540048384
4 5540048384
4 5540048384
4 5540048384
11 5540048384
 5540048384
1 5540048384
1 5540048384
1 5540048384
1 5540048384
1 5540048384
1 5540048384
2 18896326144
2 18895277568
2 18896326144
2 18896326144
2 18896326144
2 18896326144
2 18896326144
2 18896326144
srun: Job step aborted: Waiting up to 7 seconds for job step to finish.
W1213 18:30:28.431838 139955533633344 torch/distributed/elastic/agent/server/api.py:688] Received Signals.SIGTERM death signal, shutting down workers
W1213 18:30:28.432460 139955533633344 torch/distributed/elastic/multiprocessing/api.py:858] Sending process 1266860 closing signal SIGTERM
W1213 18:30:28.432646 139955533633344 torch/distributed/elastic/multiprocessing/api.py:858] Sending process 1266861 closing signal SIGTERM
W1213 18:30:28.432888 139955533633344 torch/distributed/elastic/multiprocessing/api.py:858] Sending process 1266862 closing signal SIGTERM
W1213 18:30:28.433044 139955533633344 torch/distributed/elastic/multiprocessing/api.py:858] Sending process 1266863 closing signal SIGTERM
slurmstepd: error: *** STEP 1122101.0 ON a02 CANCELLED AT 2024-12-13T18:30:28 ***
W1213 18:30:28.460305 139789421557568 torch/distributed/elastic/agent/server/api.py:688] Received Signals.SIGTERM death signal, shutting down workers
slurmstepd: error: *** JOB 1122101 ON a02 CANCELLED AT 2024-12-13T18:30:28 ***
W1213 18:30:28.461297 139789421557568 torch/distributed/elastic/multiprocessing/api.py:858] Sending process 798261 closing signal SIGTERM
W1213 18:30:28.461524 139789421557568 torch/distributed/elastic/multiprocessing/api.py:858] Sending process 798262 closing signal SIGTERM
W1213 18:30:28.461676 139789421557568 torch/distributed/elastic/multiprocessing/api.py:858] Sending process 798263 closing signal SIGTERM
W1213 18:30:28.461837 139789421557568 torch/distributed/elastic/multiprocessing/api.py:858] Sending process 798264 closing signal SIGTERM
