[2024-12-13 18:32:02,528] [INFO] [real_accelerator.py:219:get_accelerator] Setting ds_accelerator to cuda (auto detect)
[2024-12-13 18:32:02,554] [INFO] [real_accelerator.py:219:get_accelerator] Setting ds_accelerator to cuda (auto detect)
[2024-12-13 18:32:02,537] [INFO] [real_accelerator.py:219:get_accelerator] Setting ds_accelerator to cuda (auto detect)
[2024-12-13 18:32:02,538] [INFO] [real_accelerator.py:219:get_accelerator] Setting ds_accelerator to cuda (auto detect)
[2024-12-13 18:32:02,539] [INFO] [real_accelerator.py:219:get_accelerator] Setting ds_accelerator to cuda (auto detect)
[2024-12-13 18:32:02,564] [INFO] [real_accelerator.py:219:get_accelerator] Setting ds_accelerator to cuda (auto detect)
[2024-12-13 18:32:02,565] [INFO] [real_accelerator.py:219:get_accelerator] Setting ds_accelerator to cuda (auto detect)
[2024-12-13 18:32:02,565] [INFO] [real_accelerator.py:219:get_accelerator] Setting ds_accelerator to cuda (auto detect)
Warning: The cache directory for DeepSpeed Triton autotune, /home/s0/shpc125/.triton/autotune, appears to be on an NFS system. While this is generally acceptable, if you experience slowdowns or hanging when DeepSpeed exits, it is recommended to set the TRITON_CACHE_DIR environment variable to a non-NFS path.Warning: The cache directory for DeepSpeed Triton autotune, /home/s0/shpc125/.triton/autotune, appears to be on an NFS system. While this is generally acceptable, if you experience slowdowns or hanging when DeepSpeed exits, it is recommended to set the TRITON_CACHE_DIR environment variable to a non-NFS path.
Warning: The cache directory for DeepSpeed Triton autotune, /home/s0/shpc125/.triton/autotune, appears to be on an NFS system. While this is generally acceptable, if you experience slowdowns or hanging when DeepSpeed exits, it is recommended to set the TRITON_CACHE_DIR environment variable to a non-NFS path.

Warning: The cache directory for DeepSpeed Triton autotune, /home/s0/shpc125/.triton/autotune, appears to be on an NFS system. While this is generally acceptable, if you experience slowdowns or hanging when DeepSpeed exits, it is recommended to set the TRITON_CACHE_DIR environment variable to a non-NFS path.
Warning: The cache directory for DeepSpeed Triton autotune, /home/s0/shpc125/.triton/autotune, appears to be on an NFS system. While this is generally acceptable, if you experience slowdowns or hanging when DeepSpeed exits, it is recommended to set the TRITON_CACHE_DIR environment variable to a non-NFS path.Warning: The cache directory for DeepSpeed Triton autotune, /home/s0/shpc125/.triton/autotune, appears to be on an NFS system. While this is generally acceptable, if you experience slowdowns or hanging when DeepSpeed exits, it is recommended to set the TRITON_CACHE_DIR environment variable to a non-NFS path.
Warning: The cache directory for DeepSpeed Triton autotune, /home/s0/shpc125/.triton/autotune, appears to be on an NFS system. While this is generally acceptable, if you experience slowdowns or hanging when DeepSpeed exits, it is recommended to set the TRITON_CACHE_DIR environment variable to a non-NFS path.
Warning: The cache directory for DeepSpeed Triton autotune, /home/s0/shpc125/.triton/autotune, appears to be on an NFS system. While this is generally acceptable, if you experience slowdowns or hanging when DeepSpeed exits, it is recommended to set the TRITON_CACHE_DIR environment variable to a non-NFS path.

[2024-12-13 18:33:00,240] [INFO] [comm.py:652:init_distributed] cdb=None
[2024-12-13 18:33:00,248] [INFO] [config.py:733:__init__] Config mesh_device None world_size = 8
[2024-12-13 18:33:00,492] [INFO] [comm.py:652:init_distributed] cdb=None
[2024-12-13 18:33:00,500] [INFO] [config.py:733:__init__] Config mesh_device None world_size = 8
[2024-12-13 18:33:00,538] [INFO] [comm.py:652:init_distributed] cdb=None
[2024-12-13 18:33:00,546] [INFO] [config.py:733:__init__] Config mesh_device None world_size = 8
[2024-12-13 18:33:00,538] [INFO] [comm.py:652:init_distributed] cdb=None
[2024-12-13 18:33:00,547] [INFO] [config.py:733:__init__] Config mesh_device None world_size = 8
[2024-12-13 18:33:00,582] [INFO] [comm.py:652:init_distributed] cdb=None
[2024-12-13 18:33:00,582] [INFO] [comm.py:683:init_distributed] Initializing TorchBackend in DeepSpeed with backend nccl
[2024-12-13 18:33:00,587] [INFO] [logging.py:128:log_dist] [Rank 0] DeepSpeed info: version=0.16.0, git-hash=unknown, git-branch=unknown
[2024-12-13 18:33:00,587] [INFO] [config.py:733:__init__] Config mesh_device None world_size = 8
[2024-12-13 18:33:00,634] [INFO] [comm.py:652:init_distributed] cdb=None
[2024-12-13 18:33:00,644] [INFO] [config.py:733:__init__] Config mesh_device None world_size = 8
[2024-12-13 18:33:00,671] [INFO] [comm.py:652:init_distributed] cdb=None
[2024-12-13 18:33:00,675] [INFO] [config.py:733:__init__] Config mesh_device None world_size = 8
[2024-12-13 18:33:00,838] [INFO] [comm.py:652:init_distributed] cdb=None
[2024-12-13 18:33:00,848] [INFO] [config.py:733:__init__] Config mesh_device None world_size = 8
[2024-12-13 18:33:05,485] [INFO] [logging.py:128:log_dist] [Rank 0] DeepSpeed Flops Profiler Enabled: False
Using /home/s0/shpc125/.cache/torch_extensions/py38_cu118 as PyTorch extensions root...
Using /home/s0/shpc125/.cache/torch_extensions/py38_cu118 as PyTorch extensions root...
Using /home/s0/shpc125/.cache/torch_extensions/py38_cu118 as PyTorch extensions root...
Using /home/s0/shpc125/.cache/torch_extensions/py38_cu118 as PyTorch extensions root...
Using /home/s0/shpc125/.cache/torch_extensions/py38_cu118 as PyTorch extensions root...
Using /home/s0/shpc125/.cache/torch_extensions/py38_cu118 as PyTorch extensions root...
Using /home/s0/shpc125/.cache/torch_extensions/py38_cu118 as PyTorch extensions root...
Using /home/s0/shpc125/.cache/torch_extensions/py38_cu118 as PyTorch extensions root...
Emitting ninja build file /home/s0/shpc125/.cache/torch_extensions/py38_cu118/cpu_adam/build.ninja...
Building extension module cpu_adam...
Allowing ninja to set a default number of workers... (overridable by setting the environment variable MAX_JOBS=N)
ninja: no work to do.
Loading extension module cpu_adam...
Loading extension module cpu_adam...Loading extension module cpu_adam...Loading extension module cpu_adam...


Time to load cpu_adam op: 3.3856704235076904 secondsTime to load cpu_adam op: 3.348071813583374 secondsTime to load cpu_adam op: 3.340498685836792 seconds

Time to load cpu_adam op: 3.396202564239502 seconds

Adam Optimizer #0 is created with AVX512 arithmetic capability.
Adam Optimizer #0 is created with AVX512 arithmetic capability.
Config: alpha=0.000100, betas=(0.900000, 0.999000), weight_decay=0.000000, adam_w=1
Adam Optimizer #0 is created with AVX512 arithmetic capability.
Config: alpha=0.000100, betas=(0.900000, 0.999000), weight_decay=0.000000, adam_w=1
Adam Optimizer #0 is created with AVX512 arithmetic capability.
Config: alpha=0.000100, betas=(0.900000, 0.999000), weight_decay=0.000000, adam_w=1
Config: alpha=0.000100, betas=(0.900000, 0.999000), weight_decay=0.000000, adam_w=1
Loading extension module cpu_adam...
Time to load cpu_adam op: 5.7542219161987305 seconds
Adam Optimizer #0 is created with AVX512 arithmetic capability.
Config: alpha=0.000100, betas=(0.900000, 0.999000), weight_decay=0.000000, adam_w=1
[2024-12-13 18:33:12,898] [INFO] [logging.py:128:log_dist] [Rank 0] Using DeepSpeed Optimizer param name adam as basic optimizer
[2024-12-13 18:33:12,898] [INFO] [logging.py:128:log_dist] [Rank 0] Removing param_group that has no 'params' in the basic Optimizer
[2024-12-13 18:33:12,942] [INFO] [logging.py:128:log_dist] [Rank 0] DeepSpeed Basic Optimizer = DeepSpeedCPUAdam
[2024-12-13 18:33:12,942] [INFO] [utils.py:59:is_zero_supported_optimizer] Checking ZeRO support for optimizer=DeepSpeedCPUAdam type=<class 'deepspeed.ops.adam.cpu_adam.DeepSpeedCPUAdam'>
[2024-12-13 18:33:12,942] [INFO] [logging.py:128:log_dist] [Rank 0] Creating torch.float32 ZeRO stage 2 optimizer
[2024-12-13 18:33:12,943] [INFO] [stage_1_and_2.py:149:__init__] Reduce bucket size 500000000
[2024-12-13 18:33:12,943] [INFO] [stage_1_and_2.py:150:__init__] Allgather bucket size 500000000
[2024-12-13 18:33:12,943] [INFO] [stage_1_and_2.py:151:__init__] CPU Offload: True
[2024-12-13 18:33:12,943] [INFO] [stage_1_and_2.py:152:__init__] Round robin gradient partitioning: False
Loading extension module cpu_adam...
Loading extension module cpu_adam...
Loading extension module cpu_adam...
Time to load cpu_adam op: 5.877739429473877 seconds
Adam Optimizer #0 is created with AVX512 arithmetic capability.
Config: alpha=0.000100, betas=(0.900000, 0.999000), weight_decay=0.000000, adam_w=1
Time to load cpu_adam op: 5.823339462280273 seconds
Adam Optimizer #0 is created with AVX512 arithmetic capability.
Config: alpha=0.000100, betas=(0.900000, 0.999000), weight_decay=0.000000, adam_w=1
Time to load cpu_adam op: 5.837121248245239 seconds
Adam Optimizer #0 is created with AVX512 arithmetic capability.
Config: alpha=0.000100, betas=(0.900000, 0.999000), weight_decay=0.000000, adam_w=1
[2024-12-13 18:33:24,114] [INFO] [utils.py:781:see_memory_usage] Before initializing optimizer states
[2024-12-13 18:33:24,115] [INFO] [utils.py:782:see_memory_usage] MA 3.16 GB         Max_MA 3.16 GB         CA 3.16 GB         Max_CA 3 GB 
[2024-12-13 18:33:24,116] [INFO] [utils.py:789:see_memory_usage] CPU Virtual Memory:  used = 31.29 GB, percent = 6.2%
[2024-12-13 18:33:24,875] [INFO] [utils.py:781:see_memory_usage] After initializing optimizer states
[2024-12-13 18:33:24,877] [INFO] [utils.py:782:see_memory_usage] MA 3.16 GB         Max_MA 3.16 GB         CA 3.16 GB         Max_CA 3 GB 
[2024-12-13 18:33:24,877] [INFO] [utils.py:789:see_memory_usage] CPU Virtual Memory:  used = 32.02 GB, percent = 6.4%
[2024-12-13 18:33:24,877] [INFO] [stage_1_and_2.py:544:__init__] optimizer state initialized
[2024-12-13 18:33:25,107] [INFO] [utils.py:781:see_memory_usage] After initializing ZeRO optimizer
[2024-12-13 18:33:25,108] [INFO] [utils.py:782:see_memory_usage] MA 3.16 GB         Max_MA 3.16 GB         CA 3.16 GB         Max_CA 3 GB 
[2024-12-13 18:33:25,109] [INFO] [utils.py:789:see_memory_usage] CPU Virtual Memory:  used = 32.02 GB, percent = 6.4%
[2024-12-13 18:33:25,110] [INFO] [logging.py:128:log_dist] [Rank 0] DeepSpeed Final Optimizer = DeepSpeedZeroOptimizer
[2024-12-13 18:33:25,111] [INFO] [logging.py:128:log_dist] [Rank 0] DeepSpeed using configured LR scheduler = None
[2024-12-13 18:33:25,111] [INFO] [logging.py:128:log_dist] [Rank 0] DeepSpeed LR Scheduler = None
[2024-12-13 18:33:25,111] [INFO] [logging.py:128:log_dist] [Rank 0] step=0, skipped=0, lr=[0.0001], mom=[(0.9, 0.999)]
[2024-12-13 18:33:25,112] [INFO] [config.py:999:print] DeepSpeedEngine configuration:
[2024-12-13 18:33:25,112] [INFO] [config.py:1003:print]   activation_checkpointing_config  {
    "partition_activations": false, 
    "contiguous_memory_optimization": false, 
    "cpu_checkpointing": false, 
    "number_checkpoints": null, 
    "synchronize_checkpoint_boundary": false, 
    "profile": false
}
[2024-12-13 18:33:25,113] [INFO] [config.py:1003:print]   aio_config ................... {'block_size': 1048576, 'queue_depth': 8, 'thread_count': 1, 'single_submit': False, 'overlap_events': True, 'use_gds': False}
[2024-12-13 18:33:25,113] [INFO] [config.py:1003:print]   amp_enabled .................. False
[2024-12-13 18:33:25,113] [INFO] [config.py:1003:print]   amp_params ................... False
[2024-12-13 18:33:25,113] [INFO] [config.py:1003:print]   autotuning_config ............ {
    "enabled": false, 
    "start_step": null, 
    "end_step": null, 
    "metric_path": null, 
    "arg_mappings": null, 
    "metric": "throughput", 
    "model_info": null, 
    "results_dir": "autotuning_results", 
    "exps_dir": "autotuning_exps", 
    "overwrite": true, 
    "fast": true, 
    "start_profile_step": 3, 
    "end_profile_step": 5, 
    "tuner_type": "gridsearch", 
    "tuner_early_stopping": 5, 
    "tuner_num_trials": 50, 
    "model_info_path": null, 
    "mp_size": 1, 
    "max_train_batch_size": null, 
    "min_train_batch_size": 1, 
    "max_train_micro_batch_size_per_gpu": 1.024000e+03, 
    "min_train_micro_batch_size_per_gpu": 1, 
    "num_tuning_micro_batch_sizes": 3
}
[2024-12-13 18:33:25,113] [INFO] [config.py:1003:print]   bfloat16_enabled ............. False
[2024-12-13 18:33:25,113] [INFO] [config.py:1003:print]   bfloat16_immediate_grad_update  False
[2024-12-13 18:33:25,113] [INFO] [config.py:1003:print]   checkpoint_parallel_write_pipeline  False
[2024-12-13 18:33:25,113] [INFO] [config.py:1003:print]   checkpoint_tag_validation_enabled  True
[2024-12-13 18:33:25,113] [INFO] [config.py:1003:print]   checkpoint_tag_validation_fail  False
[2024-12-13 18:33:25,113] [INFO] [config.py:1003:print]   comms_config ................. <deepspeed.comm.config.DeepSpeedCommsConfig object at 0x7f4e3873e8e0>
[2024-12-13 18:33:25,113] [INFO] [config.py:1003:print]   communication_data_type ...... None
[2024-12-13 18:33:25,113] [INFO] [config.py:1003:print]   compression_config ........... {'weight_quantization': {'shared_parameters': {'enabled': False, 'quantizer_kernel': False, 'schedule_offset': 0, 'quantize_groups': 1, 'quantize_verbose': False, 'quantization_type': 'symmetric', 'quantize_weight_in_forward': False, 'rounding': 'nearest', 'fp16_mixed_quantize': False, 'quantize_change_ratio': 0.001}, 'different_groups': {}}, 'activation_quantization': {'shared_parameters': {'enabled': False, 'quantization_type': 'symmetric', 'range_calibration': 'dynamic', 'schedule_offset': 1000}, 'different_groups': {}}, 'sparse_pruning': {'shared_parameters': {'enabled': False, 'method': 'l1', 'schedule_offset': 1000}, 'different_groups': {}}, 'row_pruning': {'shared_parameters': {'enabled': False, 'method': 'l1', 'schedule_offset': 1000}, 'different_groups': {}}, 'head_pruning': {'shared_parameters': {'enabled': False, 'method': 'topk', 'schedule_offset': 1000}, 'different_groups': {}}, 'channel_pruning': {'shared_parameters': {'enabled': False, 'method': 'l1', 'schedule_offset': 1000}, 'different_groups': {}}, 'layer_reduction': {'enabled': False}}
[2024-12-13 18:33:25,113] [INFO] [config.py:1003:print]   curriculum_enabled_legacy .... False
[2024-12-13 18:33:25,113] [INFO] [config.py:1003:print]   curriculum_params_legacy ..... False
[2024-12-13 18:33:25,113] [INFO] [config.py:1003:print]   data_efficiency_config ....... {'enabled': False, 'seed': 1234, 'data_sampling': {'enabled': False, 'num_epochs': 1000, 'num_workers': 0, 'curriculum_learning': {'enabled': False}}, 'data_routing': {'enabled': False, 'random_ltd': {'enabled': False, 'layer_token_lr_schedule': {'enabled': False}}}}
[2024-12-13 18:33:25,114] [INFO] [config.py:1003:print]   data_efficiency_enabled ...... False
[2024-12-13 18:33:25,114] [INFO] [config.py:1003:print]   dataloader_drop_last ......... False
[2024-12-13 18:33:25,114] [INFO] [config.py:1003:print]   disable_allgather ............ False
[2024-12-13 18:33:25,114] [INFO] [config.py:1003:print]   dump_state ................... False
[2024-12-13 18:33:25,114] [INFO] [config.py:1003:print]   dynamic_loss_scale_args ...... None
[2024-12-13 18:33:25,114] [INFO] [config.py:1003:print]   eigenvalue_enabled ........... False
[2024-12-13 18:33:25,114] [INFO] [config.py:1003:print]   eigenvalue_gas_boundary_resolution  1
[2024-12-13 18:33:25,114] [INFO] [config.py:1003:print]   eigenvalue_layer_name ........ bert.encoder.layer
[2024-12-13 18:33:25,114] [INFO] [config.py:1003:print]   eigenvalue_layer_num ......... 0
[2024-12-13 18:33:25,114] [INFO] [config.py:1003:print]   eigenvalue_max_iter .......... 100
[2024-12-13 18:33:25,114] [INFO] [config.py:1003:print]   eigenvalue_stability ......... 1e-06
[2024-12-13 18:33:25,114] [INFO] [config.py:1003:print]   eigenvalue_tol ............... 0.01
[2024-12-13 18:33:25,114] [INFO] [config.py:1003:print]   eigenvalue_verbose ........... False
[2024-12-13 18:33:25,114] [INFO] [config.py:1003:print]   elasticity_enabled ........... False
[2024-12-13 18:33:25,114] [INFO] [config.py:1003:print]   flops_profiler_config ........ {
    "enabled": false, 
    "recompute_fwd_factor": 0.0, 
    "profile_step": 1, 
    "module_depth": -1, 
    "top_modules": 1, 
    "detailed": true, 
    "output_file": null
}
[2024-12-13 18:33:25,114] [INFO] [config.py:1003:print]   fp16_auto_cast ............... None
[2024-12-13 18:33:25,114] [INFO] [config.py:1003:print]   fp16_enabled ................. False
[2024-12-13 18:33:25,114] [INFO] [config.py:1003:print]   fp16_master_weights_and_gradients  False
[2024-12-13 18:33:25,114] [INFO] [config.py:1003:print]   global_rank .................. 0
[2024-12-13 18:33:25,114] [INFO] [config.py:1003:print]   grad_accum_dtype ............. None
[2024-12-13 18:33:25,114] [INFO] [config.py:1003:print]   gradient_accumulation_steps .. 32
[2024-12-13 18:33:25,114] [INFO] [config.py:1003:print]   gradient_clipping ............ 0.0
[2024-12-13 18:33:25,114] [INFO] [config.py:1003:print]   gradient_predivide_factor .... 1.0
[2024-12-13 18:33:25,114] [INFO] [config.py:1003:print]   graph_harvesting ............. False
[2024-12-13 18:33:25,115] [INFO] [config.py:1003:print]   hybrid_engine ................ enabled=False max_out_tokens=512 inference_tp_size=1 release_inference_cache=False pin_parameters=True tp_gather_partition_size=8
[2024-12-13 18:33:25,115] [INFO] [config.py:1003:print]   initial_dynamic_scale ........ 65536
[2024-12-13 18:33:25,115] [INFO] [config.py:1003:print]   load_universal_checkpoint .... False
[2024-12-13 18:33:25,115] [INFO] [config.py:1003:print]   loss_scale ................... 0
[2024-12-13 18:33:25,115] [INFO] [config.py:1003:print]   memory_breakdown ............. False
[2024-12-13 18:33:25,115] [INFO] [config.py:1003:print]   mics_hierarchial_params_gather  False
[2024-12-13 18:33:25,115] [INFO] [config.py:1003:print]   mics_shard_size .............. -1
[2024-12-13 18:33:25,115] [INFO] [config.py:1003:print]   monitor_config ............... tensorboard=TensorBoardConfig(enabled=False, output_path='', job_name='DeepSpeedJobName') comet=CometConfig(enabled=False, samples_log_interval=100, project=None, workspace=None, api_key=None, experiment_name=None, experiment_key=None, online=None, mode=None) wandb=WandbConfig(enabled=False, group=None, team=None, project='deepspeed') csv_monitor=CSVConfig(enabled=False, output_path='', job_name='DeepSpeedJobName')
[2024-12-13 18:33:25,115] [INFO] [config.py:1003:print]   nebula_config ................ {
    "enabled": false, 
    "persistent_storage_path": null, 
    "persistent_time_interval": 100, 
    "num_of_version_in_retention": 2, 
    "enable_nebula_load": true, 
    "load_path": null
}
[2024-12-13 18:33:25,115] [INFO] [config.py:1003:print]   optimizer_legacy_fusion ...... False
[2024-12-13 18:33:25,115] [INFO] [config.py:1003:print]   optimizer_name ............... adam
[2024-12-13 18:33:25,115] [INFO] [config.py:1003:print]   optimizer_params ............. {'lr': 0.0001}
[2024-12-13 18:33:25,115] [INFO] [config.py:1003:print]   pipeline ..................... {'stages': 'auto', 'partition': 'best', 'seed_layers': False, 'activation_checkpoint_interval': 0, 'pipe_partitioned': True, 'grad_partitioned': True}
[2024-12-13 18:33:25,115] [INFO] [config.py:1003:print]   pld_enabled .................. False
[2024-12-13 18:33:25,115] [INFO] [config.py:1003:print]   pld_params ................... False
[2024-12-13 18:33:25,115] [INFO] [config.py:1003:print]   prescale_gradients ........... False
[2024-12-13 18:33:25,115] [INFO] [config.py:1003:print]   scheduler_name ............... None
[2024-12-13 18:33:25,115] [INFO] [config.py:1003:print]   scheduler_params ............. None
[2024-12-13 18:33:25,115] [INFO] [config.py:1003:print]   seq_parallel_communication_data_type  torch.float32
[2024-12-13 18:33:25,115] [INFO] [config.py:1003:print]   sparse_attention ............. None
[2024-12-13 18:33:25,115] [INFO] [config.py:1003:print]   sparse_gradients_enabled ..... False
[2024-12-13 18:33:25,116] [INFO] [config.py:1003:print]   steps_per_print .............. None
[2024-12-13 18:33:25,116] [INFO] [config.py:1003:print]   timers_config ................ enabled=True synchronized=True
[2024-12-13 18:33:25,116] [INFO] [config.py:1003:print]   train_batch_size ............. 512
[2024-12-13 18:33:25,116] [INFO] [config.py:1003:print]   train_micro_batch_size_per_gpu  2
[2024-12-13 18:33:25,116] [INFO] [config.py:1003:print]   use_data_before_expert_parallel_  False
[2024-12-13 18:33:25,116] [INFO] [config.py:1003:print]   use_node_local_storage ....... False
[2024-12-13 18:33:25,116] [INFO] [config.py:1003:print]   wall_clock_breakdown ......... False
[2024-12-13 18:33:25,116] [INFO] [config.py:1003:print]   weight_quantization_config ... None
[2024-12-13 18:33:25,116] [INFO] [config.py:1003:print]   world_size ................... 8
[2024-12-13 18:33:25,116] [INFO] [config.py:1003:print]   zero_allow_untested_optimizer  False
[2024-12-13 18:33:25,116] [INFO] [config.py:1003:print]   zero_config .................. stage=2 contiguous_gradients=True reduce_scatter=True reduce_bucket_size=500000000 use_multi_rank_bucket_allreduce=True allgather_partitions=True allgather_bucket_size=500000000 overlap_comm=False load_from_fp32_weights=True elastic_checkpoint=False offload_param=None offload_optimizer=DeepSpeedZeroOffloadOptimizerConfig(device='cpu', nvme_path=None, buffer_count=4, pin_memory=True, pipeline_read=False, pipeline_write=False, fast_init=False, ratio=1.0) sub_group_size=1000000000 cpu_offload_param=None cpu_offload_use_pin_memory=None cpu_offload=None prefetch_bucket_size=50000000 param_persistence_threshold=100000 model_persistence_threshold=9223372036854775807 max_live_parameters=1000000000 max_reuse_distance=1000000000 gather_16bit_weights_on_model_save=False module_granularity_threshold=0 use_all_reduce_for_fetch_params=False stage3_gather_fp16_weights_on_model_save=False ignore_unused_parameters=True legacy_stage1=False round_robin_gradients=False zero_hpz_partition_size=1 zero_quantized_weights=False zero_quantized_nontrainable_weights=False zero_quantized_gradients=False mics_shard_size=-1 mics_hierarchical_params_gather=False memory_efficient_linear=True pipeline_loading_checkpoint=False override_module_apply=True
[2024-12-13 18:33:25,116] [INFO] [config.py:1003:print]   zero_enabled ................. True
[2024-12-13 18:33:25,116] [INFO] [config.py:1003:print]   zero_force_ds_cpu_optimizer .. True
[2024-12-13 18:33:25,116] [INFO] [config.py:1003:print]   zero_optimization_stage ...... 2
[2024-12-13 18:33:25,116] [INFO] [config.py:989:print_user_config]   json = {
    "train_batch_size": 512, 
    "train_micro_batch_size_per_gpu": 2, 
    "zero_optimization": {
        "stage": 2, 
        "offload_optimizer": {
            "device": "cpu", 
            "pin_memory": true
        }
    }, 
    "optimizer": {
        "type": "Adam", 
        "params": {
            "lr": 0.0001
        }
    }
}
Epoch 1, Step 0, Loss: 10.54572868347168
Epoch 1, Step 10, Loss: 10.434710502624512
Epoch 1, Step 20, Loss: 10.375704765319824
Epoch 1, Step 30, Loss: 10.327720642089844
Epoch 1, Step 40, Loss: 1.8668826818466187
srun: Job step aborted: Waiting up to 7 seconds for job step to finish.
slurmstepd: error: *** STEP 1122121.0 ON a02 CANCELLED AT 2024-12-13T18:37:18 DUE TO TIME LIMIT ***
slurmstepd: error: *** JOB 1122121 ON a02 CANCELLED AT 2024-12-13T18:37:18 DUE TO TIME LIMIT ***
W1213 18:37:17.996270 140647672653632 torch/distributed/elastic/agent/server/api.py:688] Received Signals.SIGTERM death signal, shutting down workers
W1213 18:37:17.997290 140647672653632 torch/distributed/elastic/multiprocessing/api.py:858] Sending process 1267700 closing signal SIGTERM
W1213 18:37:17.997525 140647672653632 torch/distributed/elastic/multiprocessing/api.py:858] Sending process 1267701 closing signal SIGTERM
W1213 18:37:18.028529 139941734225728 torch/distributed/elastic/agent/server/api.py:688] Received Signals.SIGTERM death signal, shutting down workers
W1213 18:37:18.029396 139941734225728 torch/distributed/elastic/multiprocessing/api.py:858] Sending process 799166 closing signal SIGTERM
W1213 18:37:18.029584 139941734225728 torch/distributed/elastic/multiprocessing/api.py:858] Sending process 799167 closing signal SIGTERM
W1213 18:37:18.029738 139941734225728 torch/distributed/elastic/multiprocessing/api.py:858] Sending process 799168 closing signal SIGTERM
W1213 18:37:18.029891 139941734225728 torch/distributed/elastic/multiprocessing/api.py:858] Sending process 799169 closing signal SIGTERM
W1213 18:37:17.999713 140647672653632 torch/distributed/elastic/multiprocessing/api.py:858] Sending process 1267700 closing signal SIGTERM
W1213 18:37:17.999939 140647672653632 torch/distributed/elastic/multiprocessing/api.py:858] Sending process 1267701 closing signal SIGTERM
W1213 18:37:18.000038 140647672653632 torch/distributed/elastic/multiprocessing/api.py:858] Sending process 1267702 closing signal SIGTERM
W1213 18:37:18.000195 140647672653632 torch/distributed/elastic/multiprocessing/api.py:858] Sending process 1267703 closing signal SIGTERM
W1213 18:37:18.035823 139941734225728 torch/distributed/elastic/multiprocessing/api.py:858] Sending process 799166 closing signal SIGTERM
W1213 18:37:18.036011 139941734225728 torch/distributed/elastic/multiprocessing/api.py:858] Sending process 799167 closing signal SIGTERM
W1213 18:37:18.036105 139941734225728 torch/distributed/elastic/multiprocessing/api.py:858] Sending process 799168 closing signal SIGTERM
W1213 18:37:18.036188 139941734225728 torch/distributed/elastic/multiprocessing/api.py:858] Sending process 799169 closing signal SIGTERM
